<?xml version='1.0'?>
<ns2:test-suite xmlns:ns2='urn:model.allure.qatools.yandex.ru' start='1629857575264' stop='1629857585954'>
    <name>Give a name to newborn horse when logging in with magic link</name>
    <title>Give a name to newborn horse when logging in with magic link</title>
    <test-cases>
        <test-case start='1629857575264' status='failed' stop='1629857578836'>
            <name>Open ZedRun page and input valid email to generate magic link</name>
            <title>Open ZedRun page and input valid email to generate magic link</title>
            <labels/>
            <parameters/>
            <steps/>
            <attachments/>
            <failure>
                <message>Error: Unable to launch the url </message>
                <stack-trace>Error: Unable to launch the url 
                    at LoginPage.navigate (/Users/development/workspace/qa-automationtest/pages/LoginPage.js:33:13)
                    at /Users/development/workspace/qa-automationtest/tests/horse-nomination/mail-horse-nomination.test.js:38:7
                    at Object.&lt;anonymous> (/Users/development/workspace/qa-automationtest/node_modules/jest-retries/src/retry.js:32:17)</stack-trace>
            </failure>
        </test-case>
        <test-case start='1629857578836' status='passed' stop='1629857580878'>
            <name>Check mail inbox to get magic link</name>
            <title>Check mail inbox to get magic link</title>
            <labels/>
            <parameters/>
            <steps/>
            <attachments/>
        </test-case>
        <test-case start='1629857580878' status='failed' stop='1629857585882'>
            <name>Open new browser with magic link</name>
            <title>Open new browser with magic link</title>
            <labels/>
            <parameters/>
            <steps/>
            <attachments/>
            <failure>
                <message>: Timeout - Async callback was not invoked within the 5000 ms timeout specified by jest.setTimeout.</message>
                <stack-trace>Timeout - Async callback was not invoked within the 5000 ms timeout specified by jest.setTimeout.Error: 
                    at new Spec (/Users/development/workspace/qa-automationtest/node_modules/jest-jasmine2/build/jasmine/Spec.js:116:22)
                    at new Spec (/Users/development/workspace/qa-automationtest/node_modules/jest-jasmine2/build/setup_jest_globals.js:78:9)
                    at specFactory (/Users/development/workspace/qa-automationtest/node_modules/jest-jasmine2/build/jasmine/Env.js:523:24)
                    at Env.it (/Users/development/workspace/qa-automationtest/node_modules/jest-jasmine2/build/jasmine/Env.js:592:24)
                    at Env.it (/Users/development/workspace/qa-automationtest/node_modules/jest-jasmine2/build/jasmineAsyncInstall.js:134:23)
                    at it (/Users/development/workspace/qa-automationtest/node_modules/jest-jasmine2/build/jasmine/jasmineLight.js:100:21)
                    at wrapped (/Users/development/workspace/qa-automationtest/node_modules/jest-jasmine2/build/index.js:98:20)
                    at test (/Users/development/workspace/qa-automationtest/node_modules/jest-retries/src/retry.js:28:5)
                    at Suite.&lt;anonymous> (/Users/development/workspace/qa-automationtest/tests/horse-nomination/mail-horse-nomination.test.js:52:3)
                    at addSpecsToSuite (/Users/development/workspace/qa-automationtest/node_modules/jest-jasmine2/build/jasmine/Env.js:444:51)
                    at Env.describe (/Users/development/workspace/qa-automationtest/node_modules/jest-jasmine2/build/jasmine/Env.js:414:11)
                    at describe (/Users/development/workspace/qa-automationtest/node_modules/jest-jasmine2/build/jasmine/jasmineLight.js:88:18)
                    at Object.&lt;anonymous> (/Users/development/workspace/qa-automationtest/tests/horse-nomination/mail-horse-nomination.test.js:31:1)
                    at Runtime._execModule (/Users/development/workspace/qa-automationtest/node_modules/jest-runtime/build/index.js:1299:24)
                    at Runtime._loadModule (/Users/development/workspace/qa-automationtest/node_modules/jest-runtime/build/index.js:898:12)
                    at Runtime.requireModule (/Users/development/workspace/qa-automationtest/node_modules/jest-runtime/build/index.js:746:10)
                    at jasmine2 (/Users/development/workspace/qa-automationtest/node_modules/jest-jasmine2/build/index.js:230:13)
                    at runTestInternal (/Users/development/workspace/qa-automationtest/node_modules/jest-runner/build/runTest.js:380:22)
                    at processTicksAndRejections (internal/process/task_queues.js:95:5)
                    at runTest (/Users/development/workspace/qa-automationtest/node_modules/jest-runner/build/runTest.js:472:34)
                    at Object.worker (/Users/development/workspace/qa-automationtest/node_modules/jest-runner/build/testWorker.js:133:12)</stack-trace>
            </failure>
        </test-case>
        <test-case start='1629857585882' status='failed' stop='1629857585954'>
            <name>Wait until wallet icon is shown</name>
            <title>Wait until wallet icon is shown</title>
            <labels/>
            <parameters/>
            <steps/>
            <attachments/>
            <failure>
                <message>Error: Target page, context or browser has been closed</message>
                <stack-trace>Target page, context or browser has been closed
                Error: 
                    at Object.captureStackTrace (/Users/development/workspace/qa-automationtest/node_modules/playwright/lib/utils/stackTrace.js:48:19)
                    at Connection.sendMessageToServer (/Users/development/workspace/qa-automationtest/node_modules/playwright/lib/client/connection.js:69:48)
                    at Proxy.&lt;anonymous> (/Users/development/workspace/qa-automationtest/node_modules/playwright/lib/client/channelOwner.js:64:61)
                    at Page.setDefaultTimeout (/Users/development/workspace/qa-automationtest/node_modules/playwright/lib/client/page.js:215:23)
                    at new HomePage (/Users/development/workspace/qa-automationtest/pages/HomePage.js:34:15)
                    at /Users/development/workspace/qa-automationtest/tests/horse-nomination/mail-horse-nomination.test.js:62:16
                    at /Users/development/workspace/qa-automationtest/node_modules/jest-retries/src/retry.js:3:24
                    at new Promise (&lt;anonymous>)
                    at runTest (/Users/development/workspace/qa-automationtest/node_modules/jest-retries/src/retry.js:2:12)
                    at Object.&lt;anonymous> (/Users/development/workspace/qa-automationtest/node_modules/jest-retries/src/retry.js:32:23)
                    at Object.asyncJestTest (/Users/development/workspace/qa-automationtest/node_modules/jest-jasmine2/build/jasmineAsyncInstall.js:106:37)
                    at /Users/development/workspace/qa-automationtest/node_modules/jest-jasmine2/build/queueRunner.js:45:12
                    at new Promise (&lt;anonymous>)
                    at mapper (/Users/development/workspace/qa-automationtest/node_modules/jest-jasmine2/build/queueRunner.js:28:19)
                    at /Users/development/workspace/qa-automationtest/node_modules/jest-jasmine2/build/queueRunner.js:75:41</stack-trace>
            </failure>
        </test-case>
    </test-cases>
</ns2:test-suite>