<?xml version='1.0'?>
<ns2:test-suite xmlns:ns2='urn:model.allure.qatools.yandex.ru' start='1627438801408' stop='1627438843569'>
    <name>Login to ZedRun with Metamask</name>
    <title>Login to ZedRun with Metamask</title>
    <test-cases>
        <test-case start='1627438801409' status='passed' stop='1627438805653'>
            <name>Update metamask info</name>
            <title>Update metamask info</title>
            <labels/>
            <parameters/>
            <steps/>
            <attachments/>
        </test-case>
        <test-case start='1627438805653' status='failed' stop='1627438819596'>
            <name>Open ZedRun page and click Connnect Metamask</name>
            <title>Open ZedRun page and click Connnect Metamask</title>
            <labels/>
            <parameters/>
            <steps/>
            <attachments/>
            <failure>
                <message>Error: page.click: selector: expected string, got undefined</message>
                <stack-trace>Error: page.click: selector: expected string, got undefined
                    at Object.&lt;anonymous>.exports.tString (/Users/davidle/qa-automationtest/node_modules/playwright/lib/protocol/validatorPrimitives.js:42:11)
                    at /Users/davidle/qa-automationtest/node_modules/playwright/lib/protocol/validatorPrimitives.js:81:27
                    at Proxy.&lt;anonymous> (/Users/davidle/qa-automationtest/node_modules/playwright/lib/client/channelOwner.js:44:93)
                    at _wrapApiCall (/Users/davidle/qa-automationtest/node_modules/playwright/lib/client/frame.js:257:40)
                    at Frame._wrapApiCall (/Users/davidle/qa-automationtest/node_modules/playwright/lib/client/channelOwner.js:72:34)
                    at Frame.click (/Users/davidle/qa-automationtest/node_modules/playwright/lib/client/frame.js:256:21)
                    at _attributeToPage (/Users/davidle/qa-automationtest/node_modules/playwright/lib/client/page.js:406:60)
                    at Page._attributeToPage (/Users/davidle/qa-automationtest/node_modules/playwright/lib/client/page.js:205:20)
                    at Page.click (/Users/davidle/qa-automationtest/node_modules/playwright/lib/client/page.js:406:21)
                    at MetamaskFactory.clickNewPage (/Users/davidle/qa-automationtest/utils/browser/metamaskFactory.js:63:12)
                    at test (/Users/davidle/qa-automationtest/tests/login/metamask.test.js:56:58)</stack-trace>
            </failure>
        </test-case>
        <test-case start='1627438819596' status='failed' stop='1627438843568'>
            <name>Check that avatar is shown</name>
            <title>Check that avatar is shown</title>
            <labels/>
            <parameters/>
            <steps/>
            <attachments/>
            <failure>
                <message>Error: Target page, context or browser has been closed</message>
                <stack-trace>Target page, context or browser has been closed: 
                    at Connection.sendMessageToServer (/Users/davidle/qa-automationtest/node_modules/playwright/lib/client/connection.js:69:15)
                    at Proxy.&lt;anonymous> (/Users/davidle/qa-automationtest/node_modules/playwright/lib/client/channelOwner.js:44:61)
                    at Page.setDefaultTimeout (/Users/davidle/qa-automationtest/node_modules/playwright/lib/client/page.js:189:23)
                    at new HomePage (/Users/davidle/qa-automationtest/pages/HomePage.js:34:15)
                    at test (/Users/davidle/qa-automationtest/tests/login/metamask.test.js:83:16)
                    at Promise (/Users/davidle/qa-automationtest/node_modules/jest-retries/src/retry.js:3:24)
                    at new Promise (&lt;anonymous>)
                    at runTest (/Users/davidle/qa-automationtest/node_modules/jest-retries/src/retry.js:2:12)
                    at Object.test (/Users/davidle/qa-automationtest/node_modules/jest-retries/src/retry.js:32:23)</stack-trace>
            </failure>
        </test-case>
    </test-cases>
</ns2:test-suite>