<?xml version='1.0'?>
<ns2:test-suite xmlns:ns2='urn:model.allure.qatools.yandex.ru' start='1629857574093' stop='1629857581886'>
    <name>Transfer horse to other wallet address - Logging with magic link</name>
    <title>Transfer horse to other wallet address - Logging with magic link</title>
    <test-cases>
        <test-case start='1629857574093' status='failed' stop='1629857579098'>
            <name>Open ZedRun page and input valid email to generate magic link</name>
            <title>Open ZedRun page and input valid email to generate magic link</title>
            <labels/>
            <parameters/>
            <steps/>
            <attachments/>
            <failure>
                <message>: Timeout - Async callback was not invoked within the 5000 ms timeout specified by jest.setTimeout.</message>
                <stack-trace>Timeout - Async callback was not invoked within the 5000 ms timeout specified by jest.setTimeout.Error: 
                    at new Spec (/Users/development/workspace/qa-automationtest/node_modules/jest-jasmine2/build/jasmine/Spec.js:116:22)
                    at new Spec (/Users/development/workspace/qa-automationtest/node_modules/jest-jasmine2/build/setup_jest_globals.js:78:9)
                    at specFactory (/Users/development/workspace/qa-automationtest/node_modules/jest-jasmine2/build/jasmine/Env.js:523:24)
                    at Env.it (/Users/development/workspace/qa-automationtest/node_modules/jest-jasmine2/build/jasmine/Env.js:592:24)
                    at Env.it (/Users/development/workspace/qa-automationtest/node_modules/jest-jasmine2/build/jasmineAsyncInstall.js:134:23)
                    at it (/Users/development/workspace/qa-automationtest/node_modules/jest-jasmine2/build/jasmine/jasmineLight.js:100:21)
                    at wrapped (/Users/development/workspace/qa-automationtest/node_modules/jest-jasmine2/build/index.js:98:20)
                    at test (/Users/development/workspace/qa-automationtest/node_modules/jest-retries/src/retry.js:28:5)
                    at Suite.&lt;anonymous> (/Users/development/workspace/qa-automationtest/tests/transfer-horse/mail-transfer-horse.test.js:37:3)
                    at addSpecsToSuite (/Users/development/workspace/qa-automationtest/node_modules/jest-jasmine2/build/jasmine/Env.js:444:51)
                    at Env.describe (/Users/development/workspace/qa-automationtest/node_modules/jest-jasmine2/build/jasmine/Env.js:414:11)
                    at describe (/Users/development/workspace/qa-automationtest/node_modules/jest-jasmine2/build/jasmine/jasmineLight.js:88:18)
                    at Object.&lt;anonymous> (/Users/development/workspace/qa-automationtest/tests/transfer-horse/mail-transfer-horse.test.js:36:1)
                    at Runtime._execModule (/Users/development/workspace/qa-automationtest/node_modules/jest-runtime/build/index.js:1299:24)
                    at Runtime._loadModule (/Users/development/workspace/qa-automationtest/node_modules/jest-runtime/build/index.js:898:12)
                    at Runtime.requireModule (/Users/development/workspace/qa-automationtest/node_modules/jest-runtime/build/index.js:746:10)
                    at jasmine2 (/Users/development/workspace/qa-automationtest/node_modules/jest-jasmine2/build/index.js:230:13)
                    at runTestInternal (/Users/development/workspace/qa-automationtest/node_modules/jest-runner/build/runTest.js:380:22)
                    at processTicksAndRejections (internal/process/task_queues.js:95:5)
                    at runTest (/Users/development/workspace/qa-automationtest/node_modules/jest-runner/build/runTest.js:472:34)
                    at Object.worker (/Users/development/workspace/qa-automationtest/node_modules/jest-runner/build/testWorker.js:133:12)</stack-trace>
            </failure>
        </test-case>
        <test-case start='1629857579098' status='failed' stop='1629857581199'>
            <name>Check mail inbox to get magic link</name>
            <title>Check mail inbox to get magic link</title>
            <labels/>
            <parameters/>
            <steps/>
            <attachments/>
            <failure>
                <message>Error: Unable to launch the url </message>
                <stack-trace>Error: Unable to launch the url 
                    at LoginPage.navigate (/Users/development/workspace/qa-automationtest/pages/LoginPage.js:33:13)
                    at /Users/development/workspace/qa-automationtest/tests/transfer-horse/mail-transfer-horse.test.js:43:7
                    at Object.&lt;anonymous> (/Users/development/workspace/qa-automationtest/node_modules/jest-retries/src/retry.js:32:17)</stack-trace>
            </failure>
        </test-case>
        <test-case start='1629857581199' status='failed' stop='1629857581857'>
            <name>Open new browser with magic link</name>
            <title>Open new browser with magic link</title>
            <labels/>
            <parameters/>
            <steps/>
            <attachments/>
            <failure>
                <message>Error: Url is not valid or network timeout while loading </message>
                <stack-trace>Error: Url is not valid or network timeout while loading 
                    at MagicLinkPage.navigate (/Users/development/workspace/qa-automationtest/pages/MagicLinkPage.js:20:13)
                    at /Users/development/workspace/qa-automationtest/tests/transfer-horse/mail-transfer-horse.test.js:61:5
                    at Object.&lt;anonymous> (/Users/development/workspace/qa-automationtest/node_modules/jest-retries/src/retry.js:32:17)</stack-trace>
            </failure>
        </test-case>
        <test-case start='1629857581857' status='failed' stop='1629857581869'>
            <name>Go to My Settings page then click on Select Racehorse</name>
            <title>Go to My Settings page then click on Select Racehorse</title>
            <labels/>
            <parameters/>
            <steps/>
            <attachments/>
            <failure>
                <message>Error: Target page, context or browser has been closed</message>
                <stack-trace>Target page, context or browser has been closed
                Error: 
                    at Object.captureStackTrace (/Users/development/workspace/qa-automationtest/node_modules/playwright/lib/utils/stackTrace.js:48:19)
                    at Connection.sendMessageToServer (/Users/development/workspace/qa-automationtest/node_modules/playwright/lib/client/connection.js:69:48)
                    at Proxy.&lt;anonymous> (/Users/development/workspace/qa-automationtest/node_modules/playwright/lib/client/channelOwner.js:64:61)
                    at Page.setDefaultTimeout (/Users/development/workspace/qa-automationtest/node_modules/playwright/lib/client/page.js:215:23)
                    at new HomePage (/Users/development/workspace/qa-automationtest/pages/HomePage.js:34:15)
                    at /Users/development/workspace/qa-automationtest/tests/transfer-horse/mail-transfer-horse.test.js:66:16
                    at /Users/development/workspace/qa-automationtest/node_modules/jest-retries/src/retry.js:3:24
                    at new Promise (&lt;anonymous>)
                    at runTest (/Users/development/workspace/qa-automationtest/node_modules/jest-retries/src/retry.js:2:12)
                    at Object.&lt;anonymous> (/Users/development/workspace/qa-automationtest/node_modules/jest-retries/src/retry.js:32:23)
                    at Object.asyncJestTest (/Users/development/workspace/qa-automationtest/node_modules/jest-jasmine2/build/jasmineAsyncInstall.js:106:37)
                    at /Users/development/workspace/qa-automationtest/node_modules/jest-jasmine2/build/queueRunner.js:45:12
                    at new Promise (&lt;anonymous>)
                    at mapper (/Users/development/workspace/qa-automationtest/node_modules/jest-jasmine2/build/queueRunner.js:28:19)
                    at /Users/development/workspace/qa-automationtest/node_modules/jest-jasmine2/build/queueRunner.js:75:41</stack-trace>
            </failure>
        </test-case>
        <test-case start='1629857581869' status='failed' stop='1629857581884'>
            <name>Select horse then click on Transfer button</name>
            <title>Select horse then click on Transfer button</title>
            <labels/>
            <parameters/>
            <steps/>
            <attachments/>
            <failure>
                <message>Error: page.bringToFront: Target page, context or browser has been closed</message>
                <stack-trace>page.bringToFront: Target page, context or browser has been closed
                Error: 
                    at Object.captureStackTrace (/Users/development/workspace/qa-automationtest/node_modules/playwright/lib/utils/stackTrace.js:48:19)
                    at Connection.sendMessageToServer (/Users/development/workspace/qa-automationtest/node_modules/playwright/lib/client/connection.js:69:48)
                    at Proxy.&lt;anonymous> (/Users/development/workspace/qa-automationtest/node_modules/playwright/lib/client/channelOwner.js:64:61)
                    at /Users/development/workspace/qa-automationtest/node_modules/playwright/lib/client/page.js:426:27
                    at Page._wrapApiCall (/Users/development/workspace/qa-automationtest/node_modules/playwright/lib/client/channelOwner.js:77:34)
                    at Page.bringToFront (/Users/development/workspace/qa-automationtest/node_modules/playwright/lib/client/page.js:425:21)
                    at HomePage.bringToFront (/Users/development/workspace/qa-automationtest/pages/HomePage.js:39:21)
                    at /Users/development/workspace/qa-automationtest/tests/transfer-horse/mail-transfer-horse.test.js:67:20
                    at /Users/development/workspace/qa-automationtest/node_modules/jest-retries/src/retry.js:3:24
                    at new Promise (&lt;anonymous>)
                    at runTest (/Users/development/workspace/qa-automationtest/node_modules/jest-retries/src/retry.js:2:12)
                    at Object.&lt;anonymous> (/Users/development/workspace/qa-automationtest/node_modules/jest-retries/src/retry.js:32:23)
                    at Object.asyncJestTest (/Users/development/workspace/qa-automationtest/node_modules/jest-jasmine2/build/jasmineAsyncInstall.js:106:37)
                    at /Users/development/workspace/qa-automationtest/node_modules/jest-jasmine2/build/queueRunner.js:45:12
                    at new Promise (&lt;anonymous>)
                    at mapper (/Users/development/workspace/qa-automationtest/node_modules/jest-jasmine2/build/queueRunner.js:28:19)
                    at /Users/development/workspace/qa-automationtest/node_modules/jest-jasmine2/build/queueRunner.js:75:41</stack-trace>
            </failure>
        </test-case>
        <test-case start='1629857581884' status='failed' stop='1629857581886'>
            <name>Check that we can not search this horse anymore</name>
            <title>Check that we can not search this horse anymore</title>
            <labels/>
            <parameters/>
            <steps/>
            <attachments/>
            <failure>
                <message>Error: Transfer horse list is empty or not present</message>
                <stack-trace>Error: Transfer horse list is empty or not present
                    at TransferHorsePage.checkIfTransferHorseListShown (/Users/development/workspace/qa-automationtest/pages/TransferHorsePage.js:42:13)
                    at /Users/development/workspace/qa-automationtest/tests/transfer-horse/mail-transfer-horse.test.js:79:5
                    at Object.&lt;anonymous> (/Users/development/workspace/qa-automationtest/node_modules/jest-retries/src/retry.js:32:17)</stack-trace>
            </failure>
        </test-case>
    </test-cases>
</ns2:test-suite>