<?xml version='1.0'?>
<ns2:test-suite xmlns:ns2='urn:model.allure.qatools.yandex.ru' start='1629091521658' stop='1629091536914'>
    <name>Paid racing with fee racing when logged by Meta Mask</name>
    <title>Paid racing with fee racing when logged by Meta Mask</title>
    <test-cases>
        <test-case start='1629091521659' status='passed' stop='1629091521662'>
            <name>Get token</name>
            <title>Get token</title>
            <labels/>
            <parameters/>
            <steps/>
            <attachments/>
        </test-case>
        <test-case start='1629091521662' status='passed' stop='1629091526318'>
            <name>Update metamask info</name>
            <title>Update metamask info</title>
            <labels/>
            <parameters/>
            <steps/>
            <attachments/>
        </test-case>
        <test-case start='1629091526318' status='passed' stop='1629091534285'>
            <name>Open ZedRun page and click Connect Metamask</name>
            <title>Open ZedRun page and click Connect Metamask</title>
            <labels/>
            <parameters/>
            <steps/>
            <attachments/>
        </test-case>
        <test-case start='1629091534286' status='passed' stop='1629091535569'>
            <name>Check that the ZED app is loading successfully</name>
            <title>Check that the ZED app is loading successfully</title>
            <labels/>
            <parameters/>
            <steps/>
            <attachments/>
        </test-case>
        <test-case start='1629091535569' status='failed' stop='1629091536912'>
            <name>Select a racehorses to add into the paid entry racing</name>
            <title>Select a racehorses to add into the paid entry racing</title>
            <labels/>
            <parameters/>
            <steps/>
            <attachments/>
            <failure>
                <message>Error: page.evaluate: Evaluation failed: TypeError: Cannot read property 'innerText' of null
                    at eval (eval at callFunction (:307:29), &lt;anonymous>:2:47)
                    at UtilityScript.callFunction (&lt;anonymous>:308:24)
                    at UtilityScript.&lt;anonymous> (&lt;anonymous>:1:44)</message>
                <stack-trace>page.evaluate: Evaluation failed: TypeError: Cannot read property 'innerText' of null
                    at eval (eval at callFunction (:307:29), &lt;anonymous>:2:47)
                    at UtilityScript.callFunction (&lt;anonymous>:308:24)
                    at UtilityScript.&lt;anonymous> (&lt;anonymous>:1:44): 
                    at Connection.sendMessageToServer (/Users/davidle/qa-automationtest/node_modules/playwright/lib/client/connection.js:69:15)
                    at Proxy.&lt;anonymous> (/Users/davidle/qa-automationtest/node_modules/playwright/lib/client/channelOwner.js:44:61)
                    at _wrapApiCall (/Users/davidle/qa-automationtest/node_modules/playwright/lib/client/frame.js:157:48)
                    at Frame._wrapApiCall (/Users/davidle/qa-automationtest/node_modules/playwright/lib/client/channelOwner.js:72:34)
                    at Frame.evaluate (/Users/davidle/qa-automationtest/node_modules/playwright/lib/client/frame.js:156:21)
                    at _attributeToPage (/Users/davidle/qa-automationtest/node_modules/playwright/lib/client/page.js:344:60)
                    at Page._attributeToPage (/Users/davidle/qa-automationtest/node_modules/playwright/lib/client/page.js:205:20)
                    at Page.evaluate (/Users/davidle/qa-automationtest/node_modules/playwright/lib/client/page.js:344:21)
                    at RacingPage.getGateOpening (/Users/davidle/qa-automationtest/pages/RacingPage.js:88:47)</stack-trace>
            </failure>
        </test-case>
        <test-case start='1629091536912' status='failed' stop='1629091536914'>
            <name>Assign horse to paid races</name>
            <title>Assign horse to paid races</title>
            <labels/>
            <parameters/>
            <steps/>
            <attachments/>
            <failure>
                <message>TypeError: Cannot read property 'length' of undefined</message>
                <stack-trace>TypeError: Cannot read property 'length' of undefined
                    at test (/Users/davidle/qa-automationtest/tests/gate-nomination/PaidGate-metamask.test.js:117:43)</stack-trace>
            </failure>
        </test-case>
    </test-cases>
</ns2:test-suite>