<?xml version='1.0'?>
<ns2:test-suite xmlns:ns2='urn:model.allure.qatools.yandex.ru' start='1628881569212' stop='1628881596533'>
    <name>Free racing when logged by Meta Mask</name>
    <title>Free racing when logged by Meta Mask</title>
    <test-cases>
        <test-case start='1628881569212' status='failed' stop='1628881596495'>
            <name>Update metamask info</name>
            <title>Update metamask info</title>
            <labels/>
            <parameters/>
            <steps/>
            <attachments/>
            <failure>
                <message>Error: Target page, context or browser has been closed</message>
                <stack-trace>Target page, context or browser has been closed: 
                    at Connection.sendMessageToServer (/Users/davidle/qa-automationtest/node_modules/playwright/lib/client/connection.js:69:15)
                    at Proxy.&lt;anonymous> (/Users/davidle/qa-automationtest/node_modules/playwright/lib/client/channelOwner.js:44:61)
                    at Page.setDefaultTimeout (/Users/davidle/qa-automationtest/node_modules/playwright/lib/client/page.js:189:23)
                    at new MetamaskPage (/Users/davidle/qa-automationtest/pages/MetamaskPage.js:20:15)
                    at test (/Users/davidle/qa-automationtest/tests/gate-nomination/Freegate-Metamask.test.js:31:20)
                    at Promise (/Users/davidle/qa-automationtest/node_modules/jest-retries/src/retry.js:3:24)
                    at new Promise (&lt;anonymous>)
                    at runTest (/Users/davidle/qa-automationtest/node_modules/jest-retries/src/retry.js:2:12)
                    at Object.test (/Users/davidle/qa-automationtest/node_modules/jest-retries/src/retry.js:32:23)</stack-trace>
            </failure>
        </test-case>
        <test-case start='1628881596495' status='failed' stop='1628881596520'>
            <name>Open ZedRun page and click Connnect Metamask</name>
            <title>Open ZedRun page and click Connnect Metamask</title>
            <labels/>
            <parameters/>
            <steps/>
            <attachments/>
            <failure>
                <message>Error: Get Started button is not present or clickable</message>
                <stack-trace>Error: Get Started button is not present or clickable
                    at MetamaskPage.clickOnGetStartedButton (/Users/davidle/qa-automationtest/pages/MetamaskPage.js:38:13)</stack-trace>
            </failure>
        </test-case>
        <test-case start='1628881596520' status='failed' stop='1628881596531'>
            <name>Check that the ZED app is loading successfully</name>
            <title>Check that the ZED app is loading successfully</title>
            <labels/>
            <parameters/>
            <steps/>
            <attachments/>
            <failure>
                <message>TypeError: Cannot read property 'setDefaultTimeout' of undefined</message>
                <stack-trace>TypeError: Cannot read property 'setDefaultTimeout' of undefined
                    at new HomePage (/Users/davidle/qa-automationtest/pages/HomePage.js:34:15)
                    at test (/Users/davidle/qa-automationtest/tests/gate-nomination/Freegate-Metamask.test.js:79:16)
                    at Promise (/Users/davidle/qa-automationtest/node_modules/jest-retries/src/retry.js:3:24)
                    at new Promise (&lt;anonymous>)
                    at runTest (/Users/davidle/qa-automationtest/node_modules/jest-retries/src/retry.js:2:12)
                    at Object.test (/Users/davidle/qa-automationtest/node_modules/jest-retries/src/retry.js:32:23)
                    at Object.asyncJestTest (/Users/davidle/qa-automationtest/node_modules/jest-jasmine2/build/jasmineAsyncInstall.js:106:37)
                    at resolve (/Users/davidle/qa-automationtest/node_modules/jest-jasmine2/build/queueRunner.js:45:12)
                    at new Promise (&lt;anonymous>)
                    at mapper (/Users/davidle/qa-automationtest/node_modules/jest-jasmine2/build/queueRunner.js:28:19)
                    at promise.then (/Users/davidle/qa-automationtest/node_modules/jest-jasmine2/build/queueRunner.js:75:41)
                    at process._tickCallback (internal/process/next_tick.js:68:7)</stack-trace>
            </failure>
        </test-case>
        <test-case start='1628881596531' status='failed' stop='1628881596533'>
            <name>Select a racehorses and add into the free racing</name>
            <title>Select a racehorses and add into the free racing</title>
            <labels/>
            <parameters/>
            <steps/>
            <attachments/>
            <failure>
                <message>TypeError: Cannot read property 'clickOnRacingLink' of undefined</message>
                <stack-trace>TypeError: Cannot read property 'clickOnRacingLink' of undefined
                    at test (/Users/davidle/qa-automationtest/tests/gate-nomination/Freegate-Metamask.test.js:85:20)
                    at Promise (/Users/davidle/qa-automationtest/node_modules/jest-retries/src/retry.js:3:24)
                    at new Promise (&lt;anonymous>)
                    at runTest (/Users/davidle/qa-automationtest/node_modules/jest-retries/src/retry.js:2:12)
                    at Object.test (/Users/davidle/qa-automationtest/node_modules/jest-retries/src/retry.js:32:23)
                    at Object.asyncJestTest (/Users/davidle/qa-automationtest/node_modules/jest-jasmine2/build/jasmineAsyncInstall.js:106:37)
                    at resolve (/Users/davidle/qa-automationtest/node_modules/jest-jasmine2/build/queueRunner.js:45:12)
                    at new Promise (&lt;anonymous>)
                    at mapper (/Users/davidle/qa-automationtest/node_modules/jest-jasmine2/build/queueRunner.js:28:19)
                    at promise.then (/Users/davidle/qa-automationtest/node_modules/jest-jasmine2/build/queueRunner.js:75:41)
                    at process._tickCallback (internal/process/next_tick.js:68:7)</stack-trace>
            </failure>
        </test-case>
    </test-cases>
</ns2:test-suite>