<?xml version='1.0'?>
<ns2:test-suite xmlns:ns2='urn:model.allure.qatools.yandex.ru' start='1617814425427' stop='1617814428681'>
    <name>Generate stud horse</name>
    <title>Generate stud horse</title>
    <test-cases>
        <test-case start='1617814425427' status='failed' stop='1617814426575'>
            <name>Update metamask info</name>
            <title>Update metamask info</title>
            <labels/>
            <parameters/>
            <steps/>
            <attachments/>
            <failure>
                <message>Error: I Agree button is not found or not clickable!</message>
                <stack-trace>Error: I Agree button is not found or not clickable!
                    at MetamaskPage.clickOnIAgreeButton (/Users/davidle/zed-automation/pages/MetamaskPage.js:66:13)</stack-trace>
            </failure>
        </test-case>
        <test-case start='1617814426575' status='failed' stop='1617814428643'>
            <name>Open ZedRun page and click Connnect Metamask</name>
            <title>Open ZedRun page and click Connnect Metamask</title>
            <labels/>
            <parameters/>
            <steps/>
            <attachments/>
            <failure>
                <message>Error: Unable to launch the url </message>
                <stack-trace>Error: Unable to launch the url 
                    at LoginPage.navigate (/Users/davidle/zed-automation/pages/LoginPage.js:28:13)</stack-trace>
            </failure>
        </test-case>
        <test-case start='1617814428643' status='failed' stop='1617814428658'>
            <name>Click on Filter button in My Stable page</name>
            <title>Click on Filter button in My Stable page</title>
            <labels/>
            <parameters/>
            <steps/>
            <attachments/>
            <failure>
                <message>Error: Element is not present yet!</message>
                <stack-trace>Error: Element is not present yet!
                    at HomePage.waitForBalanceInfoToBeShown (/Users/davidle/zed-automation/pages/HomePage.js:130:13)</stack-trace>
            </failure>
        </test-case>
        <test-case start='1617814428658' status='failed' stop='1617814428667'>
            <name>Filter with male horse</name>
            <title>Filter with male horse</title>
            <labels/>
            <parameters/>
            <steps/>
            <attachments/>
            <failure>
                <message>Error: Target page, context or browser has been closed</message>
                <stack-trace>Target page, context or browser has been closed: 
                    at Connection.sendMessageToServer (/Users/davidle/zed-automation/node_modules/playwright/lib/client/connection.js:69:15)
                    at Proxy.&lt;anonymous> (/Users/davidle/zed-automation/node_modules/playwright/lib/client/channelOwner.js:44:61)
                    at Page.setDefaultTimeout (/Users/davidle/zed-automation/node_modules/playwright/lib/client/page.js:189:23)
                    at new HomePage (/Users/davidle/zed-automation/pages/HomePage.js:34:15)
                    at test (/Users/davidle/zed-automation/tests/add-horse-to-stud.test.js:85:20)
                    at Promise (/Users/davidle/zed-automation/node_modules/jest-retries/src/retry.js:3:24)
                    at new Promise (&lt;anonymous>)
                    at runTest (/Users/davidle/zed-automation/node_modules/jest-retries/src/retry.js:2:12)
                    at Object.test (/Users/davidle/zed-automation/node_modules/jest-retries/src/retry.js:32:23)
                    at Object.asyncJestTest (/Users/davidle/zed-automation/node_modules/jest-jasmine2/build/jasmineAsyncInstall.js:106:37)
                    at resolve (/Users/davidle/zed-automation/node_modules/jest-jasmine2/build/queueRunner.js:45:12)
                    at new Promise (&lt;anonymous>)
                    at mapper (/Users/davidle/zed-automation/node_modules/jest-jasmine2/build/queueRunner.js:28:19)
                    at promise.then (/Users/davidle/zed-automation/node_modules/jest-jasmine2/build/queueRunner.js:75:41)</stack-trace>
            </failure>
        </test-case>
        <test-case start='1617814428667' status='failed' stop='1617814428675'>
            <name>Select horse in My stable</name>
            <title>Select horse in My stable</title>
            <labels/>
            <parameters/>
            <steps/>
            <attachments/>
            <failure>
                <message>Error: Filter button is not present or not clickable!</message>
                <stack-trace>Error: Filter button is not present or not clickable!
                    at MyStablePage.clickOnFilterButton (/Users/davidle/zed-automation/pages/MyStablePage.js:71:13)</stack-trace>
            </failure>
        </test-case>
        <test-case start='1617814428675' status='failed' stop='1617814428681'>
            <name>Proceed putting horse to stud service</name>
            <title>Proceed putting horse to stud service</title>
            <labels/>
            <parameters/>
            <steps/>
            <attachments/>
            <failure>
                <message>ReferenceError: value is not defined</message>
                <stack-trace>ReferenceError: value is not defined
                    at MyStablePage.setStudDuration (/Users/davidle/zed-automation/pages/MyStablePage.js:207:7)
                    at test (/Users/davidle/zed-automation/tests/add-horse-to-stud.test.js:110:28)
                    at Promise (/Users/davidle/zed-automation/node_modules/jest-retries/src/retry.js:3:24)
                    at new Promise (&lt;anonymous>)
                    at runTest (/Users/davidle/zed-automation/node_modules/jest-retries/src/retry.js:2:12)
                    at Object.test (/Users/davidle/zed-automation/node_modules/jest-retries/src/retry.js:32:23)
                    at process._tickCallback (internal/process/next_tick.js:68:7)</stack-trace>
            </failure>
        </test-case>
    </test-cases>
</ns2:test-suite>