<?xml version='1.0'?>
<ns2:test-suite xmlns:ns2='urn:model.allure.qatools.yandex.ru' start='1611596870160' stop='1611596874898'>
    <name>Withdraw from ZED balance by logging in with magic link</name>
    <title>Withdraw from ZED balance by logging in with magic link</title>
    <test-cases>
        <test-case start='1611596870160' status='failed' stop='1611596873762'>
            <name>Open ZedRun page and input valid email to generate magic link</name>
            <title>Open ZedRun page and input valid email to generate magic link</title>
            <labels/>
            <parameters/>
            <steps/>
            <attachments/>
            <failure>
                <message>Error: Unable to launch the url </message>
                <stack-trace>Error: Unable to launch the url 
                    at LoginPage.navigate (/Users/davidle/zed-automation/pages/LoginPage.js:28:13)</stack-trace>
            </failure>
        </test-case>
        <test-case start='1611596873762' status='failed' stop='1611596874642'>
            <name>Check mail inbox to get magic link</name>
            <title>Check mail inbox to get magic link</title>
            <labels/>
            <parameters/>
            <steps/>
            <attachments/>
            <failure>
                <message>TypeError: Cannot read property 'id' of undefined</message>
                <stack-trace>TypeError: Cannot read property 'id' of undefined
                    at APIRequest.getZedRunMessageId (/Users/davidle/zed-automation/utils/api/api.js:45:40)
                    at process._tickCallback (internal/process/next_tick.js:68:7)</stack-trace>
            </failure>
        </test-case>
        <test-case start='1611596874642' status='failed' stop='1611596874881'>
            <name>Open new browser with magic link</name>
            <title>Open new browser with magic link</title>
            <labels/>
            <parameters/>
            <steps/>
            <attachments/>
            <failure>
                <message>Error: Url is not valid or network timeout while loading </message>
                <stack-trace>Error: Url is not valid or network timeout while loading 
                    at MagicLinkPage.navigate (/Users/davidle/zed-automation/pages/MagicLinkPage.js:20:13)</stack-trace>
            </failure>
        </test-case>
        <test-case start='1611596874881' status='failed' stop='1611596874886'>
            <name>Wait until wallet icon is shown then click on Wallet icon</name>
            <title>Wait until wallet icon is shown then click on Wallet icon</title>
            <labels/>
            <parameters/>
            <steps/>
            <attachments/>
            <failure>
                <message>Error: page.bringToFront: Target page, context or browser has been closed</message>
                <stack-trace>page.bringToFront: Target page, context or browser has been closed: 
                    at Connection.sendMessageToServer (/Users/davidle/zed-automation/node_modules/playwright/lib/client/connection.js:69:15)
                    at Proxy.&lt;anonymous> (/Users/davidle/zed-automation/node_modules/playwright/lib/client/channelOwner.js:54:53)
                    at _wrapApiCall (/Users/davidle/zed-automation/node_modules/playwright/lib/client/page.js:382:33)
                    at Page._wrapApiCall (/Users/davidle/zed-automation/node_modules/playwright/lib/client/channelOwner.js:80:34)
                    at Page.bringToFront (/Users/davidle/zed-automation/node_modules/playwright/lib/client/page.js:381:21)
                    at HomePage.bringToFront (/Users/davidle/zed-automation/pages/HomePage.js:22:21)
                    at Object.test (/Users/davidle/zed-automation/tests/deposite-withdraw/withdraw-mail-login.test.js:56:20)
                    at Object.asyncJestTest (/Users/davidle/zed-automation/node_modules/jest-jasmine2/build/jasmineAsyncInstall.js:106:37)
                    at resolve (/Users/davidle/zed-automation/node_modules/jest-jasmine2/build/queueRunner.js:45:12)
                    at new Promise (&lt;anonymous>)
                    at mapper (/Users/davidle/zed-automation/node_modules/jest-jasmine2/build/queueRunner.js:28:19)
                    at promise.then (/Users/davidle/zed-automation/node_modules/jest-jasmine2/build/queueRunner.js:75:41)</stack-trace>
            </failure>
        </test-case>
        <test-case start='1611596874886' status='failed' stop='1611596874898'>
            <name>Click on Withdraw button and check if ZED balance is updated</name>
            <title>Click on Withdraw button and check if ZED balance is updated</title>
            <labels/>
            <parameters/>
            <steps/>
            <attachments/>
            <failure>
                <message>Error: Target page, context or browser has been closed</message>
                <stack-trace>Target page, context or browser has been closed: 
                    at Connection.sendMessageToServer (/Users/davidle/zed-automation/node_modules/playwright/lib/client/connection.js:69:15)
                    at Proxy.&lt;anonymous> (/Users/davidle/zed-automation/node_modules/playwright/lib/client/channelOwner.js:54:53)
                    at Page.setDefaultTimeout (/Users/davidle/zed-automation/node_modules/playwright/lib/client/page.js:186:23)
                    at new HomePage (/Users/davidle/zed-automation/pages/HomePage.js:17:15)
                    at Object.test (/Users/davidle/zed-automation/tests/deposite-withdraw/withdraw-mail-login.test.js:55:16)
                    at Object.asyncJestTest (/Users/davidle/zed-automation/node_modules/jest-jasmine2/build/jasmineAsyncInstall.js:106:37)
                    at resolve (/Users/davidle/zed-automation/node_modules/jest-jasmine2/build/queueRunner.js:45:12)
                    at new Promise (&lt;anonymous>)
                    at mapper (/Users/davidle/zed-automation/node_modules/jest-jasmine2/build/queueRunner.js:28:19)
                    at promise.then (/Users/davidle/zed-automation/node_modules/jest-jasmine2/build/queueRunner.js:75:41)</stack-trace>
            </failure>
        </test-case>
    </test-cases>
</ns2:test-suite>