<?xml version='1.0'?>
<ns2:test-suite xmlns:ns2='urn:model.allure.qatools.yandex.ru' start='1609661293676' stop='1609661314561'>
    <name>Login to ZedRun with magic link</name>
    <title>Login to ZedRun with magic link</title>
    <test-cases>
        <test-case start='1609661293676' status='failed' stop='1609661303684'>
            <name>Open ZedRun page and input valid email to generate magic link</name>
            <title>Open ZedRun page and input valid email to generate magic link</title>
            <labels/>
            <parameters/>
            <steps/>
            <attachments/>
            <failure>
                <message>: Timeout - Async callback was not invoked within the 10000 ms timeout specified by jest.setTimeout.</message>
                <stack-trace>Timeout - Async callback was not invoked within the 10000 ms timeout specified by jest.setTimeout.Error: 
                    at new Spec (/Users/davidle/qa-automationtest/node_modules/jest-jasmine2/build/jasmine/Spec.js:116:22)
                    at new Spec (/Users/davidle/qa-automationtest/node_modules/jest-jasmine2/build/setup_jest_globals.js:78:9)
                    at specFactory (/Users/davidle/qa-automationtest/node_modules/jest-jasmine2/build/jasmine/Env.js:523:24)
                    at Env.it (/Users/davidle/qa-automationtest/node_modules/jest-jasmine2/build/jasmine/Env.js:592:24)
                    at Env.it (/Users/davidle/qa-automationtest/node_modules/jest-jasmine2/build/jasmineAsyncInstall.js:134:23)
                    at test (/Users/davidle/qa-automationtest/node_modules/jest-jasmine2/build/jasmine/jasmineLight.js:100:21)
                    at Suite.Object.&lt;anonymous>.describe (/Users/davidle/qa-automationtest/tests/login/magicLink.test.js:25:3)
                    at addSpecsToSuite (/Users/davidle/qa-automationtest/node_modules/jest-jasmine2/build/jasmine/Env.js:444:51)
                    at Env.describe (/Users/davidle/qa-automationtest/node_modules/jest-jasmine2/build/jasmine/Env.js:414:11)
                    at describe (/Users/davidle/qa-automationtest/node_modules/jest-jasmine2/build/jasmine/jasmineLight.js:88:18)
                    at Object.&lt;anonymous> (/Users/davidle/qa-automationtest/tests/login/magicLink.test.js:23:1)
                    at Runtime._execModule (/Users/davidle/qa-automationtest/node_modules/jest-runtime/build/index.js:1299:24)
                    at Runtime._loadModule (/Users/davidle/qa-automationtest/node_modules/jest-runtime/build/index.js:898:12)
                    at Runtime.requireModule (/Users/davidle/qa-automationtest/node_modules/jest-runtime/build/index.js:746:10)
                    at jasmine2 (/Users/davidle/qa-automationtest/node_modules/jest-jasmine2/build/index.js:230:13)
                    at runTestInternal (/Users/davidle/qa-automationtest/node_modules/jest-runner/build/runTest.js:380:22)
                    at process._tickCallback (internal/process/next_tick.js:68:7)</stack-trace>
            </failure>
        </test-case>
        <test-case start='1609661303685' status='failed' stop='1609661304432'>
            <name>Check mail inbox to get magic link</name>
            <title>Check mail inbox to get magic link</title>
            <labels/>
            <parameters/>
            <steps/>
            <attachments/>
            <failure>
                <message>TypeError: Cannot read property 'id' of undefined</message>
                <stack-trace>TypeError: Cannot read property 'id' of undefined
                    at APIRequest.getZedRunMessageId (/Users/davidle/qa-automationtest/utils/api/api.js:45:40)
                    at process._tickCallback (internal/process/next_tick.js:68:7)</stack-trace>
            </failure>
        </test-case>
        <test-case start='1609661304432' status='failed' stop='1609661304557'>
            <name>Open new browser with magic link</name>
            <title>Open new browser with magic link</title>
            <labels/>
            <parameters/>
            <steps/>
            <attachments/>
            <failure>
                <message>Error: page.goto: url: expected string, got undefined</message>
                <stack-trace>Error: page.goto: url: expected string, got undefined
                    at Object.&lt;anonymous>.exports.tString (/Users/davidle/qa-automationtest/node_modules/playwright/lib/protocol/validatorPrimitives.js:42:11)
                    at Object.FrameGotoParams (/Users/davidle/qa-automationtest/node_modules/playwright/lib/protocol/validatorPrimitives.js:81:27)
                    at validateParams (/Users/davidle/qa-automationtest/node_modules/playwright/lib/client/connection.js:249:24)
                    at Connection.sendMessageToServer (/Users/davidle/qa-automationtest/node_modules/playwright/lib/client/connection.js:72:67)
                    at Proxy.&lt;anonymous> (/Users/davidle/qa-automationtest/node_modules/playwright/lib/client/channelOwner.js:54:53)
                    at _wrapApiCall (/Users/davidle/qa-automationtest/node_modules/playwright/lib/client/frame.js:80:71)
                    at Frame._wrapApiCall (/Users/davidle/qa-automationtest/node_modules/playwright/lib/client/channelOwner.js:80:34)
                    at Frame.goto (/Users/davidle/qa-automationtest/node_modules/playwright/lib/client/frame.js:78:21)
                    at _attributeToPage (/Users/davidle/qa-automationtest/node_modules/playwright/lib/client/page.js:267:60)
                    at Page._attributeToPage (/Users/davidle/qa-automationtest/node_modules/playwright/lib/client/page.js:202:20)
                    at Page.goto (/Users/davidle/qa-automationtest/node_modules/playwright/lib/client/page.js:267:21)
                    at MagicLinkPage.navigate (/Users/davidle/qa-automationtest/pages/MagicLinkPage.js:16:21)
                    at Object.test (/Users/davidle/qa-automationtest/tests/login/magicLink.test.js:54:25)</stack-trace>
            </failure>
        </test-case>
        <test-case start='1609661304557' status='failed' stop='1609661314560'>
            <name>Switch back to ZedRun page and verify login successful</name>
            <title>Switch back to ZedRun page and verify login successful</title>
            <labels/>
            <parameters/>
            <steps/>
            <attachments/>
            <failure>
                <message>: Timeout - Async callback was not invoked within the 10000 ms timeout specified by jest.setTimeout.</message>
                <stack-trace>Timeout - Async callback was not invoked within the 10000 ms timeout specified by jest.setTimeout.Error: 
                    at new Spec (/Users/davidle/qa-automationtest/node_modules/jest-jasmine2/build/jasmine/Spec.js:116:22)
                    at new Spec (/Users/davidle/qa-automationtest/node_modules/jest-jasmine2/build/setup_jest_globals.js:78:9)
                    at specFactory (/Users/davidle/qa-automationtest/node_modules/jest-jasmine2/build/jasmine/Env.js:523:24)
                    at Env.it (/Users/davidle/qa-automationtest/node_modules/jest-jasmine2/build/jasmine/Env.js:592:24)
                    at Env.it (/Users/davidle/qa-automationtest/node_modules/jest-jasmine2/build/jasmineAsyncInstall.js:134:23)
                    at test (/Users/davidle/qa-automationtest/node_modules/jest-jasmine2/build/jasmine/jasmineLight.js:100:21)
                    at Suite.Object.&lt;anonymous>.describe (/Users/davidle/qa-automationtest/tests/login/magicLink.test.js:58:3)
                    at addSpecsToSuite (/Users/davidle/qa-automationtest/node_modules/jest-jasmine2/build/jasmine/Env.js:444:51)
                    at Env.describe (/Users/davidle/qa-automationtest/node_modules/jest-jasmine2/build/jasmine/Env.js:414:11)
                    at describe (/Users/davidle/qa-automationtest/node_modules/jest-jasmine2/build/jasmine/jasmineLight.js:88:18)
                    at Object.&lt;anonymous> (/Users/davidle/qa-automationtest/tests/login/magicLink.test.js:23:1)
                    at Runtime._execModule (/Users/davidle/qa-automationtest/node_modules/jest-runtime/build/index.js:1299:24)
                    at Runtime._loadModule (/Users/davidle/qa-automationtest/node_modules/jest-runtime/build/index.js:898:12)
                    at Runtime.requireModule (/Users/davidle/qa-automationtest/node_modules/jest-runtime/build/index.js:746:10)
                    at jasmine2 (/Users/davidle/qa-automationtest/node_modules/jest-jasmine2/build/index.js:230:13)
                    at runTestInternal (/Users/davidle/qa-automationtest/node_modules/jest-runner/build/runTest.js:380:22)
                    at process._tickCallback (internal/process/next_tick.js:68:7)</stack-trace>
            </failure>
        </test-case>
    </test-cases>
</ns2:test-suite>