<?xml version='1.0'?>
<ns2:test-suite xmlns:ns2='urn:model.allure.qatools.yandex.ru' start='1627611686447' stop='1627611779171'>
    <name>Paid racing with fee racing when logged by Meta Mask</name>
    <title>Paid racing with fee racing when logged by Meta Mask</title>
    <test-cases>
        <test-case start='1627611686448' status='passed' stop='1627611686452'>
            <name>Get token</name>
            <title>Get token</title>
            <labels/>
            <parameters/>
            <steps/>
            <attachments/>
        </test-case>
        <test-case start='1627611686452' status='passed' stop='1627611690630'>
            <name>Update metamask info</name>
            <title>Update metamask info</title>
            <labels/>
            <parameters/>
            <steps/>
            <attachments/>
        </test-case>
        <test-case start='1627611690630' status='failed' stop='1627611726796'>
            <name>Open ZedRun page and click Connect Metamask</name>
            <title>Open ZedRun page and click Connect Metamask</title>
            <labels/>
            <parameters/>
            <steps/>
            <attachments/>
            <failure>
                <message>TimeoutError: Timeout while waiting for event "page"
                Note: use DEBUG=pw:api environment variable and rerun to capture Playwright logs.</message>
                <stack-trace>TimeoutError: Timeout while waiting for event "page"
                Note: use DEBUG=pw:api environment variable and rerun to capture Playwright logs.
                    at _rejectOn.promise.then (/Users/davidle/zed-automation/node_modules/playwright/lib/client/waiter.js:40:51)</stack-trace>
            </failure>
        </test-case>
        <test-case start='1627611726797' status='failed' stop='1627611779162'>
            <name>Check that the ZED app is loading successfully</name>
            <title>Check that the ZED app is loading successfully</title>
            <labels/>
            <parameters/>
            <steps/>
            <attachments/>
            <failure>
                <message>Error: The Balance is not present</message>
                <stack-trace>Error: The Balance is not present
                    at HomePage.waitUntilBalanceShown (/Users/davidle/zed-automation/pages/HomePage.js:203:13)</stack-trace>
            </failure>
        </test-case>
        <test-case start='1627611779162' status='failed' stop='1627611779170'>
            <name>Select a racehorses to add into the paid entry racing</name>
            <title>Select a racehorses to add into the paid entry racing</title>
            <labels/>
            <parameters/>
            <steps/>
            <attachments/>
            <failure>
                <message>Error: Racing link is not present or clickable</message>
                <stack-trace>Error: Racing link is not present or clickable
                    at HomePage.clickOnRacingLink (/Users/davidle/zed-automation/pages/HomePage.js:122:13)</stack-trace>
            </failure>
        </test-case>
        <test-case start='1627611779170' status='failed' stop='1627611779171'>
            <name>Assign horse to paid races</name>
            <title>Assign horse to paid races</title>
            <labels/>
            <parameters/>
            <steps/>
            <attachments/>
            <failure>
                <message>TypeError: Cannot read property 'waitForLoadState' of undefined</message>
                <stack-trace>TypeError: Cannot read property 'waitForLoadState' of undefined
                    at test (/Users/davidle/zed-automation/tests/gate-nomination/PaidGate-metamask.test.js:128:22)
                    at Promise (/Users/davidle/zed-automation/node_modules/jest-retries/src/retry.js:3:24)
                    at new Promise (&lt;anonymous>)
                    at runTest (/Users/davidle/zed-automation/node_modules/jest-retries/src/retry.js:2:12)
                    at Object.test (/Users/davidle/zed-automation/node_modules/jest-retries/src/retry.js:32:23)
                    at Object.asyncJestTest (/Users/davidle/zed-automation/node_modules/jest-jasmine2/build/jasmineAsyncInstall.js:106:37)
                    at resolve (/Users/davidle/zed-automation/node_modules/jest-jasmine2/build/queueRunner.js:45:12)
                    at new Promise (&lt;anonymous>)
                    at mapper (/Users/davidle/zed-automation/node_modules/jest-jasmine2/build/queueRunner.js:28:19)
                    at promise.then (/Users/davidle/zed-automation/node_modules/jest-jasmine2/build/queueRunner.js:75:41)</stack-trace>
            </failure>
        </test-case>
    </test-cases>
</ns2:test-suite>