<?xml version='1.0'?>
<ns2:test-suite xmlns:ns2='urn:model.allure.qatools.yandex.ru' start='1629763415333' stop='1629763450009'>
    <name>Purchase horse with ETH - Logging with Metamask</name>
    <title>Purchase horse with ETH - Logging with Metamask</title>
    <test-cases>
        <test-case start='1629763415333' status='passed' stop='1629763417454'>
            <name>Update metamask info</name>
            <title>Update metamask info</title>
            <labels/>
            <parameters/>
            <steps/>
            <attachments/>
        </test-case>
        <test-case start='1629763417454' status='passed' stop='1629763424479'>
            <name>Open ZedRun page and click Connnect Metamask</name>
            <title>Open ZedRun page and click Connnect Metamask</title>
            <labels/>
            <parameters/>
            <steps/>
            <attachments/>
        </test-case>
        <test-case start='1629763424479' status='failed' stop='1629763449988'>
            <name>Go to Marketplace and select first horse</name>
            <title>Go to Marketplace and select first horse</title>
            <labels/>
            <parameters/>
            <steps/>
            <attachments/>
            <failure>
                <message>Error: Element is not present yet!</message>
                <stack-trace>Error: Element is not present yet!
                    at HomePage.waitForBalanceInfoToBeShown (/Users/development/workspace/qa-automationtest/pages/HomePage.js:130:13)
                    at /Users/development/workspace/qa-automationtest/tests/purchase-horse/metamask-purchase-horse-with-eth.test.js:87:5
                    at Object.&lt;anonymous> (/Users/development/workspace/qa-automationtest/node_modules/jest-retries/src/retry.js:32:17)</stack-trace>
            </failure>
        </test-case>
        <test-case start='1629763449988' status='failed' stop='1629763449997'>
            <name>Process the checkout with ETH</name>
            <title>Process the checkout with ETH</title>
            <labels/>
            <parameters/>
            <steps/>
            <attachments/>
            <failure>
                <message>Error: Target page, context or browser has been closed</message>
                <stack-trace>Target page, context or browser has been closed
                Error: 
                    at Object.captureStackTrace (/Users/development/workspace/qa-automationtest/node_modules/playwright/lib/utils/stackTrace.js:48:19)
                    at Connection.sendMessageToServer (/Users/development/workspace/qa-automationtest/node_modules/playwright/lib/client/connection.js:69:48)
                    at Proxy.&lt;anonymous> (/Users/development/workspace/qa-automationtest/node_modules/playwright/lib/client/channelOwner.js:64:61)
                    at Page.setDefaultTimeout (/Users/development/workspace/qa-automationtest/node_modules/playwright/lib/client/page.js:215:23)
                    at new PaymentPage (/Users/development/workspace/qa-automationtest/pages/PaymentPage.js:18:15)
                    at /Users/development/workspace/qa-automationtest/tests/purchase-horse/metamask-purchase-horse-with-eth.test.js:101:19
                    at /Users/development/workspace/qa-automationtest/node_modules/jest-retries/src/retry.js:3:24
                    at new Promise (&lt;anonymous>)
                    at runTest (/Users/development/workspace/qa-automationtest/node_modules/jest-retries/src/retry.js:2:12)
                    at Object.&lt;anonymous> (/Users/development/workspace/qa-automationtest/node_modules/jest-retries/src/retry.js:32:23)
                    at Object.asyncJestTest (/Users/development/workspace/qa-automationtest/node_modules/jest-jasmine2/build/jasmineAsyncInstall.js:106:37)
                    at /Users/development/workspace/qa-automationtest/node_modules/jest-jasmine2/build/queueRunner.js:45:12
                    at new Promise (&lt;anonymous>)
                    at mapper (/Users/development/workspace/qa-automationtest/node_modules/jest-jasmine2/build/queueRunner.js:28:19)
                    at /Users/development/workspace/qa-automationtest/node_modules/jest-jasmine2/build/queueRunner.js:75:41</stack-trace>
            </failure>
        </test-case>
        <test-case start='1629763449997' status='failed' stop='1629763450000'>
            <name>Verify that our order is performed</name>
            <title>Verify that our order is performed</title>
            <labels/>
            <parameters/>
            <steps/>
            <attachments/>
            <failure>
                <message>Error: Target page, context or browser has been closed</message>
                <stack-trace>Target page, context or browser has been closed
                Error: 
                    at Object.captureStackTrace (/Users/development/workspace/qa-automationtest/node_modules/playwright/lib/utils/stackTrace.js:48:19)
                    at Connection.sendMessageToServer (/Users/development/workspace/qa-automationtest/node_modules/playwright/lib/client/connection.js:69:48)
                    at Proxy.&lt;anonymous> (/Users/development/workspace/qa-automationtest/node_modules/playwright/lib/client/channelOwner.js:64:61)
                    at Page.setDefaultTimeout (/Users/development/workspace/qa-automationtest/node_modules/playwright/lib/client/page.js:215:23)
                    at new PaymentPage (/Users/development/workspace/qa-automationtest/pages/PaymentPage.js:18:15)
                    at /Users/development/workspace/qa-automationtest/tests/purchase-horse/metamask-purchase-horse-with-eth.test.js:101:19
                    at /Users/development/workspace/qa-automationtest/node_modules/jest-retries/src/retry.js:3:24
                    at new Promise (&lt;anonymous>)
                    at runTest (/Users/development/workspace/qa-automationtest/node_modules/jest-retries/src/retry.js:2:12)
                    at Object.&lt;anonymous> (/Users/development/workspace/qa-automationtest/node_modules/jest-retries/src/retry.js:32:23)</stack-trace>
            </failure>
        </test-case>
        <test-case start='1629763450001' status='failed' stop='1629763450006'>
            <name>Check the detail payment</name>
            <title>Check the detail payment</title>
            <labels/>
            <parameters/>
            <steps/>
            <attachments/>
            <failure>
                <message>Error: Target page, context or browser has been closed</message>
                <stack-trace>Target page, context or browser has been closed
                Error: 
                    at Object.captureStackTrace (/Users/development/workspace/qa-automationtest/node_modules/playwright/lib/utils/stackTrace.js:48:19)
                    at Connection.sendMessageToServer (/Users/development/workspace/qa-automationtest/node_modules/playwright/lib/client/connection.js:69:48)
                    at Proxy.&lt;anonymous> (/Users/development/workspace/qa-automationtest/node_modules/playwright/lib/client/channelOwner.js:64:61)
                    at Page.setDefaultTimeout (/Users/development/workspace/qa-automationtest/node_modules/playwright/lib/client/page.js:215:23)
                    at new PaymentPage (/Users/development/workspace/qa-automationtest/pages/PaymentPage.js:18:15)
                    at /Users/development/workspace/qa-automationtest/tests/purchase-horse/metamask-purchase-horse-with-eth.test.js:101:19
                    at /Users/development/workspace/qa-automationtest/node_modules/jest-retries/src/retry.js:3:24
                    at new Promise (&lt;anonymous>)
                    at runTest (/Users/development/workspace/qa-automationtest/node_modules/jest-retries/src/retry.js:2:12)
                    at Object.&lt;anonymous> (/Users/development/workspace/qa-automationtest/node_modules/jest-retries/src/retry.js:32:23)</stack-trace>
            </failure>
        </test-case>
        <test-case start='1629763450006' status='failed' stop='1629763450009'>
            <name>Go back to user stable and check if horse is transferred</name>
            <title>Go back to user stable and check if horse is transferred</title>
            <labels/>
            <parameters/>
            <steps/>
            <attachments/>
            <failure>
                <message>Error: Element is not present or not enabled yet!</message>
                <stack-trace>Error: Element is not present or not enabled yet!
                    at PaymentPage.clickOnBuyWithETH (/Users/development/workspace/qa-automationtest/pages/PaymentPage.js:184:13)
                    at /Users/development/workspace/qa-automationtest/tests/purchase-horse/metamask-purchase-horse-with-eth.test.js:103:5
                    at Object.&lt;anonymous> (/Users/development/workspace/qa-automationtest/node_modules/jest-retries/src/retry.js:32:17)</stack-trace>
            </failure>
        </test-case>
    </test-cases>
</ns2:test-suite>