<?xml version='1.0'?>
<ns2:test-suite xmlns:ns2='urn:model.allure.qatools.yandex.ru' start='1629857552994' stop='1629857553092'>
    <name>Generate stud horse when logging in Metamask</name>
    <title>Generate stud horse when logging in Metamask</title>
    <test-cases>
        <test-case start='1629857552995' status='failed' stop='1629857553014'>
            <name>Update metamask info</name>
            <title>Update metamask info</title>
            <labels/>
            <parameters/>
            <steps/>
            <attachments/>
            <failure>
                <message>Error: browserType.launchPersistentContext: Protocol error (Browser.getVersion): Browser closed.
                ==================== Browser output: ====================
                &lt;launching> /Users/development/Library/Caches/ms-playwright/chromium-857950/chrome-mac/Chromium.app/Contents/MacOS/Chromium --disable-background-networking --enable-features=NetworkService,NetworkServiceInProcess --disable-background-timer-throttling --disable-backgrounding-occluded-windows --disable-breakpad --disable-client-side-phishing-detection --disable-component-extensions-with-background-pages --disable-default-apps --disable-dev-shm-usage --disable-extensions --disable-features=TranslateUI,BlinkGenPropertyTrees,ImprovedCookieControls,SameSiteByDefaultCookies,LazyFrameLoading --disable-hang-monitor --disable-ipc-flooding-protection --disable-popup-blocking --disable-prompt-on-repost --disable-renderer-backgrounding --disable-sync --force-color-profile=srgb --metrics-recording-only --no-first-run --enable-automation --password-store=basic --use-mock-keychain --user-data-dir=/Users/development/workspace/qa-automationtest/utils/browser/test-user-data-dir --remote-debugging-pipe --no-sandbox --disable-extensions-except=/Users/development/workspace/qa-automationtest/utils/browser/metamask-chrome-8.1.3 --load-extension=/Users/development/workspace/qa-automationtest/utils/browser/metamask-chrome-8.1.3 --start-maximized about:blank
                &lt;launched> pid=66728
                [pid=66728][err] 2021-08-24 20:12:30.758 Chromium[66728:3972730] Error loading /Library/CoreMediaIO/Plug-Ins/DAL/LogiCapture.plugin/Contents/MacOS/LogiCapture:  dlopen(/Library/CoreMediaIO/Plug-Ins/DAL/LogiCapture.plugin/Contents/MacOS/LogiCapture, 262): no suitable image found.  Did find:
                [pid=66728][err] 	/Library/CoreMediaIO/Plug-Ins/DAL/LogiCapture.plugin/Contents/MacOS/LogiCapture: mach-o, but wrong architecture
                [pid=66728][err] 	/Library/CoreMediaIO/Plug-Ins/DAL/LogiCapture.plugin/Contents/MacOS/LogiCapture: mach-o, but wrong architecture
                [pid=66728][err] [66728:54275:0824/201230.840969:ERROR:block_files.cc(465)] Failed to open /Users/development/workspace/qa-automationtest/utils/browser/test-user-data-dir/ShaderCache/GPUCache/data_0
                [pid=66728][err] [66728:54275:0824/201230.844002:ERROR:backend_impl.cc(1438)] Unable to map Index file
                [pid=66728][err] [66728:30723:0824/201230.844170:ERROR:disk_cache.cc(184)] Unable to create cache
                [pid=66728][err] [66728:30723:0824/201230.844201:ERROR:shader_disk_cache.cc(606)] Shader Cache Creation failed: -2
                [pid=66728][err] [66728:771:0824/201230.886451:ERROR:process_singleton_posix.cc(281)] Failed to create /Users/development/workspace/qa-automationtest/utils/browser/test-user-data-dir/SingletonLock: File exists (17)
                [pid=66728][err] [66728:54275:0824/201231.687187:ERROR:block_files.cc(465)] Failed to open /Users/development/workspace/qa-automationtest/utils/browser/test-user-data-dir/GrShaderCache/GPUCache/data_0
                [pid=66728][out] Opening in existing browser session.
                =========================== logs ===========================
                &lt;launching> /Users/development/Library/Caches/ms-playwright/chromium-857950/chrome-mac/Chromium.app/Contents/MacOS/Chromium --disable-background-networking --enable-features=NetworkService,NetworkServiceInProcess --disable-background-timer-throttling --disable-backgrounding-occluded-windows --disable-breakpad --disable-client-side-phishing-detection --disable-component-extensions-with-background-pages --disable-default-apps --disable-dev-shm-usage --disable-extensions --disable-features=TranslateUI,BlinkGenPropertyTrees,ImprovedCookieControls,SameSiteByDefaultCookies,LazyFrameLoading --disable-hang-monitor --disable-ipc-flooding-protection --disable-popup-blocking --disable-prompt-on-repost --disable-renderer-backgrounding --disable-sync --force-color-profile=srgb --metrics-recording-only --no-first-run --enable-automation --password-store=basic --use-mock-keychain --user-data-dir=/Users/development/workspace/qa-automationtest/utils/browser/test-user-data-dir --remote-debugging-pipe --no-sandbox --disable-extensions-except=/Users/development/workspace/qa-automationtest/utils/browser/metamask-chrome-8.1.3 --load-extension=/Users/development/workspace/qa-automationtest/utils/browser/metamask-chrome-8.1.3 --start-maximized about:blank
                &lt;launched> pid=66728
                [pid=66728][err] 2021-08-24 20:12:30.758 Chromium[66728:3972730] Error loading /Library/CoreMediaIO/Plug-Ins/DAL/LogiCapture.plugin/Contents/MacOS/LogiCapture:  dlopen(/Library/CoreMediaIO/Plug-Ins/DAL/LogiCapture.plugin/Contents/MacOS/LogiCapture, 262): no suitable image found.  Did find:
                [pid=66728][err] 	/Library/CoreMediaIO/Plug-Ins/DAL/LogiCapture.plugin/Contents/MacOS/LogiCapture: mach-o, but wrong architecture
                [pid=66728][err] 	/Library/CoreMediaIO/Plug-Ins/DAL/LogiCapture.plugin/Contents/MacOS/LogiCapture: mach-o, but wrong architecture
                [pid=66728][err] [66728:54275:0824/201230.840969:ERROR:block_files.cc(465)] Failed to open /Users/development/workspace/qa-automationtest/utils/browser/test-user-data-dir/ShaderCache/GPUCache/data_0
                [pid=66728][err] [66728:54275:0824/201230.844002:ERROR:backend_impl.cc(1438)] Unable to map Index file
                [pid=66728][err] [66728:30723:0824/201230.844170:ERROR:disk_cache.cc(184)] Unable to create cache
                [pid=66728][err] [66728:30723:0824/201230.844201:ERROR:shader_disk_cache.cc(606)] Shader Cache Creation failed: -2
                [pid=66728][err] [66728:771:0824/201230.886451:ERROR:process_singleton_posix.cc(281)] Failed to create /Users/development/workspace/qa-automationtest/utils/browser/test-user-data-dir/SingletonLock: File exists (17)
                [pid=66728][err] [66728:54275:0824/201231.687187:ERROR:block_files.cc(465)] Failed to open /Users/development/workspace/qa-automationtest/utils/browser/test-user-data-dir/GrShaderCache/GPUCache/data_0
                [pid=66728][out] Opening in existing browser session.
                ============================================================
                Note: use DEBUG=pw:api environment variable to capture Playwright logs.</message>
                <stack-trace>browserType.launchPersistentContext: Protocol error (Browser.getVersion): Browser closed.
                ==================== Browser output: ====================
                &lt;launching> /Users/development/Library/Caches/ms-playwright/chromium-857950/chrome-mac/Chromium.app/Contents/MacOS/Chromium --disable-background-networking --enable-features=NetworkService,NetworkServiceInProcess --disable-background-timer-throttling --disable-backgrounding-occluded-windows --disable-breakpad --disable-client-side-phishing-detection --disable-component-extensions-with-background-pages --disable-default-apps --disable-dev-shm-usage --disable-extensions --disable-features=TranslateUI,BlinkGenPropertyTrees,ImprovedCookieControls,SameSiteByDefaultCookies,LazyFrameLoading --disable-hang-monitor --disable-ipc-flooding-protection --disable-popup-blocking --disable-prompt-on-repost --disable-renderer-backgrounding --disable-sync --force-color-profile=srgb --metrics-recording-only --no-first-run --enable-automation --password-store=basic --use-mock-keychain --user-data-dir=/Users/development/workspace/qa-automationtest/utils/browser/test-user-data-dir --remote-debugging-pipe --no-sandbox --disable-extensions-except=/Users/development/workspace/qa-automationtest/utils/browser/metamask-chrome-8.1.3 --load-extension=/Users/development/workspace/qa-automationtest/utils/browser/metamask-chrome-8.1.3 --start-maximized about:blank
                &lt;launched> pid=66728
                [pid=66728][err] 2021-08-24 20:12:30.758 Chromium[66728:3972730] Error loading /Library/CoreMediaIO/Plug-Ins/DAL/LogiCapture.plugin/Contents/MacOS/LogiCapture:  dlopen(/Library/CoreMediaIO/Plug-Ins/DAL/LogiCapture.plugin/Contents/MacOS/LogiCapture, 262): no suitable image found.  Did find:
                [pid=66728][err] 	/Library/CoreMediaIO/Plug-Ins/DAL/LogiCapture.plugin/Contents/MacOS/LogiCapture: mach-o, but wrong architecture
                [pid=66728][err] 	/Library/CoreMediaIO/Plug-Ins/DAL/LogiCapture.plugin/Contents/MacOS/LogiCapture: mach-o, but wrong architecture
                [pid=66728][err] [66728:54275:0824/201230.840969:ERROR:block_files.cc(465)] Failed to open /Users/development/workspace/qa-automationtest/utils/browser/test-user-data-dir/ShaderCache/GPUCache/data_0
                [pid=66728][err] [66728:54275:0824/201230.844002:ERROR:backend_impl.cc(1438)] Unable to map Index file
                [pid=66728][err] [66728:30723:0824/201230.844170:ERROR:disk_cache.cc(184)] Unable to create cache
                [pid=66728][err] [66728:30723:0824/201230.844201:ERROR:shader_disk_cache.cc(606)] Shader Cache Creation failed: -2
                [pid=66728][err] [66728:771:0824/201230.886451:ERROR:process_singleton_posix.cc(281)] Failed to create /Users/development/workspace/qa-automationtest/utils/browser/test-user-data-dir/SingletonLock: File exists (17)
                [pid=66728][err] [66728:54275:0824/201231.687187:ERROR:block_files.cc(465)] Failed to open /Users/development/workspace/qa-automationtest/utils/browser/test-user-data-dir/GrShaderCache/GPUCache/data_0
                [pid=66728][out] Opening in existing browser session.
                =========================== logs ===========================
                &lt;launching> /Users/development/Library/Caches/ms-playwright/chromium-857950/chrome-mac/Chromium.app/Contents/MacOS/Chromium --disable-background-networking --enable-features=NetworkService,NetworkServiceInProcess --disable-background-timer-throttling --disable-backgrounding-occluded-windows --disable-breakpad --disable-client-side-phishing-detection --disable-component-extensions-with-background-pages --disable-default-apps --disable-dev-shm-usage --disable-extensions --disable-features=TranslateUI,BlinkGenPropertyTrees,ImprovedCookieControls,SameSiteByDefaultCookies,LazyFrameLoading --disable-hang-monitor --disable-ipc-flooding-protection --disable-popup-blocking --disable-prompt-on-repost --disable-renderer-backgrounding --disable-sync --force-color-profile=srgb --metrics-recording-only --no-first-run --enable-automation --password-store=basic --use-mock-keychain --user-data-dir=/Users/development/workspace/qa-automationtest/utils/browser/test-user-data-dir --remote-debugging-pipe --no-sandbox --disable-extensions-except=/Users/development/workspace/qa-automationtest/utils/browser/metamask-chrome-8.1.3 --load-extension=/Users/development/workspace/qa-automationtest/utils/browser/metamask-chrome-8.1.3 --start-maximized about:blank
                &lt;launched> pid=66728
                [pid=66728][err] 2021-08-24 20:12:30.758 Chromium[66728:3972730] Error loading /Library/CoreMediaIO/Plug-Ins/DAL/LogiCapture.plugin/Contents/MacOS/LogiCapture:  dlopen(/Library/CoreMediaIO/Plug-Ins/DAL/LogiCapture.plugin/Contents/MacOS/LogiCapture, 262): no suitable image found.  Did find:
                [pid=66728][err] 	/Library/CoreMediaIO/Plug-Ins/DAL/LogiCapture.plugin/Contents/MacOS/LogiCapture: mach-o, but wrong architecture
                [pid=66728][err] 	/Library/CoreMediaIO/Plug-Ins/DAL/LogiCapture.plugin/Contents/MacOS/LogiCapture: mach-o, but wrong architecture
                [pid=66728][err] [66728:54275:0824/201230.840969:ERROR:block_files.cc(465)] Failed to open /Users/development/workspace/qa-automationtest/utils/browser/test-user-data-dir/ShaderCache/GPUCache/data_0
                [pid=66728][err] [66728:54275:0824/201230.844002:ERROR:backend_impl.cc(1438)] Unable to map Index file
                [pid=66728][err] [66728:30723:0824/201230.844170:ERROR:disk_cache.cc(184)] Unable to create cache
                [pid=66728][err] [66728:30723:0824/201230.844201:ERROR:shader_disk_cache.cc(606)] Shader Cache Creation failed: -2
                [pid=66728][err] [66728:771:0824/201230.886451:ERROR:process_singleton_posix.cc(281)] Failed to create /Users/development/workspace/qa-automationtest/utils/browser/test-user-data-dir/SingletonLock: File exists (17)
                [pid=66728][err] [66728:54275:0824/201231.687187:ERROR:block_files.cc(465)] Failed to open /Users/development/workspace/qa-automationtest/utils/browser/test-user-data-dir/GrShaderCache/GPUCache/data_0
                [pid=66728][out] Opening in existing browser session.
                ============================================================
                Note: use DEBUG=pw:api environment variable to capture Playwright logs.
                Error: 
                    at Object.captureStackTrace (/Users/development/workspace/qa-automationtest/node_modules/playwright/lib/utils/stackTrace.js:48:19)
                    at Connection.sendMessageToServer (/Users/development/workspace/qa-automationtest/node_modules/playwright/lib/client/connection.js:69:48)
                    at Proxy.&lt;anonymous> (/Users/development/workspace/qa-automationtest/node_modules/playwright/lib/client/channelOwner.js:64:61)
                    at /Users/development/workspace/qa-automationtest/node_modules/playwright/lib/client/browserType.js:86:42
                    at processTicksAndRejections (internal/process/task_queues.js:95:5)
                    at BrowserType._wrapApiCall (/Users/development/workspace/qa-automationtest/node_modules/playwright/lib/client/channelOwner.js:77:28)</stack-trace>
            </failure>
        </test-case>
        <test-case start='1629857553014' status='failed' stop='1629857553046'>
            <name>Open ZedRun page and click Connnect Metamask</name>
            <title>Open ZedRun page and click Connnect Metamask</title>
            <labels/>
            <parameters/>
            <steps/>
            <attachments/>
            <failure>
                <message>Error: browserType.launchPersistentContext: Protocol error (Browser.getVersion): Browser closed.
                ==================== Browser output: ====================
                &lt;launching> /Users/development/Library/Caches/ms-playwright/chromium-857950/chrome-mac/Chromium.app/Contents/MacOS/Chromium --disable-background-networking --enable-features=NetworkService,NetworkServiceInProcess --disable-background-timer-throttling --disable-backgrounding-occluded-windows --disable-breakpad --disable-client-side-phishing-detection --disable-component-extensions-with-background-pages --disable-default-apps --disable-dev-shm-usage --disable-extensions --disable-features=TranslateUI,BlinkGenPropertyTrees,ImprovedCookieControls,SameSiteByDefaultCookies,LazyFrameLoading --disable-hang-monitor --disable-ipc-flooding-protection --disable-popup-blocking --disable-prompt-on-repost --disable-renderer-backgrounding --disable-sync --force-color-profile=srgb --metrics-recording-only --no-first-run --enable-automation --password-store=basic --use-mock-keychain --user-data-dir=/Users/development/workspace/qa-automationtest/utils/browser/test-user-data-dir --remote-debugging-pipe --no-sandbox --disable-extensions-except=/Users/development/workspace/qa-automationtest/utils/browser/metamask-chrome-8.1.3 --load-extension=/Users/development/workspace/qa-automationtest/utils/browser/metamask-chrome-8.1.3 --start-maximized about:blank
                &lt;launched> pid=66728
                [pid=66728][err] 2021-08-24 20:12:30.758 Chromium[66728:3972730] Error loading /Library/CoreMediaIO/Plug-Ins/DAL/LogiCapture.plugin/Contents/MacOS/LogiCapture:  dlopen(/Library/CoreMediaIO/Plug-Ins/DAL/LogiCapture.plugin/Contents/MacOS/LogiCapture, 262): no suitable image found.  Did find:
                [pid=66728][err] 	/Library/CoreMediaIO/Plug-Ins/DAL/LogiCapture.plugin/Contents/MacOS/LogiCapture: mach-o, but wrong architecture
                [pid=66728][err] 	/Library/CoreMediaIO/Plug-Ins/DAL/LogiCapture.plugin/Contents/MacOS/LogiCapture: mach-o, but wrong architecture
                [pid=66728][err] [66728:54275:0824/201230.840969:ERROR:block_files.cc(465)] Failed to open /Users/development/workspace/qa-automationtest/utils/browser/test-user-data-dir/ShaderCache/GPUCache/data_0
                [pid=66728][err] [66728:54275:0824/201230.844002:ERROR:backend_impl.cc(1438)] Unable to map Index file
                [pid=66728][err] [66728:30723:0824/201230.844170:ERROR:disk_cache.cc(184)] Unable to create cache
                [pid=66728][err] [66728:30723:0824/201230.844201:ERROR:shader_disk_cache.cc(606)] Shader Cache Creation failed: -2
                [pid=66728][err] [66728:771:0824/201230.886451:ERROR:process_singleton_posix.cc(281)] Failed to create /Users/development/workspace/qa-automationtest/utils/browser/test-user-data-dir/SingletonLock: File exists (17)
                [pid=66728][err] [66728:54275:0824/201231.687187:ERROR:block_files.cc(465)] Failed to open /Users/development/workspace/qa-automationtest/utils/browser/test-user-data-dir/GrShaderCache/GPUCache/data_0
                [pid=66728][out] Opening in existing browser session.
                =========================== logs ===========================
                &lt;launching> /Users/development/Library/Caches/ms-playwright/chromium-857950/chrome-mac/Chromium.app/Contents/MacOS/Chromium --disable-background-networking --enable-features=NetworkService,NetworkServiceInProcess --disable-background-timer-throttling --disable-backgrounding-occluded-windows --disable-breakpad --disable-client-side-phishing-detection --disable-component-extensions-with-background-pages --disable-default-apps --disable-dev-shm-usage --disable-extensions --disable-features=TranslateUI,BlinkGenPropertyTrees,ImprovedCookieControls,SameSiteByDefaultCookies,LazyFrameLoading --disable-hang-monitor --disable-ipc-flooding-protection --disable-popup-blocking --disable-prompt-on-repost --disable-renderer-backgrounding --disable-sync --force-color-profile=srgb --metrics-recording-only --no-first-run --enable-automation --password-store=basic --use-mock-keychain --user-data-dir=/Users/development/workspace/qa-automationtest/utils/browser/test-user-data-dir --remote-debugging-pipe --no-sandbox --disable-extensions-except=/Users/development/workspace/qa-automationtest/utils/browser/metamask-chrome-8.1.3 --load-extension=/Users/development/workspace/qa-automationtest/utils/browser/metamask-chrome-8.1.3 --start-maximized about:blank
                &lt;launched> pid=66728
                [pid=66728][err] 2021-08-24 20:12:30.758 Chromium[66728:3972730] Error loading /Library/CoreMediaIO/Plug-Ins/DAL/LogiCapture.plugin/Contents/MacOS/LogiCapture:  dlopen(/Library/CoreMediaIO/Plug-Ins/DAL/LogiCapture.plugin/Contents/MacOS/LogiCapture, 262): no suitable image found.  Did find:
                [pid=66728][err] 	/Library/CoreMediaIO/Plug-Ins/DAL/LogiCapture.plugin/Contents/MacOS/LogiCapture: mach-o, but wrong architecture
                [pid=66728][err] 	/Library/CoreMediaIO/Plug-Ins/DAL/LogiCapture.plugin/Contents/MacOS/LogiCapture: mach-o, but wrong architecture
                [pid=66728][err] [66728:54275:0824/201230.840969:ERROR:block_files.cc(465)] Failed to open /Users/development/workspace/qa-automationtest/utils/browser/test-user-data-dir/ShaderCache/GPUCache/data_0
                [pid=66728][err] [66728:54275:0824/201230.844002:ERROR:backend_impl.cc(1438)] Unable to map Index file
                [pid=66728][err] [66728:30723:0824/201230.844170:ERROR:disk_cache.cc(184)] Unable to create cache
                [pid=66728][err] [66728:30723:0824/201230.844201:ERROR:shader_disk_cache.cc(606)] Shader Cache Creation failed: -2
                [pid=66728][err] [66728:771:0824/201230.886451:ERROR:process_singleton_posix.cc(281)] Failed to create /Users/development/workspace/qa-automationtest/utils/browser/test-user-data-dir/SingletonLock: File exists (17)
                [pid=66728][err] [66728:54275:0824/201231.687187:ERROR:block_files.cc(465)] Failed to open /Users/development/workspace/qa-automationtest/utils/browser/test-user-data-dir/GrShaderCache/GPUCache/data_0
                [pid=66728][out] Opening in existing browser session.
                ============================================================
                Note: use DEBUG=pw:api environment variable to capture Playwright logs.</message>
                <stack-trace>browserType.launchPersistentContext: Protocol error (Browser.getVersion): Browser closed.
                ==================== Browser output: ====================
                &lt;launching> /Users/development/Library/Caches/ms-playwright/chromium-857950/chrome-mac/Chromium.app/Contents/MacOS/Chromium --disable-background-networking --enable-features=NetworkService,NetworkServiceInProcess --disable-background-timer-throttling --disable-backgrounding-occluded-windows --disable-breakpad --disable-client-side-phishing-detection --disable-component-extensions-with-background-pages --disable-default-apps --disable-dev-shm-usage --disable-extensions --disable-features=TranslateUI,BlinkGenPropertyTrees,ImprovedCookieControls,SameSiteByDefaultCookies,LazyFrameLoading --disable-hang-monitor --disable-ipc-flooding-protection --disable-popup-blocking --disable-prompt-on-repost --disable-renderer-backgrounding --disable-sync --force-color-profile=srgb --metrics-recording-only --no-first-run --enable-automation --password-store=basic --use-mock-keychain --user-data-dir=/Users/development/workspace/qa-automationtest/utils/browser/test-user-data-dir --remote-debugging-pipe --no-sandbox --disable-extensions-except=/Users/development/workspace/qa-automationtest/utils/browser/metamask-chrome-8.1.3 --load-extension=/Users/development/workspace/qa-automationtest/utils/browser/metamask-chrome-8.1.3 --start-maximized about:blank
                &lt;launched> pid=66728
                [pid=66728][err] 2021-08-24 20:12:30.758 Chromium[66728:3972730] Error loading /Library/CoreMediaIO/Plug-Ins/DAL/LogiCapture.plugin/Contents/MacOS/LogiCapture:  dlopen(/Library/CoreMediaIO/Plug-Ins/DAL/LogiCapture.plugin/Contents/MacOS/LogiCapture, 262): no suitable image found.  Did find:
                [pid=66728][err] 	/Library/CoreMediaIO/Plug-Ins/DAL/LogiCapture.plugin/Contents/MacOS/LogiCapture: mach-o, but wrong architecture
                [pid=66728][err] 	/Library/CoreMediaIO/Plug-Ins/DAL/LogiCapture.plugin/Contents/MacOS/LogiCapture: mach-o, but wrong architecture
                [pid=66728][err] [66728:54275:0824/201230.840969:ERROR:block_files.cc(465)] Failed to open /Users/development/workspace/qa-automationtest/utils/browser/test-user-data-dir/ShaderCache/GPUCache/data_0
                [pid=66728][err] [66728:54275:0824/201230.844002:ERROR:backend_impl.cc(1438)] Unable to map Index file
                [pid=66728][err] [66728:30723:0824/201230.844170:ERROR:disk_cache.cc(184)] Unable to create cache
                [pid=66728][err] [66728:30723:0824/201230.844201:ERROR:shader_disk_cache.cc(606)] Shader Cache Creation failed: -2
                [pid=66728][err] [66728:771:0824/201230.886451:ERROR:process_singleton_posix.cc(281)] Failed to create /Users/development/workspace/qa-automationtest/utils/browser/test-user-data-dir/SingletonLock: File exists (17)
                [pid=66728][err] [66728:54275:0824/201231.687187:ERROR:block_files.cc(465)] Failed to open /Users/development/workspace/qa-automationtest/utils/browser/test-user-data-dir/GrShaderCache/GPUCache/data_0
                [pid=66728][out] Opening in existing browser session.
                =========================== logs ===========================
                &lt;launching> /Users/development/Library/Caches/ms-playwright/chromium-857950/chrome-mac/Chromium.app/Contents/MacOS/Chromium --disable-background-networking --enable-features=NetworkService,NetworkServiceInProcess --disable-background-timer-throttling --disable-backgrounding-occluded-windows --disable-breakpad --disable-client-side-phishing-detection --disable-component-extensions-with-background-pages --disable-default-apps --disable-dev-shm-usage --disable-extensions --disable-features=TranslateUI,BlinkGenPropertyTrees,ImprovedCookieControls,SameSiteByDefaultCookies,LazyFrameLoading --disable-hang-monitor --disable-ipc-flooding-protection --disable-popup-blocking --disable-prompt-on-repost --disable-renderer-backgrounding --disable-sync --force-color-profile=srgb --metrics-recording-only --no-first-run --enable-automation --password-store=basic --use-mock-keychain --user-data-dir=/Users/development/workspace/qa-automationtest/utils/browser/test-user-data-dir --remote-debugging-pipe --no-sandbox --disable-extensions-except=/Users/development/workspace/qa-automationtest/utils/browser/metamask-chrome-8.1.3 --load-extension=/Users/development/workspace/qa-automationtest/utils/browser/metamask-chrome-8.1.3 --start-maximized about:blank
                &lt;launched> pid=66728
                [pid=66728][err] 2021-08-24 20:12:30.758 Chromium[66728:3972730] Error loading /Library/CoreMediaIO/Plug-Ins/DAL/LogiCapture.plugin/Contents/MacOS/LogiCapture:  dlopen(/Library/CoreMediaIO/Plug-Ins/DAL/LogiCapture.plugin/Contents/MacOS/LogiCapture, 262): no suitable image found.  Did find:
                [pid=66728][err] 	/Library/CoreMediaIO/Plug-Ins/DAL/LogiCapture.plugin/Contents/MacOS/LogiCapture: mach-o, but wrong architecture
                [pid=66728][err] 	/Library/CoreMediaIO/Plug-Ins/DAL/LogiCapture.plugin/Contents/MacOS/LogiCapture: mach-o, but wrong architecture
                [pid=66728][err] [66728:54275:0824/201230.840969:ERROR:block_files.cc(465)] Failed to open /Users/development/workspace/qa-automationtest/utils/browser/test-user-data-dir/ShaderCache/GPUCache/data_0
                [pid=66728][err] [66728:54275:0824/201230.844002:ERROR:backend_impl.cc(1438)] Unable to map Index file
                [pid=66728][err] [66728:30723:0824/201230.844170:ERROR:disk_cache.cc(184)] Unable to create cache
                [pid=66728][err] [66728:30723:0824/201230.844201:ERROR:shader_disk_cache.cc(606)] Shader Cache Creation failed: -2
                [pid=66728][err] [66728:771:0824/201230.886451:ERROR:process_singleton_posix.cc(281)] Failed to create /Users/development/workspace/qa-automationtest/utils/browser/test-user-data-dir/SingletonLock: File exists (17)
                [pid=66728][err] [66728:54275:0824/201231.687187:ERROR:block_files.cc(465)] Failed to open /Users/development/workspace/qa-automationtest/utils/browser/test-user-data-dir/GrShaderCache/GPUCache/data_0
                [pid=66728][out] Opening in existing browser session.
                ============================================================
                Note: use DEBUG=pw:api environment variable to capture Playwright logs.
                Error: 
                    at Object.captureStackTrace (/Users/development/workspace/qa-automationtest/node_modules/playwright/lib/utils/stackTrace.js:48:19)
                    at Connection.sendMessageToServer (/Users/development/workspace/qa-automationtest/node_modules/playwright/lib/client/connection.js:69:48)
                    at Proxy.&lt;anonymous> (/Users/development/workspace/qa-automationtest/node_modules/playwright/lib/client/channelOwner.js:64:61)
                    at /Users/development/workspace/qa-automationtest/node_modules/playwright/lib/client/browserType.js:86:42
                    at processTicksAndRejections (internal/process/task_queues.js:95:5)
                    at BrowserType._wrapApiCall (/Users/development/workspace/qa-automationtest/node_modules/playwright/lib/client/channelOwner.js:77:28)</stack-trace>
            </failure>
        </test-case>
        <test-case start='1629857553046' status='failed' stop='1629857553073'>
            <name>Check that avatar is shown then click on Breeding link</name>
            <title>Check that avatar is shown then click on Breeding link</title>
            <labels/>
            <parameters/>
            <steps/>
            <attachments/>
            <failure>
                <message>Error: browserType.launchPersistentContext: Protocol error (Browser.getVersion): Browser closed.
                ==================== Browser output: ====================
                &lt;launching> /Users/development/Library/Caches/ms-playwright/chromium-857950/chrome-mac/Chromium.app/Contents/MacOS/Chromium --disable-background-networking --enable-features=NetworkService,NetworkServiceInProcess --disable-background-timer-throttling --disable-backgrounding-occluded-windows --disable-breakpad --disable-client-side-phishing-detection --disable-component-extensions-with-background-pages --disable-default-apps --disable-dev-shm-usage --disable-extensions --disable-features=TranslateUI,BlinkGenPropertyTrees,ImprovedCookieControls,SameSiteByDefaultCookies,LazyFrameLoading --disable-hang-monitor --disable-ipc-flooding-protection --disable-popup-blocking --disable-prompt-on-repost --disable-renderer-backgrounding --disable-sync --force-color-profile=srgb --metrics-recording-only --no-first-run --enable-automation --password-store=basic --use-mock-keychain --user-data-dir=/Users/development/workspace/qa-automationtest/utils/browser/test-user-data-dir --remote-debugging-pipe --no-sandbox --disable-extensions-except=/Users/development/workspace/qa-automationtest/utils/browser/metamask-chrome-8.1.3 --load-extension=/Users/development/workspace/qa-automationtest/utils/browser/metamask-chrome-8.1.3 --start-maximized about:blank
                &lt;launched> pid=66728
                [pid=66728][err] 2021-08-24 20:12:30.758 Chromium[66728:3972730] Error loading /Library/CoreMediaIO/Plug-Ins/DAL/LogiCapture.plugin/Contents/MacOS/LogiCapture:  dlopen(/Library/CoreMediaIO/Plug-Ins/DAL/LogiCapture.plugin/Contents/MacOS/LogiCapture, 262): no suitable image found.  Did find:
                [pid=66728][err] 	/Library/CoreMediaIO/Plug-Ins/DAL/LogiCapture.plugin/Contents/MacOS/LogiCapture: mach-o, but wrong architecture
                [pid=66728][err] 	/Library/CoreMediaIO/Plug-Ins/DAL/LogiCapture.plugin/Contents/MacOS/LogiCapture: mach-o, but wrong architecture
                [pid=66728][err] [66728:54275:0824/201230.840969:ERROR:block_files.cc(465)] Failed to open /Users/development/workspace/qa-automationtest/utils/browser/test-user-data-dir/ShaderCache/GPUCache/data_0
                [pid=66728][err] [66728:54275:0824/201230.844002:ERROR:backend_impl.cc(1438)] Unable to map Index file
                [pid=66728][err] [66728:30723:0824/201230.844170:ERROR:disk_cache.cc(184)] Unable to create cache
                [pid=66728][err] [66728:30723:0824/201230.844201:ERROR:shader_disk_cache.cc(606)] Shader Cache Creation failed: -2
                [pid=66728][err] [66728:771:0824/201230.886451:ERROR:process_singleton_posix.cc(281)] Failed to create /Users/development/workspace/qa-automationtest/utils/browser/test-user-data-dir/SingletonLock: File exists (17)
                [pid=66728][err] [66728:54275:0824/201231.687187:ERROR:block_files.cc(465)] Failed to open /Users/development/workspace/qa-automationtest/utils/browser/test-user-data-dir/GrShaderCache/GPUCache/data_0
                [pid=66728][out] Opening in existing browser session.
                =========================== logs ===========================
                &lt;launching> /Users/development/Library/Caches/ms-playwright/chromium-857950/chrome-mac/Chromium.app/Contents/MacOS/Chromium --disable-background-networking --enable-features=NetworkService,NetworkServiceInProcess --disable-background-timer-throttling --disable-backgrounding-occluded-windows --disable-breakpad --disable-client-side-phishing-detection --disable-component-extensions-with-background-pages --disable-default-apps --disable-dev-shm-usage --disable-extensions --disable-features=TranslateUI,BlinkGenPropertyTrees,ImprovedCookieControls,SameSiteByDefaultCookies,LazyFrameLoading --disable-hang-monitor --disable-ipc-flooding-protection --disable-popup-blocking --disable-prompt-on-repost --disable-renderer-backgrounding --disable-sync --force-color-profile=srgb --metrics-recording-only --no-first-run --enable-automation --password-store=basic --use-mock-keychain --user-data-dir=/Users/development/workspace/qa-automationtest/utils/browser/test-user-data-dir --remote-debugging-pipe --no-sandbox --disable-extensions-except=/Users/development/workspace/qa-automationtest/utils/browser/metamask-chrome-8.1.3 --load-extension=/Users/development/workspace/qa-automationtest/utils/browser/metamask-chrome-8.1.3 --start-maximized about:blank
                &lt;launched> pid=66728
                [pid=66728][err] 2021-08-24 20:12:30.758 Chromium[66728:3972730] Error loading /Library/CoreMediaIO/Plug-Ins/DAL/LogiCapture.plugin/Contents/MacOS/LogiCapture:  dlopen(/Library/CoreMediaIO/Plug-Ins/DAL/LogiCapture.plugin/Contents/MacOS/LogiCapture, 262): no suitable image found.  Did find:
                [pid=66728][err] 	/Library/CoreMediaIO/Plug-Ins/DAL/LogiCapture.plugin/Contents/MacOS/LogiCapture: mach-o, but wrong architecture
                [pid=66728][err] 	/Library/CoreMediaIO/Plug-Ins/DAL/LogiCapture.plugin/Contents/MacOS/LogiCapture: mach-o, but wrong architecture
                [pid=66728][err] [66728:54275:0824/201230.840969:ERROR:block_files.cc(465)] Failed to open /Users/development/workspace/qa-automationtest/utils/browser/test-user-data-dir/ShaderCache/GPUCache/data_0
                [pid=66728][err] [66728:54275:0824/201230.844002:ERROR:backend_impl.cc(1438)] Unable to map Index file
                [pid=66728][err] [66728:30723:0824/201230.844170:ERROR:disk_cache.cc(184)] Unable to create cache
                [pid=66728][err] [66728:30723:0824/201230.844201:ERROR:shader_disk_cache.cc(606)] Shader Cache Creation failed: -2
                [pid=66728][err] [66728:771:0824/201230.886451:ERROR:process_singleton_posix.cc(281)] Failed to create /Users/development/workspace/qa-automationtest/utils/browser/test-user-data-dir/SingletonLock: File exists (17)
                [pid=66728][err] [66728:54275:0824/201231.687187:ERROR:block_files.cc(465)] Failed to open /Users/development/workspace/qa-automationtest/utils/browser/test-user-data-dir/GrShaderCache/GPUCache/data_0
                [pid=66728][out] Opening in existing browser session.
                ============================================================
                Note: use DEBUG=pw:api environment variable to capture Playwright logs.</message>
                <stack-trace>browserType.launchPersistentContext: Protocol error (Browser.getVersion): Browser closed.
                ==================== Browser output: ====================
                &lt;launching> /Users/development/Library/Caches/ms-playwright/chromium-857950/chrome-mac/Chromium.app/Contents/MacOS/Chromium --disable-background-networking --enable-features=NetworkService,NetworkServiceInProcess --disable-background-timer-throttling --disable-backgrounding-occluded-windows --disable-breakpad --disable-client-side-phishing-detection --disable-component-extensions-with-background-pages --disable-default-apps --disable-dev-shm-usage --disable-extensions --disable-features=TranslateUI,BlinkGenPropertyTrees,ImprovedCookieControls,SameSiteByDefaultCookies,LazyFrameLoading --disable-hang-monitor --disable-ipc-flooding-protection --disable-popup-blocking --disable-prompt-on-repost --disable-renderer-backgrounding --disable-sync --force-color-profile=srgb --metrics-recording-only --no-first-run --enable-automation --password-store=basic --use-mock-keychain --user-data-dir=/Users/development/workspace/qa-automationtest/utils/browser/test-user-data-dir --remote-debugging-pipe --no-sandbox --disable-extensions-except=/Users/development/workspace/qa-automationtest/utils/browser/metamask-chrome-8.1.3 --load-extension=/Users/development/workspace/qa-automationtest/utils/browser/metamask-chrome-8.1.3 --start-maximized about:blank
                &lt;launched> pid=66728
                [pid=66728][err] 2021-08-24 20:12:30.758 Chromium[66728:3972730] Error loading /Library/CoreMediaIO/Plug-Ins/DAL/LogiCapture.plugin/Contents/MacOS/LogiCapture:  dlopen(/Library/CoreMediaIO/Plug-Ins/DAL/LogiCapture.plugin/Contents/MacOS/LogiCapture, 262): no suitable image found.  Did find:
                [pid=66728][err] 	/Library/CoreMediaIO/Plug-Ins/DAL/LogiCapture.plugin/Contents/MacOS/LogiCapture: mach-o, but wrong architecture
                [pid=66728][err] 	/Library/CoreMediaIO/Plug-Ins/DAL/LogiCapture.plugin/Contents/MacOS/LogiCapture: mach-o, but wrong architecture
                [pid=66728][err] [66728:54275:0824/201230.840969:ERROR:block_files.cc(465)] Failed to open /Users/development/workspace/qa-automationtest/utils/browser/test-user-data-dir/ShaderCache/GPUCache/data_0
                [pid=66728][err] [66728:54275:0824/201230.844002:ERROR:backend_impl.cc(1438)] Unable to map Index file
                [pid=66728][err] [66728:30723:0824/201230.844170:ERROR:disk_cache.cc(184)] Unable to create cache
                [pid=66728][err] [66728:30723:0824/201230.844201:ERROR:shader_disk_cache.cc(606)] Shader Cache Creation failed: -2
                [pid=66728][err] [66728:771:0824/201230.886451:ERROR:process_singleton_posix.cc(281)] Failed to create /Users/development/workspace/qa-automationtest/utils/browser/test-user-data-dir/SingletonLock: File exists (17)
                [pid=66728][err] [66728:54275:0824/201231.687187:ERROR:block_files.cc(465)] Failed to open /Users/development/workspace/qa-automationtest/utils/browser/test-user-data-dir/GrShaderCache/GPUCache/data_0
                [pid=66728][out] Opening in existing browser session.
                =========================== logs ===========================
                &lt;launching> /Users/development/Library/Caches/ms-playwright/chromium-857950/chrome-mac/Chromium.app/Contents/MacOS/Chromium --disable-background-networking --enable-features=NetworkService,NetworkServiceInProcess --disable-background-timer-throttling --disable-backgrounding-occluded-windows --disable-breakpad --disable-client-side-phishing-detection --disable-component-extensions-with-background-pages --disable-default-apps --disable-dev-shm-usage --disable-extensions --disable-features=TranslateUI,BlinkGenPropertyTrees,ImprovedCookieControls,SameSiteByDefaultCookies,LazyFrameLoading --disable-hang-monitor --disable-ipc-flooding-protection --disable-popup-blocking --disable-prompt-on-repost --disable-renderer-backgrounding --disable-sync --force-color-profile=srgb --metrics-recording-only --no-first-run --enable-automation --password-store=basic --use-mock-keychain --user-data-dir=/Users/development/workspace/qa-automationtest/utils/browser/test-user-data-dir --remote-debugging-pipe --no-sandbox --disable-extensions-except=/Users/development/workspace/qa-automationtest/utils/browser/metamask-chrome-8.1.3 --load-extension=/Users/development/workspace/qa-automationtest/utils/browser/metamask-chrome-8.1.3 --start-maximized about:blank
                &lt;launched> pid=66728
                [pid=66728][err] 2021-08-24 20:12:30.758 Chromium[66728:3972730] Error loading /Library/CoreMediaIO/Plug-Ins/DAL/LogiCapture.plugin/Contents/MacOS/LogiCapture:  dlopen(/Library/CoreMediaIO/Plug-Ins/DAL/LogiCapture.plugin/Contents/MacOS/LogiCapture, 262): no suitable image found.  Did find:
                [pid=66728][err] 	/Library/CoreMediaIO/Plug-Ins/DAL/LogiCapture.plugin/Contents/MacOS/LogiCapture: mach-o, but wrong architecture
                [pid=66728][err] 	/Library/CoreMediaIO/Plug-Ins/DAL/LogiCapture.plugin/Contents/MacOS/LogiCapture: mach-o, but wrong architecture
                [pid=66728][err] [66728:54275:0824/201230.840969:ERROR:block_files.cc(465)] Failed to open /Users/development/workspace/qa-automationtest/utils/browser/test-user-data-dir/ShaderCache/GPUCache/data_0
                [pid=66728][err] [66728:54275:0824/201230.844002:ERROR:backend_impl.cc(1438)] Unable to map Index file
                [pid=66728][err] [66728:30723:0824/201230.844170:ERROR:disk_cache.cc(184)] Unable to create cache
                [pid=66728][err] [66728:30723:0824/201230.844201:ERROR:shader_disk_cache.cc(606)] Shader Cache Creation failed: -2
                [pid=66728][err] [66728:771:0824/201230.886451:ERROR:process_singleton_posix.cc(281)] Failed to create /Users/development/workspace/qa-automationtest/utils/browser/test-user-data-dir/SingletonLock: File exists (17)
                [pid=66728][err] [66728:54275:0824/201231.687187:ERROR:block_files.cc(465)] Failed to open /Users/development/workspace/qa-automationtest/utils/browser/test-user-data-dir/GrShaderCache/GPUCache/data_0
                [pid=66728][out] Opening in existing browser session.
                ============================================================
                Note: use DEBUG=pw:api environment variable to capture Playwright logs.
                Error: 
                    at Object.captureStackTrace (/Users/development/workspace/qa-automationtest/node_modules/playwright/lib/utils/stackTrace.js:48:19)
                    at Connection.sendMessageToServer (/Users/development/workspace/qa-automationtest/node_modules/playwright/lib/client/connection.js:69:48)
                    at Proxy.&lt;anonymous> (/Users/development/workspace/qa-automationtest/node_modules/playwright/lib/client/channelOwner.js:64:61)
                    at /Users/development/workspace/qa-automationtest/node_modules/playwright/lib/client/browserType.js:86:42
                    at processTicksAndRejections (internal/process/task_queues.js:95:5)
                    at BrowserType._wrapApiCall (/Users/development/workspace/qa-automationtest/node_modules/playwright/lib/client/channelOwner.js:77:28)</stack-trace>
            </failure>
        </test-case>
        <test-case start='1629857553073' status='failed' stop='1629857553090'>
            <name>Select mate horse</name>
            <title>Select mate horse</title>
            <labels/>
            <parameters/>
            <steps/>
            <attachments/>
            <failure>
                <message>Error: browserType.launchPersistentContext: Protocol error (Browser.getVersion): Browser closed.
                ==================== Browser output: ====================
                &lt;launching> /Users/development/Library/Caches/ms-playwright/chromium-857950/chrome-mac/Chromium.app/Contents/MacOS/Chromium --disable-background-networking --enable-features=NetworkService,NetworkServiceInProcess --disable-background-timer-throttling --disable-backgrounding-occluded-windows --disable-breakpad --disable-client-side-phishing-detection --disable-component-extensions-with-background-pages --disable-default-apps --disable-dev-shm-usage --disable-extensions --disable-features=TranslateUI,BlinkGenPropertyTrees,ImprovedCookieControls,SameSiteByDefaultCookies,LazyFrameLoading --disable-hang-monitor --disable-ipc-flooding-protection --disable-popup-blocking --disable-prompt-on-repost --disable-renderer-backgrounding --disable-sync --force-color-profile=srgb --metrics-recording-only --no-first-run --enable-automation --password-store=basic --use-mock-keychain --user-data-dir=/Users/development/workspace/qa-automationtest/utils/browser/test-user-data-dir --remote-debugging-pipe --no-sandbox --disable-extensions-except=/Users/development/workspace/qa-automationtest/utils/browser/metamask-chrome-8.1.3 --load-extension=/Users/development/workspace/qa-automationtest/utils/browser/metamask-chrome-8.1.3 --start-maximized about:blank
                &lt;launched> pid=66728
                [pid=66728][err] 2021-08-24 20:12:30.758 Chromium[66728:3972730] Error loading /Library/CoreMediaIO/Plug-Ins/DAL/LogiCapture.plugin/Contents/MacOS/LogiCapture:  dlopen(/Library/CoreMediaIO/Plug-Ins/DAL/LogiCapture.plugin/Contents/MacOS/LogiCapture, 262): no suitable image found.  Did find:
                [pid=66728][err] 	/Library/CoreMediaIO/Plug-Ins/DAL/LogiCapture.plugin/Contents/MacOS/LogiCapture: mach-o, but wrong architecture
                [pid=66728][err] 	/Library/CoreMediaIO/Plug-Ins/DAL/LogiCapture.plugin/Contents/MacOS/LogiCapture: mach-o, but wrong architecture
                [pid=66728][err] [66728:54275:0824/201230.840969:ERROR:block_files.cc(465)] Failed to open /Users/development/workspace/qa-automationtest/utils/browser/test-user-data-dir/ShaderCache/GPUCache/data_0
                [pid=66728][err] [66728:54275:0824/201230.844002:ERROR:backend_impl.cc(1438)] Unable to map Index file
                [pid=66728][err] [66728:30723:0824/201230.844170:ERROR:disk_cache.cc(184)] Unable to create cache
                [pid=66728][err] [66728:30723:0824/201230.844201:ERROR:shader_disk_cache.cc(606)] Shader Cache Creation failed: -2
                [pid=66728][err] [66728:771:0824/201230.886451:ERROR:process_singleton_posix.cc(281)] Failed to create /Users/development/workspace/qa-automationtest/utils/browser/test-user-data-dir/SingletonLock: File exists (17)
                [pid=66728][err] [66728:54275:0824/201231.687187:ERROR:block_files.cc(465)] Failed to open /Users/development/workspace/qa-automationtest/utils/browser/test-user-data-dir/GrShaderCache/GPUCache/data_0
                [pid=66728][out] Opening in existing browser session.
                =========================== logs ===========================
                &lt;launching> /Users/development/Library/Caches/ms-playwright/chromium-857950/chrome-mac/Chromium.app/Contents/MacOS/Chromium --disable-background-networking --enable-features=NetworkService,NetworkServiceInProcess --disable-background-timer-throttling --disable-backgrounding-occluded-windows --disable-breakpad --disable-client-side-phishing-detection --disable-component-extensions-with-background-pages --disable-default-apps --disable-dev-shm-usage --disable-extensions --disable-features=TranslateUI,BlinkGenPropertyTrees,ImprovedCookieControls,SameSiteByDefaultCookies,LazyFrameLoading --disable-hang-monitor --disable-ipc-flooding-protection --disable-popup-blocking --disable-prompt-on-repost --disable-renderer-backgrounding --disable-sync --force-color-profile=srgb --metrics-recording-only --no-first-run --enable-automation --password-store=basic --use-mock-keychain --user-data-dir=/Users/development/workspace/qa-automationtest/utils/browser/test-user-data-dir --remote-debugging-pipe --no-sandbox --disable-extensions-except=/Users/development/workspace/qa-automationtest/utils/browser/metamask-chrome-8.1.3 --load-extension=/Users/development/workspace/qa-automationtest/utils/browser/metamask-chrome-8.1.3 --start-maximized about:blank
                &lt;launched> pid=66728
                [pid=66728][err] 2021-08-24 20:12:30.758 Chromium[66728:3972730] Error loading /Library/CoreMediaIO/Plug-Ins/DAL/LogiCapture.plugin/Contents/MacOS/LogiCapture:  dlopen(/Library/CoreMediaIO/Plug-Ins/DAL/LogiCapture.plugin/Contents/MacOS/LogiCapture, 262): no suitable image found.  Did find:
                [pid=66728][err] 	/Library/CoreMediaIO/Plug-Ins/DAL/LogiCapture.plugin/Contents/MacOS/LogiCapture: mach-o, but wrong architecture
                [pid=66728][err] 	/Library/CoreMediaIO/Plug-Ins/DAL/LogiCapture.plugin/Contents/MacOS/LogiCapture: mach-o, but wrong architecture
                [pid=66728][err] [66728:54275:0824/201230.840969:ERROR:block_files.cc(465)] Failed to open /Users/development/workspace/qa-automationtest/utils/browser/test-user-data-dir/ShaderCache/GPUCache/data_0
                [pid=66728][err] [66728:54275:0824/201230.844002:ERROR:backend_impl.cc(1438)] Unable to map Index file
                [pid=66728][err] [66728:30723:0824/201230.844170:ERROR:disk_cache.cc(184)] Unable to create cache
                [pid=66728][err] [66728:30723:0824/201230.844201:ERROR:shader_disk_cache.cc(606)] Shader Cache Creation failed: -2
                [pid=66728][err] [66728:771:0824/201230.886451:ERROR:process_singleton_posix.cc(281)] Failed to create /Users/development/workspace/qa-automationtest/utils/browser/test-user-data-dir/SingletonLock: File exists (17)
                [pid=66728][err] [66728:54275:0824/201231.687187:ERROR:block_files.cc(465)] Failed to open /Users/development/workspace/qa-automationtest/utils/browser/test-user-data-dir/GrShaderCache/GPUCache/data_0
                [pid=66728][out] Opening in existing browser session.
                ============================================================
                Note: use DEBUG=pw:api environment variable to capture Playwright logs.</message>
                <stack-trace>browserType.launchPersistentContext: Protocol error (Browser.getVersion): Browser closed.
                ==================== Browser output: ====================
                &lt;launching> /Users/development/Library/Caches/ms-playwright/chromium-857950/chrome-mac/Chromium.app/Contents/MacOS/Chromium --disable-background-networking --enable-features=NetworkService,NetworkServiceInProcess --disable-background-timer-throttling --disable-backgrounding-occluded-windows --disable-breakpad --disable-client-side-phishing-detection --disable-component-extensions-with-background-pages --disable-default-apps --disable-dev-shm-usage --disable-extensions --disable-features=TranslateUI,BlinkGenPropertyTrees,ImprovedCookieControls,SameSiteByDefaultCookies,LazyFrameLoading --disable-hang-monitor --disable-ipc-flooding-protection --disable-popup-blocking --disable-prompt-on-repost --disable-renderer-backgrounding --disable-sync --force-color-profile=srgb --metrics-recording-only --no-first-run --enable-automation --password-store=basic --use-mock-keychain --user-data-dir=/Users/development/workspace/qa-automationtest/utils/browser/test-user-data-dir --remote-debugging-pipe --no-sandbox --disable-extensions-except=/Users/development/workspace/qa-automationtest/utils/browser/metamask-chrome-8.1.3 --load-extension=/Users/development/workspace/qa-automationtest/utils/browser/metamask-chrome-8.1.3 --start-maximized about:blank
                &lt;launched> pid=66728
                [pid=66728][err] 2021-08-24 20:12:30.758 Chromium[66728:3972730] Error loading /Library/CoreMediaIO/Plug-Ins/DAL/LogiCapture.plugin/Contents/MacOS/LogiCapture:  dlopen(/Library/CoreMediaIO/Plug-Ins/DAL/LogiCapture.plugin/Contents/MacOS/LogiCapture, 262): no suitable image found.  Did find:
                [pid=66728][err] 	/Library/CoreMediaIO/Plug-Ins/DAL/LogiCapture.plugin/Contents/MacOS/LogiCapture: mach-o, but wrong architecture
                [pid=66728][err] 	/Library/CoreMediaIO/Plug-Ins/DAL/LogiCapture.plugin/Contents/MacOS/LogiCapture: mach-o, but wrong architecture
                [pid=66728][err] [66728:54275:0824/201230.840969:ERROR:block_files.cc(465)] Failed to open /Users/development/workspace/qa-automationtest/utils/browser/test-user-data-dir/ShaderCache/GPUCache/data_0
                [pid=66728][err] [66728:54275:0824/201230.844002:ERROR:backend_impl.cc(1438)] Unable to map Index file
                [pid=66728][err] [66728:30723:0824/201230.844170:ERROR:disk_cache.cc(184)] Unable to create cache
                [pid=66728][err] [66728:30723:0824/201230.844201:ERROR:shader_disk_cache.cc(606)] Shader Cache Creation failed: -2
                [pid=66728][err] [66728:771:0824/201230.886451:ERROR:process_singleton_posix.cc(281)] Failed to create /Users/development/workspace/qa-automationtest/utils/browser/test-user-data-dir/SingletonLock: File exists (17)
                [pid=66728][err] [66728:54275:0824/201231.687187:ERROR:block_files.cc(465)] Failed to open /Users/development/workspace/qa-automationtest/utils/browser/test-user-data-dir/GrShaderCache/GPUCache/data_0
                [pid=66728][out] Opening in existing browser session.
                =========================== logs ===========================
                &lt;launching> /Users/development/Library/Caches/ms-playwright/chromium-857950/chrome-mac/Chromium.app/Contents/MacOS/Chromium --disable-background-networking --enable-features=NetworkService,NetworkServiceInProcess --disable-background-timer-throttling --disable-backgrounding-occluded-windows --disable-breakpad --disable-client-side-phishing-detection --disable-component-extensions-with-background-pages --disable-default-apps --disable-dev-shm-usage --disable-extensions --disable-features=TranslateUI,BlinkGenPropertyTrees,ImprovedCookieControls,SameSiteByDefaultCookies,LazyFrameLoading --disable-hang-monitor --disable-ipc-flooding-protection --disable-popup-blocking --disable-prompt-on-repost --disable-renderer-backgrounding --disable-sync --force-color-profile=srgb --metrics-recording-only --no-first-run --enable-automation --password-store=basic --use-mock-keychain --user-data-dir=/Users/development/workspace/qa-automationtest/utils/browser/test-user-data-dir --remote-debugging-pipe --no-sandbox --disable-extensions-except=/Users/development/workspace/qa-automationtest/utils/browser/metamask-chrome-8.1.3 --load-extension=/Users/development/workspace/qa-automationtest/utils/browser/metamask-chrome-8.1.3 --start-maximized about:blank
                &lt;launched> pid=66728
                [pid=66728][err] 2021-08-24 20:12:30.758 Chromium[66728:3972730] Error loading /Library/CoreMediaIO/Plug-Ins/DAL/LogiCapture.plugin/Contents/MacOS/LogiCapture:  dlopen(/Library/CoreMediaIO/Plug-Ins/DAL/LogiCapture.plugin/Contents/MacOS/LogiCapture, 262): no suitable image found.  Did find:
                [pid=66728][err] 	/Library/CoreMediaIO/Plug-Ins/DAL/LogiCapture.plugin/Contents/MacOS/LogiCapture: mach-o, but wrong architecture
                [pid=66728][err] 	/Library/CoreMediaIO/Plug-Ins/DAL/LogiCapture.plugin/Contents/MacOS/LogiCapture: mach-o, but wrong architecture
                [pid=66728][err] [66728:54275:0824/201230.840969:ERROR:block_files.cc(465)] Failed to open /Users/development/workspace/qa-automationtest/utils/browser/test-user-data-dir/ShaderCache/GPUCache/data_0
                [pid=66728][err] [66728:54275:0824/201230.844002:ERROR:backend_impl.cc(1438)] Unable to map Index file
                [pid=66728][err] [66728:30723:0824/201230.844170:ERROR:disk_cache.cc(184)] Unable to create cache
                [pid=66728][err] [66728:30723:0824/201230.844201:ERROR:shader_disk_cache.cc(606)] Shader Cache Creation failed: -2
                [pid=66728][err] [66728:771:0824/201230.886451:ERROR:process_singleton_posix.cc(281)] Failed to create /Users/development/workspace/qa-automationtest/utils/browser/test-user-data-dir/SingletonLock: File exists (17)
                [pid=66728][err] [66728:54275:0824/201231.687187:ERROR:block_files.cc(465)] Failed to open /Users/development/workspace/qa-automationtest/utils/browser/test-user-data-dir/GrShaderCache/GPUCache/data_0
                [pid=66728][out] Opening in existing browser session.
                ============================================================
                Note: use DEBUG=pw:api environment variable to capture Playwright logs.
                Error: 
                    at Object.captureStackTrace (/Users/development/workspace/qa-automationtest/node_modules/playwright/lib/utils/stackTrace.js:48:19)
                    at Connection.sendMessageToServer (/Users/development/workspace/qa-automationtest/node_modules/playwright/lib/client/connection.js:69:48)
                    at Proxy.&lt;anonymous> (/Users/development/workspace/qa-automationtest/node_modules/playwright/lib/client/channelOwner.js:64:61)
                    at /Users/development/workspace/qa-automationtest/node_modules/playwright/lib/client/browserType.js:86:42
                    at processTicksAndRejections (internal/process/task_queues.js:95:5)
                    at BrowserType._wrapApiCall (/Users/development/workspace/qa-automationtest/node_modules/playwright/lib/client/channelOwner.js:77:28)</stack-trace>
            </failure>
        </test-case>
        <test-case start='1629857553090' status='failed' stop='1629857553091'>
            <name>Select female horse</name>
            <title>Select female horse</title>
            <labels/>
            <parameters/>
            <steps/>
            <attachments/>
            <failure>
                <message>Error: browserType.launchPersistentContext: Protocol error (Browser.getVersion): Browser closed.
                ==================== Browser output: ====================
                &lt;launching> /Users/development/Library/Caches/ms-playwright/chromium-857950/chrome-mac/Chromium.app/Contents/MacOS/Chromium --disable-background-networking --enable-features=NetworkService,NetworkServiceInProcess --disable-background-timer-throttling --disable-backgrounding-occluded-windows --disable-breakpad --disable-client-side-phishing-detection --disable-component-extensions-with-background-pages --disable-default-apps --disable-dev-shm-usage --disable-extensions --disable-features=TranslateUI,BlinkGenPropertyTrees,ImprovedCookieControls,SameSiteByDefaultCookies,LazyFrameLoading --disable-hang-monitor --disable-ipc-flooding-protection --disable-popup-blocking --disable-prompt-on-repost --disable-renderer-backgrounding --disable-sync --force-color-profile=srgb --metrics-recording-only --no-first-run --enable-automation --password-store=basic --use-mock-keychain --user-data-dir=/Users/development/workspace/qa-automationtest/utils/browser/test-user-data-dir --remote-debugging-pipe --no-sandbox --disable-extensions-except=/Users/development/workspace/qa-automationtest/utils/browser/metamask-chrome-8.1.3 --load-extension=/Users/development/workspace/qa-automationtest/utils/browser/metamask-chrome-8.1.3 --start-maximized about:blank
                &lt;launched> pid=66728
                [pid=66728][err] 2021-08-24 20:12:30.758 Chromium[66728:3972730] Error loading /Library/CoreMediaIO/Plug-Ins/DAL/LogiCapture.plugin/Contents/MacOS/LogiCapture:  dlopen(/Library/CoreMediaIO/Plug-Ins/DAL/LogiCapture.plugin/Contents/MacOS/LogiCapture, 262): no suitable image found.  Did find:
                [pid=66728][err] 	/Library/CoreMediaIO/Plug-Ins/DAL/LogiCapture.plugin/Contents/MacOS/LogiCapture: mach-o, but wrong architecture
                [pid=66728][err] 	/Library/CoreMediaIO/Plug-Ins/DAL/LogiCapture.plugin/Contents/MacOS/LogiCapture: mach-o, but wrong architecture
                [pid=66728][err] [66728:54275:0824/201230.840969:ERROR:block_files.cc(465)] Failed to open /Users/development/workspace/qa-automationtest/utils/browser/test-user-data-dir/ShaderCache/GPUCache/data_0
                [pid=66728][err] [66728:54275:0824/201230.844002:ERROR:backend_impl.cc(1438)] Unable to map Index file
                [pid=66728][err] [66728:30723:0824/201230.844170:ERROR:disk_cache.cc(184)] Unable to create cache
                [pid=66728][err] [66728:30723:0824/201230.844201:ERROR:shader_disk_cache.cc(606)] Shader Cache Creation failed: -2
                [pid=66728][err] [66728:771:0824/201230.886451:ERROR:process_singleton_posix.cc(281)] Failed to create /Users/development/workspace/qa-automationtest/utils/browser/test-user-data-dir/SingletonLock: File exists (17)
                [pid=66728][err] [66728:54275:0824/201231.687187:ERROR:block_files.cc(465)] Failed to open /Users/development/workspace/qa-automationtest/utils/browser/test-user-data-dir/GrShaderCache/GPUCache/data_0
                [pid=66728][out] Opening in existing browser session.
                =========================== logs ===========================
                &lt;launching> /Users/development/Library/Caches/ms-playwright/chromium-857950/chrome-mac/Chromium.app/Contents/MacOS/Chromium --disable-background-networking --enable-features=NetworkService,NetworkServiceInProcess --disable-background-timer-throttling --disable-backgrounding-occluded-windows --disable-breakpad --disable-client-side-phishing-detection --disable-component-extensions-with-background-pages --disable-default-apps --disable-dev-shm-usage --disable-extensions --disable-features=TranslateUI,BlinkGenPropertyTrees,ImprovedCookieControls,SameSiteByDefaultCookies,LazyFrameLoading --disable-hang-monitor --disable-ipc-flooding-protection --disable-popup-blocking --disable-prompt-on-repost --disable-renderer-backgrounding --disable-sync --force-color-profile=srgb --metrics-recording-only --no-first-run --enable-automation --password-store=basic --use-mock-keychain --user-data-dir=/Users/development/workspace/qa-automationtest/utils/browser/test-user-data-dir --remote-debugging-pipe --no-sandbox --disable-extensions-except=/Users/development/workspace/qa-automationtest/utils/browser/metamask-chrome-8.1.3 --load-extension=/Users/development/workspace/qa-automationtest/utils/browser/metamask-chrome-8.1.3 --start-maximized about:blank
                &lt;launched> pid=66728
                [pid=66728][err] 2021-08-24 20:12:30.758 Chromium[66728:3972730] Error loading /Library/CoreMediaIO/Plug-Ins/DAL/LogiCapture.plugin/Contents/MacOS/LogiCapture:  dlopen(/Library/CoreMediaIO/Plug-Ins/DAL/LogiCapture.plugin/Contents/MacOS/LogiCapture, 262): no suitable image found.  Did find:
                [pid=66728][err] 	/Library/CoreMediaIO/Plug-Ins/DAL/LogiCapture.plugin/Contents/MacOS/LogiCapture: mach-o, but wrong architecture
                [pid=66728][err] 	/Library/CoreMediaIO/Plug-Ins/DAL/LogiCapture.plugin/Contents/MacOS/LogiCapture: mach-o, but wrong architecture
                [pid=66728][err] [66728:54275:0824/201230.840969:ERROR:block_files.cc(465)] Failed to open /Users/development/workspace/qa-automationtest/utils/browser/test-user-data-dir/ShaderCache/GPUCache/data_0
                [pid=66728][err] [66728:54275:0824/201230.844002:ERROR:backend_impl.cc(1438)] Unable to map Index file
                [pid=66728][err] [66728:30723:0824/201230.844170:ERROR:disk_cache.cc(184)] Unable to create cache
                [pid=66728][err] [66728:30723:0824/201230.844201:ERROR:shader_disk_cache.cc(606)] Shader Cache Creation failed: -2
                [pid=66728][err] [66728:771:0824/201230.886451:ERROR:process_singleton_posix.cc(281)] Failed to create /Users/development/workspace/qa-automationtest/utils/browser/test-user-data-dir/SingletonLock: File exists (17)
                [pid=66728][err] [66728:54275:0824/201231.687187:ERROR:block_files.cc(465)] Failed to open /Users/development/workspace/qa-automationtest/utils/browser/test-user-data-dir/GrShaderCache/GPUCache/data_0
                [pid=66728][out] Opening in existing browser session.
                ============================================================
                Note: use DEBUG=pw:api environment variable to capture Playwright logs.</message>
                <stack-trace>browserType.launchPersistentContext: Protocol error (Browser.getVersion): Browser closed.
                ==================== Browser output: ====================
                &lt;launching> /Users/development/Library/Caches/ms-playwright/chromium-857950/chrome-mac/Chromium.app/Contents/MacOS/Chromium --disable-background-networking --enable-features=NetworkService,NetworkServiceInProcess --disable-background-timer-throttling --disable-backgrounding-occluded-windows --disable-breakpad --disable-client-side-phishing-detection --disable-component-extensions-with-background-pages --disable-default-apps --disable-dev-shm-usage --disable-extensions --disable-features=TranslateUI,BlinkGenPropertyTrees,ImprovedCookieControls,SameSiteByDefaultCookies,LazyFrameLoading --disable-hang-monitor --disable-ipc-flooding-protection --disable-popup-blocking --disable-prompt-on-repost --disable-renderer-backgrounding --disable-sync --force-color-profile=srgb --metrics-recording-only --no-first-run --enable-automation --password-store=basic --use-mock-keychain --user-data-dir=/Users/development/workspace/qa-automationtest/utils/browser/test-user-data-dir --remote-debugging-pipe --no-sandbox --disable-extensions-except=/Users/development/workspace/qa-automationtest/utils/browser/metamask-chrome-8.1.3 --load-extension=/Users/development/workspace/qa-automationtest/utils/browser/metamask-chrome-8.1.3 --start-maximized about:blank
                &lt;launched> pid=66728
                [pid=66728][err] 2021-08-24 20:12:30.758 Chromium[66728:3972730] Error loading /Library/CoreMediaIO/Plug-Ins/DAL/LogiCapture.plugin/Contents/MacOS/LogiCapture:  dlopen(/Library/CoreMediaIO/Plug-Ins/DAL/LogiCapture.plugin/Contents/MacOS/LogiCapture, 262): no suitable image found.  Did find:
                [pid=66728][err] 	/Library/CoreMediaIO/Plug-Ins/DAL/LogiCapture.plugin/Contents/MacOS/LogiCapture: mach-o, but wrong architecture
                [pid=66728][err] 	/Library/CoreMediaIO/Plug-Ins/DAL/LogiCapture.plugin/Contents/MacOS/LogiCapture: mach-o, but wrong architecture
                [pid=66728][err] [66728:54275:0824/201230.840969:ERROR:block_files.cc(465)] Failed to open /Users/development/workspace/qa-automationtest/utils/browser/test-user-data-dir/ShaderCache/GPUCache/data_0
                [pid=66728][err] [66728:54275:0824/201230.844002:ERROR:backend_impl.cc(1438)] Unable to map Index file
                [pid=66728][err] [66728:30723:0824/201230.844170:ERROR:disk_cache.cc(184)] Unable to create cache
                [pid=66728][err] [66728:30723:0824/201230.844201:ERROR:shader_disk_cache.cc(606)] Shader Cache Creation failed: -2
                [pid=66728][err] [66728:771:0824/201230.886451:ERROR:process_singleton_posix.cc(281)] Failed to create /Users/development/workspace/qa-automationtest/utils/browser/test-user-data-dir/SingletonLock: File exists (17)
                [pid=66728][err] [66728:54275:0824/201231.687187:ERROR:block_files.cc(465)] Failed to open /Users/development/workspace/qa-automationtest/utils/browser/test-user-data-dir/GrShaderCache/GPUCache/data_0
                [pid=66728][out] Opening in existing browser session.
                =========================== logs ===========================
                &lt;launching> /Users/development/Library/Caches/ms-playwright/chromium-857950/chrome-mac/Chromium.app/Contents/MacOS/Chromium --disable-background-networking --enable-features=NetworkService,NetworkServiceInProcess --disable-background-timer-throttling --disable-backgrounding-occluded-windows --disable-breakpad --disable-client-side-phishing-detection --disable-component-extensions-with-background-pages --disable-default-apps --disable-dev-shm-usage --disable-extensions --disable-features=TranslateUI,BlinkGenPropertyTrees,ImprovedCookieControls,SameSiteByDefaultCookies,LazyFrameLoading --disable-hang-monitor --disable-ipc-flooding-protection --disable-popup-blocking --disable-prompt-on-repost --disable-renderer-backgrounding --disable-sync --force-color-profile=srgb --metrics-recording-only --no-first-run --enable-automation --password-store=basic --use-mock-keychain --user-data-dir=/Users/development/workspace/qa-automationtest/utils/browser/test-user-data-dir --remote-debugging-pipe --no-sandbox --disable-extensions-except=/Users/development/workspace/qa-automationtest/utils/browser/metamask-chrome-8.1.3 --load-extension=/Users/development/workspace/qa-automationtest/utils/browser/metamask-chrome-8.1.3 --start-maximized about:blank
                &lt;launched> pid=66728
                [pid=66728][err] 2021-08-24 20:12:30.758 Chromium[66728:3972730] Error loading /Library/CoreMediaIO/Plug-Ins/DAL/LogiCapture.plugin/Contents/MacOS/LogiCapture:  dlopen(/Library/CoreMediaIO/Plug-Ins/DAL/LogiCapture.plugin/Contents/MacOS/LogiCapture, 262): no suitable image found.  Did find:
                [pid=66728][err] 	/Library/CoreMediaIO/Plug-Ins/DAL/LogiCapture.plugin/Contents/MacOS/LogiCapture: mach-o, but wrong architecture
                [pid=66728][err] 	/Library/CoreMediaIO/Plug-Ins/DAL/LogiCapture.plugin/Contents/MacOS/LogiCapture: mach-o, but wrong architecture
                [pid=66728][err] [66728:54275:0824/201230.840969:ERROR:block_files.cc(465)] Failed to open /Users/development/workspace/qa-automationtest/utils/browser/test-user-data-dir/ShaderCache/GPUCache/data_0
                [pid=66728][err] [66728:54275:0824/201230.844002:ERROR:backend_impl.cc(1438)] Unable to map Index file
                [pid=66728][err] [66728:30723:0824/201230.844170:ERROR:disk_cache.cc(184)] Unable to create cache
                [pid=66728][err] [66728:30723:0824/201230.844201:ERROR:shader_disk_cache.cc(606)] Shader Cache Creation failed: -2
                [pid=66728][err] [66728:771:0824/201230.886451:ERROR:process_singleton_posix.cc(281)] Failed to create /Users/development/workspace/qa-automationtest/utils/browser/test-user-data-dir/SingletonLock: File exists (17)
                [pid=66728][err] [66728:54275:0824/201231.687187:ERROR:block_files.cc(465)] Failed to open /Users/development/workspace/qa-automationtest/utils/browser/test-user-data-dir/GrShaderCache/GPUCache/data_0
                [pid=66728][out] Opening in existing browser session.
                ============================================================
                Note: use DEBUG=pw:api environment variable to capture Playwright logs.
                Error: 
                    at Object.captureStackTrace (/Users/development/workspace/qa-automationtest/node_modules/playwright/lib/utils/stackTrace.js:48:19)
                    at Connection.sendMessageToServer (/Users/development/workspace/qa-automationtest/node_modules/playwright/lib/client/connection.js:69:48)
                    at Proxy.&lt;anonymous> (/Users/development/workspace/qa-automationtest/node_modules/playwright/lib/client/channelOwner.js:64:61)
                    at /Users/development/workspace/qa-automationtest/node_modules/playwright/lib/client/browserType.js:86:42
                    at processTicksAndRejections (internal/process/task_queues.js:95:5)
                    at BrowserType._wrapApiCall (/Users/development/workspace/qa-automationtest/node_modules/playwright/lib/client/channelOwner.js:77:28)</stack-trace>
            </failure>
        </test-case>
        <test-case start='1629857553091' status='failed' stop='1629857553091'>
            <name>Proceed breeding steps</name>
            <title>Proceed breeding steps</title>
            <labels/>
            <parameters/>
            <steps/>
            <attachments/>
            <failure>
                <message>Error: browserType.launchPersistentContext: Protocol error (Browser.getVersion): Browser closed.
                ==================== Browser output: ====================
                &lt;launching> /Users/development/Library/Caches/ms-playwright/chromium-857950/chrome-mac/Chromium.app/Contents/MacOS/Chromium --disable-background-networking --enable-features=NetworkService,NetworkServiceInProcess --disable-background-timer-throttling --disable-backgrounding-occluded-windows --disable-breakpad --disable-client-side-phishing-detection --disable-component-extensions-with-background-pages --disable-default-apps --disable-dev-shm-usage --disable-extensions --disable-features=TranslateUI,BlinkGenPropertyTrees,ImprovedCookieControls,SameSiteByDefaultCookies,LazyFrameLoading --disable-hang-monitor --disable-ipc-flooding-protection --disable-popup-blocking --disable-prompt-on-repost --disable-renderer-backgrounding --disable-sync --force-color-profile=srgb --metrics-recording-only --no-first-run --enable-automation --password-store=basic --use-mock-keychain --user-data-dir=/Users/development/workspace/qa-automationtest/utils/browser/test-user-data-dir --remote-debugging-pipe --no-sandbox --disable-extensions-except=/Users/development/workspace/qa-automationtest/utils/browser/metamask-chrome-8.1.3 --load-extension=/Users/development/workspace/qa-automationtest/utils/browser/metamask-chrome-8.1.3 --start-maximized about:blank
                &lt;launched> pid=66728
                [pid=66728][err] 2021-08-24 20:12:30.758 Chromium[66728:3972730] Error loading /Library/CoreMediaIO/Plug-Ins/DAL/LogiCapture.plugin/Contents/MacOS/LogiCapture:  dlopen(/Library/CoreMediaIO/Plug-Ins/DAL/LogiCapture.plugin/Contents/MacOS/LogiCapture, 262): no suitable image found.  Did find:
                [pid=66728][err] 	/Library/CoreMediaIO/Plug-Ins/DAL/LogiCapture.plugin/Contents/MacOS/LogiCapture: mach-o, but wrong architecture
                [pid=66728][err] 	/Library/CoreMediaIO/Plug-Ins/DAL/LogiCapture.plugin/Contents/MacOS/LogiCapture: mach-o, but wrong architecture
                [pid=66728][err] [66728:54275:0824/201230.840969:ERROR:block_files.cc(465)] Failed to open /Users/development/workspace/qa-automationtest/utils/browser/test-user-data-dir/ShaderCache/GPUCache/data_0
                [pid=66728][err] [66728:54275:0824/201230.844002:ERROR:backend_impl.cc(1438)] Unable to map Index file
                [pid=66728][err] [66728:30723:0824/201230.844170:ERROR:disk_cache.cc(184)] Unable to create cache
                [pid=66728][err] [66728:30723:0824/201230.844201:ERROR:shader_disk_cache.cc(606)] Shader Cache Creation failed: -2
                [pid=66728][err] [66728:771:0824/201230.886451:ERROR:process_singleton_posix.cc(281)] Failed to create /Users/development/workspace/qa-automationtest/utils/browser/test-user-data-dir/SingletonLock: File exists (17)
                [pid=66728][err] [66728:54275:0824/201231.687187:ERROR:block_files.cc(465)] Failed to open /Users/development/workspace/qa-automationtest/utils/browser/test-user-data-dir/GrShaderCache/GPUCache/data_0
                [pid=66728][out] Opening in existing browser session.
                =========================== logs ===========================
                &lt;launching> /Users/development/Library/Caches/ms-playwright/chromium-857950/chrome-mac/Chromium.app/Contents/MacOS/Chromium --disable-background-networking --enable-features=NetworkService,NetworkServiceInProcess --disable-background-timer-throttling --disable-backgrounding-occluded-windows --disable-breakpad --disable-client-side-phishing-detection --disable-component-extensions-with-background-pages --disable-default-apps --disable-dev-shm-usage --disable-extensions --disable-features=TranslateUI,BlinkGenPropertyTrees,ImprovedCookieControls,SameSiteByDefaultCookies,LazyFrameLoading --disable-hang-monitor --disable-ipc-flooding-protection --disable-popup-blocking --disable-prompt-on-repost --disable-renderer-backgrounding --disable-sync --force-color-profile=srgb --metrics-recording-only --no-first-run --enable-automation --password-store=basic --use-mock-keychain --user-data-dir=/Users/development/workspace/qa-automationtest/utils/browser/test-user-data-dir --remote-debugging-pipe --no-sandbox --disable-extensions-except=/Users/development/workspace/qa-automationtest/utils/browser/metamask-chrome-8.1.3 --load-extension=/Users/development/workspace/qa-automationtest/utils/browser/metamask-chrome-8.1.3 --start-maximized about:blank
                &lt;launched> pid=66728
                [pid=66728][err] 2021-08-24 20:12:30.758 Chromium[66728:3972730] Error loading /Library/CoreMediaIO/Plug-Ins/DAL/LogiCapture.plugin/Contents/MacOS/LogiCapture:  dlopen(/Library/CoreMediaIO/Plug-Ins/DAL/LogiCapture.plugin/Contents/MacOS/LogiCapture, 262): no suitable image found.  Did find:
                [pid=66728][err] 	/Library/CoreMediaIO/Plug-Ins/DAL/LogiCapture.plugin/Contents/MacOS/LogiCapture: mach-o, but wrong architecture
                [pid=66728][err] 	/Library/CoreMediaIO/Plug-Ins/DAL/LogiCapture.plugin/Contents/MacOS/LogiCapture: mach-o, but wrong architecture
                [pid=66728][err] [66728:54275:0824/201230.840969:ERROR:block_files.cc(465)] Failed to open /Users/development/workspace/qa-automationtest/utils/browser/test-user-data-dir/ShaderCache/GPUCache/data_0
                [pid=66728][err] [66728:54275:0824/201230.844002:ERROR:backend_impl.cc(1438)] Unable to map Index file
                [pid=66728][err] [66728:30723:0824/201230.844170:ERROR:disk_cache.cc(184)] Unable to create cache
                [pid=66728][err] [66728:30723:0824/201230.844201:ERROR:shader_disk_cache.cc(606)] Shader Cache Creation failed: -2
                [pid=66728][err] [66728:771:0824/201230.886451:ERROR:process_singleton_posix.cc(281)] Failed to create /Users/development/workspace/qa-automationtest/utils/browser/test-user-data-dir/SingletonLock: File exists (17)
                [pid=66728][err] [66728:54275:0824/201231.687187:ERROR:block_files.cc(465)] Failed to open /Users/development/workspace/qa-automationtest/utils/browser/test-user-data-dir/GrShaderCache/GPUCache/data_0
                [pid=66728][out] Opening in existing browser session.
                ============================================================
                Note: use DEBUG=pw:api environment variable to capture Playwright logs.</message>
                <stack-trace>browserType.launchPersistentContext: Protocol error (Browser.getVersion): Browser closed.
                ==================== Browser output: ====================
                &lt;launching> /Users/development/Library/Caches/ms-playwright/chromium-857950/chrome-mac/Chromium.app/Contents/MacOS/Chromium --disable-background-networking --enable-features=NetworkService,NetworkServiceInProcess --disable-background-timer-throttling --disable-backgrounding-occluded-windows --disable-breakpad --disable-client-side-phishing-detection --disable-component-extensions-with-background-pages --disable-default-apps --disable-dev-shm-usage --disable-extensions --disable-features=TranslateUI,BlinkGenPropertyTrees,ImprovedCookieControls,SameSiteByDefaultCookies,LazyFrameLoading --disable-hang-monitor --disable-ipc-flooding-protection --disable-popup-blocking --disable-prompt-on-repost --disable-renderer-backgrounding --disable-sync --force-color-profile=srgb --metrics-recording-only --no-first-run --enable-automation --password-store=basic --use-mock-keychain --user-data-dir=/Users/development/workspace/qa-automationtest/utils/browser/test-user-data-dir --remote-debugging-pipe --no-sandbox --disable-extensions-except=/Users/development/workspace/qa-automationtest/utils/browser/metamask-chrome-8.1.3 --load-extension=/Users/development/workspace/qa-automationtest/utils/browser/metamask-chrome-8.1.3 --start-maximized about:blank
                &lt;launched> pid=66728
                [pid=66728][err] 2021-08-24 20:12:30.758 Chromium[66728:3972730] Error loading /Library/CoreMediaIO/Plug-Ins/DAL/LogiCapture.plugin/Contents/MacOS/LogiCapture:  dlopen(/Library/CoreMediaIO/Plug-Ins/DAL/LogiCapture.plugin/Contents/MacOS/LogiCapture, 262): no suitable image found.  Did find:
                [pid=66728][err] 	/Library/CoreMediaIO/Plug-Ins/DAL/LogiCapture.plugin/Contents/MacOS/LogiCapture: mach-o, but wrong architecture
                [pid=66728][err] 	/Library/CoreMediaIO/Plug-Ins/DAL/LogiCapture.plugin/Contents/MacOS/LogiCapture: mach-o, but wrong architecture
                [pid=66728][err] [66728:54275:0824/201230.840969:ERROR:block_files.cc(465)] Failed to open /Users/development/workspace/qa-automationtest/utils/browser/test-user-data-dir/ShaderCache/GPUCache/data_0
                [pid=66728][err] [66728:54275:0824/201230.844002:ERROR:backend_impl.cc(1438)] Unable to map Index file
                [pid=66728][err] [66728:30723:0824/201230.844170:ERROR:disk_cache.cc(184)] Unable to create cache
                [pid=66728][err] [66728:30723:0824/201230.844201:ERROR:shader_disk_cache.cc(606)] Shader Cache Creation failed: -2
                [pid=66728][err] [66728:771:0824/201230.886451:ERROR:process_singleton_posix.cc(281)] Failed to create /Users/development/workspace/qa-automationtest/utils/browser/test-user-data-dir/SingletonLock: File exists (17)
                [pid=66728][err] [66728:54275:0824/201231.687187:ERROR:block_files.cc(465)] Failed to open /Users/development/workspace/qa-automationtest/utils/browser/test-user-data-dir/GrShaderCache/GPUCache/data_0
                [pid=66728][out] Opening in existing browser session.
                =========================== logs ===========================
                &lt;launching> /Users/development/Library/Caches/ms-playwright/chromium-857950/chrome-mac/Chromium.app/Contents/MacOS/Chromium --disable-background-networking --enable-features=NetworkService,NetworkServiceInProcess --disable-background-timer-throttling --disable-backgrounding-occluded-windows --disable-breakpad --disable-client-side-phishing-detection --disable-component-extensions-with-background-pages --disable-default-apps --disable-dev-shm-usage --disable-extensions --disable-features=TranslateUI,BlinkGenPropertyTrees,ImprovedCookieControls,SameSiteByDefaultCookies,LazyFrameLoading --disable-hang-monitor --disable-ipc-flooding-protection --disable-popup-blocking --disable-prompt-on-repost --disable-renderer-backgrounding --disable-sync --force-color-profile=srgb --metrics-recording-only --no-first-run --enable-automation --password-store=basic --use-mock-keychain --user-data-dir=/Users/development/workspace/qa-automationtest/utils/browser/test-user-data-dir --remote-debugging-pipe --no-sandbox --disable-extensions-except=/Users/development/workspace/qa-automationtest/utils/browser/metamask-chrome-8.1.3 --load-extension=/Users/development/workspace/qa-automationtest/utils/browser/metamask-chrome-8.1.3 --start-maximized about:blank
                &lt;launched> pid=66728
                [pid=66728][err] 2021-08-24 20:12:30.758 Chromium[66728:3972730] Error loading /Library/CoreMediaIO/Plug-Ins/DAL/LogiCapture.plugin/Contents/MacOS/LogiCapture:  dlopen(/Library/CoreMediaIO/Plug-Ins/DAL/LogiCapture.plugin/Contents/MacOS/LogiCapture, 262): no suitable image found.  Did find:
                [pid=66728][err] 	/Library/CoreMediaIO/Plug-Ins/DAL/LogiCapture.plugin/Contents/MacOS/LogiCapture: mach-o, but wrong architecture
                [pid=66728][err] 	/Library/CoreMediaIO/Plug-Ins/DAL/LogiCapture.plugin/Contents/MacOS/LogiCapture: mach-o, but wrong architecture
                [pid=66728][err] [66728:54275:0824/201230.840969:ERROR:block_files.cc(465)] Failed to open /Users/development/workspace/qa-automationtest/utils/browser/test-user-data-dir/ShaderCache/GPUCache/data_0
                [pid=66728][err] [66728:54275:0824/201230.844002:ERROR:backend_impl.cc(1438)] Unable to map Index file
                [pid=66728][err] [66728:30723:0824/201230.844170:ERROR:disk_cache.cc(184)] Unable to create cache
                [pid=66728][err] [66728:30723:0824/201230.844201:ERROR:shader_disk_cache.cc(606)] Shader Cache Creation failed: -2
                [pid=66728][err] [66728:771:0824/201230.886451:ERROR:process_singleton_posix.cc(281)] Failed to create /Users/development/workspace/qa-automationtest/utils/browser/test-user-data-dir/SingletonLock: File exists (17)
                [pid=66728][err] [66728:54275:0824/201231.687187:ERROR:block_files.cc(465)] Failed to open /Users/development/workspace/qa-automationtest/utils/browser/test-user-data-dir/GrShaderCache/GPUCache/data_0
                [pid=66728][out] Opening in existing browser session.
                ============================================================
                Note: use DEBUG=pw:api environment variable to capture Playwright logs.
                Error: 
                    at Object.captureStackTrace (/Users/development/workspace/qa-automationtest/node_modules/playwright/lib/utils/stackTrace.js:48:19)
                    at Connection.sendMessageToServer (/Users/development/workspace/qa-automationtest/node_modules/playwright/lib/client/connection.js:69:48)
                    at Proxy.&lt;anonymous> (/Users/development/workspace/qa-automationtest/node_modules/playwright/lib/client/channelOwner.js:64:61)
                    at /Users/development/workspace/qa-automationtest/node_modules/playwright/lib/client/browserType.js:86:42
                    at processTicksAndRejections (internal/process/task_queues.js:95:5)
                    at BrowserType._wrapApiCall (/Users/development/workspace/qa-automationtest/node_modules/playwright/lib/client/channelOwner.js:77:28)</stack-trace>
            </failure>
        </test-case>
        <test-case start='1629857553091' status='failed' stop='1629857553091'>
            <name>Go to Activity page and check if we breed successfully</name>
            <title>Go to Activity page and check if we breed successfully</title>
            <labels/>
            <parameters/>
            <steps/>
            <attachments/>
            <failure>
                <message>Error: browserType.launchPersistentContext: Protocol error (Browser.getVersion): Browser closed.
                ==================== Browser output: ====================
                &lt;launching> /Users/development/Library/Caches/ms-playwright/chromium-857950/chrome-mac/Chromium.app/Contents/MacOS/Chromium --disable-background-networking --enable-features=NetworkService,NetworkServiceInProcess --disable-background-timer-throttling --disable-backgrounding-occluded-windows --disable-breakpad --disable-client-side-phishing-detection --disable-component-extensions-with-background-pages --disable-default-apps --disable-dev-shm-usage --disable-extensions --disable-features=TranslateUI,BlinkGenPropertyTrees,ImprovedCookieControls,SameSiteByDefaultCookies,LazyFrameLoading --disable-hang-monitor --disable-ipc-flooding-protection --disable-popup-blocking --disable-prompt-on-repost --disable-renderer-backgrounding --disable-sync --force-color-profile=srgb --metrics-recording-only --no-first-run --enable-automation --password-store=basic --use-mock-keychain --user-data-dir=/Users/development/workspace/qa-automationtest/utils/browser/test-user-data-dir --remote-debugging-pipe --no-sandbox --disable-extensions-except=/Users/development/workspace/qa-automationtest/utils/browser/metamask-chrome-8.1.3 --load-extension=/Users/development/workspace/qa-automationtest/utils/browser/metamask-chrome-8.1.3 --start-maximized about:blank
                &lt;launched> pid=66728
                [pid=66728][err] 2021-08-24 20:12:30.758 Chromium[66728:3972730] Error loading /Library/CoreMediaIO/Plug-Ins/DAL/LogiCapture.plugin/Contents/MacOS/LogiCapture:  dlopen(/Library/CoreMediaIO/Plug-Ins/DAL/LogiCapture.plugin/Contents/MacOS/LogiCapture, 262): no suitable image found.  Did find:
                [pid=66728][err] 	/Library/CoreMediaIO/Plug-Ins/DAL/LogiCapture.plugin/Contents/MacOS/LogiCapture: mach-o, but wrong architecture
                [pid=66728][err] 	/Library/CoreMediaIO/Plug-Ins/DAL/LogiCapture.plugin/Contents/MacOS/LogiCapture: mach-o, but wrong architecture
                [pid=66728][err] [66728:54275:0824/201230.840969:ERROR:block_files.cc(465)] Failed to open /Users/development/workspace/qa-automationtest/utils/browser/test-user-data-dir/ShaderCache/GPUCache/data_0
                [pid=66728][err] [66728:54275:0824/201230.844002:ERROR:backend_impl.cc(1438)] Unable to map Index file
                [pid=66728][err] [66728:30723:0824/201230.844170:ERROR:disk_cache.cc(184)] Unable to create cache
                [pid=66728][err] [66728:30723:0824/201230.844201:ERROR:shader_disk_cache.cc(606)] Shader Cache Creation failed: -2
                [pid=66728][err] [66728:771:0824/201230.886451:ERROR:process_singleton_posix.cc(281)] Failed to create /Users/development/workspace/qa-automationtest/utils/browser/test-user-data-dir/SingletonLock: File exists (17)
                [pid=66728][err] [66728:54275:0824/201231.687187:ERROR:block_files.cc(465)] Failed to open /Users/development/workspace/qa-automationtest/utils/browser/test-user-data-dir/GrShaderCache/GPUCache/data_0
                [pid=66728][out] Opening in existing browser session.
                =========================== logs ===========================
                &lt;launching> /Users/development/Library/Caches/ms-playwright/chromium-857950/chrome-mac/Chromium.app/Contents/MacOS/Chromium --disable-background-networking --enable-features=NetworkService,NetworkServiceInProcess --disable-background-timer-throttling --disable-backgrounding-occluded-windows --disable-breakpad --disable-client-side-phishing-detection --disable-component-extensions-with-background-pages --disable-default-apps --disable-dev-shm-usage --disable-extensions --disable-features=TranslateUI,BlinkGenPropertyTrees,ImprovedCookieControls,SameSiteByDefaultCookies,LazyFrameLoading --disable-hang-monitor --disable-ipc-flooding-protection --disable-popup-blocking --disable-prompt-on-repost --disable-renderer-backgrounding --disable-sync --force-color-profile=srgb --metrics-recording-only --no-first-run --enable-automation --password-store=basic --use-mock-keychain --user-data-dir=/Users/development/workspace/qa-automationtest/utils/browser/test-user-data-dir --remote-debugging-pipe --no-sandbox --disable-extensions-except=/Users/development/workspace/qa-automationtest/utils/browser/metamask-chrome-8.1.3 --load-extension=/Users/development/workspace/qa-automationtest/utils/browser/metamask-chrome-8.1.3 --start-maximized about:blank
                &lt;launched> pid=66728
                [pid=66728][err] 2021-08-24 20:12:30.758 Chromium[66728:3972730] Error loading /Library/CoreMediaIO/Plug-Ins/DAL/LogiCapture.plugin/Contents/MacOS/LogiCapture:  dlopen(/Library/CoreMediaIO/Plug-Ins/DAL/LogiCapture.plugin/Contents/MacOS/LogiCapture, 262): no suitable image found.  Did find:
                [pid=66728][err] 	/Library/CoreMediaIO/Plug-Ins/DAL/LogiCapture.plugin/Contents/MacOS/LogiCapture: mach-o, but wrong architecture
                [pid=66728][err] 	/Library/CoreMediaIO/Plug-Ins/DAL/LogiCapture.plugin/Contents/MacOS/LogiCapture: mach-o, but wrong architecture
                [pid=66728][err] [66728:54275:0824/201230.840969:ERROR:block_files.cc(465)] Failed to open /Users/development/workspace/qa-automationtest/utils/browser/test-user-data-dir/ShaderCache/GPUCache/data_0
                [pid=66728][err] [66728:54275:0824/201230.844002:ERROR:backend_impl.cc(1438)] Unable to map Index file
                [pid=66728][err] [66728:30723:0824/201230.844170:ERROR:disk_cache.cc(184)] Unable to create cache
                [pid=66728][err] [66728:30723:0824/201230.844201:ERROR:shader_disk_cache.cc(606)] Shader Cache Creation failed: -2
                [pid=66728][err] [66728:771:0824/201230.886451:ERROR:process_singleton_posix.cc(281)] Failed to create /Users/development/workspace/qa-automationtest/utils/browser/test-user-data-dir/SingletonLock: File exists (17)
                [pid=66728][err] [66728:54275:0824/201231.687187:ERROR:block_files.cc(465)] Failed to open /Users/development/workspace/qa-automationtest/utils/browser/test-user-data-dir/GrShaderCache/GPUCache/data_0
                [pid=66728][out] Opening in existing browser session.
                ============================================================
                Note: use DEBUG=pw:api environment variable to capture Playwright logs.</message>
                <stack-trace>browserType.launchPersistentContext: Protocol error (Browser.getVersion): Browser closed.
                ==================== Browser output: ====================
                &lt;launching> /Users/development/Library/Caches/ms-playwright/chromium-857950/chrome-mac/Chromium.app/Contents/MacOS/Chromium --disable-background-networking --enable-features=NetworkService,NetworkServiceInProcess --disable-background-timer-throttling --disable-backgrounding-occluded-windows --disable-breakpad --disable-client-side-phishing-detection --disable-component-extensions-with-background-pages --disable-default-apps --disable-dev-shm-usage --disable-extensions --disable-features=TranslateUI,BlinkGenPropertyTrees,ImprovedCookieControls,SameSiteByDefaultCookies,LazyFrameLoading --disable-hang-monitor --disable-ipc-flooding-protection --disable-popup-blocking --disable-prompt-on-repost --disable-renderer-backgrounding --disable-sync --force-color-profile=srgb --metrics-recording-only --no-first-run --enable-automation --password-store=basic --use-mock-keychain --user-data-dir=/Users/development/workspace/qa-automationtest/utils/browser/test-user-data-dir --remote-debugging-pipe --no-sandbox --disable-extensions-except=/Users/development/workspace/qa-automationtest/utils/browser/metamask-chrome-8.1.3 --load-extension=/Users/development/workspace/qa-automationtest/utils/browser/metamask-chrome-8.1.3 --start-maximized about:blank
                &lt;launched> pid=66728
                [pid=66728][err] 2021-08-24 20:12:30.758 Chromium[66728:3972730] Error loading /Library/CoreMediaIO/Plug-Ins/DAL/LogiCapture.plugin/Contents/MacOS/LogiCapture:  dlopen(/Library/CoreMediaIO/Plug-Ins/DAL/LogiCapture.plugin/Contents/MacOS/LogiCapture, 262): no suitable image found.  Did find:
                [pid=66728][err] 	/Library/CoreMediaIO/Plug-Ins/DAL/LogiCapture.plugin/Contents/MacOS/LogiCapture: mach-o, but wrong architecture
                [pid=66728][err] 	/Library/CoreMediaIO/Plug-Ins/DAL/LogiCapture.plugin/Contents/MacOS/LogiCapture: mach-o, but wrong architecture
                [pid=66728][err] [66728:54275:0824/201230.840969:ERROR:block_files.cc(465)] Failed to open /Users/development/workspace/qa-automationtest/utils/browser/test-user-data-dir/ShaderCache/GPUCache/data_0
                [pid=66728][err] [66728:54275:0824/201230.844002:ERROR:backend_impl.cc(1438)] Unable to map Index file
                [pid=66728][err] [66728:30723:0824/201230.844170:ERROR:disk_cache.cc(184)] Unable to create cache
                [pid=66728][err] [66728:30723:0824/201230.844201:ERROR:shader_disk_cache.cc(606)] Shader Cache Creation failed: -2
                [pid=66728][err] [66728:771:0824/201230.886451:ERROR:process_singleton_posix.cc(281)] Failed to create /Users/development/workspace/qa-automationtest/utils/browser/test-user-data-dir/SingletonLock: File exists (17)
                [pid=66728][err] [66728:54275:0824/201231.687187:ERROR:block_files.cc(465)] Failed to open /Users/development/workspace/qa-automationtest/utils/browser/test-user-data-dir/GrShaderCache/GPUCache/data_0
                [pid=66728][out] Opening in existing browser session.
                =========================== logs ===========================
                &lt;launching> /Users/development/Library/Caches/ms-playwright/chromium-857950/chrome-mac/Chromium.app/Contents/MacOS/Chromium --disable-background-networking --enable-features=NetworkService,NetworkServiceInProcess --disable-background-timer-throttling --disable-backgrounding-occluded-windows --disable-breakpad --disable-client-side-phishing-detection --disable-component-extensions-with-background-pages --disable-default-apps --disable-dev-shm-usage --disable-extensions --disable-features=TranslateUI,BlinkGenPropertyTrees,ImprovedCookieControls,SameSiteByDefaultCookies,LazyFrameLoading --disable-hang-monitor --disable-ipc-flooding-protection --disable-popup-blocking --disable-prompt-on-repost --disable-renderer-backgrounding --disable-sync --force-color-profile=srgb --metrics-recording-only --no-first-run --enable-automation --password-store=basic --use-mock-keychain --user-data-dir=/Users/development/workspace/qa-automationtest/utils/browser/test-user-data-dir --remote-debugging-pipe --no-sandbox --disable-extensions-except=/Users/development/workspace/qa-automationtest/utils/browser/metamask-chrome-8.1.3 --load-extension=/Users/development/workspace/qa-automationtest/utils/browser/metamask-chrome-8.1.3 --start-maximized about:blank
                &lt;launched> pid=66728
                [pid=66728][err] 2021-08-24 20:12:30.758 Chromium[66728:3972730] Error loading /Library/CoreMediaIO/Plug-Ins/DAL/LogiCapture.plugin/Contents/MacOS/LogiCapture:  dlopen(/Library/CoreMediaIO/Plug-Ins/DAL/LogiCapture.plugin/Contents/MacOS/LogiCapture, 262): no suitable image found.  Did find:
                [pid=66728][err] 	/Library/CoreMediaIO/Plug-Ins/DAL/LogiCapture.plugin/Contents/MacOS/LogiCapture: mach-o, but wrong architecture
                [pid=66728][err] 	/Library/CoreMediaIO/Plug-Ins/DAL/LogiCapture.plugin/Contents/MacOS/LogiCapture: mach-o, but wrong architecture
                [pid=66728][err] [66728:54275:0824/201230.840969:ERROR:block_files.cc(465)] Failed to open /Users/development/workspace/qa-automationtest/utils/browser/test-user-data-dir/ShaderCache/GPUCache/data_0
                [pid=66728][err] [66728:54275:0824/201230.844002:ERROR:backend_impl.cc(1438)] Unable to map Index file
                [pid=66728][err] [66728:30723:0824/201230.844170:ERROR:disk_cache.cc(184)] Unable to create cache
                [pid=66728][err] [66728:30723:0824/201230.844201:ERROR:shader_disk_cache.cc(606)] Shader Cache Creation failed: -2
                [pid=66728][err] [66728:771:0824/201230.886451:ERROR:process_singleton_posix.cc(281)] Failed to create /Users/development/workspace/qa-automationtest/utils/browser/test-user-data-dir/SingletonLock: File exists (17)
                [pid=66728][err] [66728:54275:0824/201231.687187:ERROR:block_files.cc(465)] Failed to open /Users/development/workspace/qa-automationtest/utils/browser/test-user-data-dir/GrShaderCache/GPUCache/data_0
                [pid=66728][out] Opening in existing browser session.
                ============================================================
                Note: use DEBUG=pw:api environment variable to capture Playwright logs.
                Error: 
                    at Object.captureStackTrace (/Users/development/workspace/qa-automationtest/node_modules/playwright/lib/utils/stackTrace.js:48:19)
                    at Connection.sendMessageToServer (/Users/development/workspace/qa-automationtest/node_modules/playwright/lib/client/connection.js:69:48)
                    at Proxy.&lt;anonymous> (/Users/development/workspace/qa-automationtest/node_modules/playwright/lib/client/channelOwner.js:64:61)
                    at /Users/development/workspace/qa-automationtest/node_modules/playwright/lib/client/browserType.js:86:42
                    at processTicksAndRejections (internal/process/task_queues.js:95:5)
                    at BrowserType._wrapApiCall (/Users/development/workspace/qa-automationtest/node_modules/playwright/lib/client/channelOwner.js:77:28)</stack-trace>
            </failure>
        </test-case>
        <test-case start='1629857553091' status='failed' stop='1629857553091'>
            <name>Go to Stable page and verify there is a new horse</name>
            <title>Go to Stable page and verify there is a new horse</title>
            <labels/>
            <parameters/>
            <steps/>
            <attachments/>
            <failure>
                <message>Error: browserType.launchPersistentContext: Protocol error (Browser.getVersion): Browser closed.
                ==================== Browser output: ====================
                &lt;launching> /Users/development/Library/Caches/ms-playwright/chromium-857950/chrome-mac/Chromium.app/Contents/MacOS/Chromium --disable-background-networking --enable-features=NetworkService,NetworkServiceInProcess --disable-background-timer-throttling --disable-backgrounding-occluded-windows --disable-breakpad --disable-client-side-phishing-detection --disable-component-extensions-with-background-pages --disable-default-apps --disable-dev-shm-usage --disable-extensions --disable-features=TranslateUI,BlinkGenPropertyTrees,ImprovedCookieControls,SameSiteByDefaultCookies,LazyFrameLoading --disable-hang-monitor --disable-ipc-flooding-protection --disable-popup-blocking --disable-prompt-on-repost --disable-renderer-backgrounding --disable-sync --force-color-profile=srgb --metrics-recording-only --no-first-run --enable-automation --password-store=basic --use-mock-keychain --user-data-dir=/Users/development/workspace/qa-automationtest/utils/browser/test-user-data-dir --remote-debugging-pipe --no-sandbox --disable-extensions-except=/Users/development/workspace/qa-automationtest/utils/browser/metamask-chrome-8.1.3 --load-extension=/Users/development/workspace/qa-automationtest/utils/browser/metamask-chrome-8.1.3 --start-maximized about:blank
                &lt;launched> pid=66728
                [pid=66728][err] 2021-08-24 20:12:30.758 Chromium[66728:3972730] Error loading /Library/CoreMediaIO/Plug-Ins/DAL/LogiCapture.plugin/Contents/MacOS/LogiCapture:  dlopen(/Library/CoreMediaIO/Plug-Ins/DAL/LogiCapture.plugin/Contents/MacOS/LogiCapture, 262): no suitable image found.  Did find:
                [pid=66728][err] 	/Library/CoreMediaIO/Plug-Ins/DAL/LogiCapture.plugin/Contents/MacOS/LogiCapture: mach-o, but wrong architecture
                [pid=66728][err] 	/Library/CoreMediaIO/Plug-Ins/DAL/LogiCapture.plugin/Contents/MacOS/LogiCapture: mach-o, but wrong architecture
                [pid=66728][err] [66728:54275:0824/201230.840969:ERROR:block_files.cc(465)] Failed to open /Users/development/workspace/qa-automationtest/utils/browser/test-user-data-dir/ShaderCache/GPUCache/data_0
                [pid=66728][err] [66728:54275:0824/201230.844002:ERROR:backend_impl.cc(1438)] Unable to map Index file
                [pid=66728][err] [66728:30723:0824/201230.844170:ERROR:disk_cache.cc(184)] Unable to create cache
                [pid=66728][err] [66728:30723:0824/201230.844201:ERROR:shader_disk_cache.cc(606)] Shader Cache Creation failed: -2
                [pid=66728][err] [66728:771:0824/201230.886451:ERROR:process_singleton_posix.cc(281)] Failed to create /Users/development/workspace/qa-automationtest/utils/browser/test-user-data-dir/SingletonLock: File exists (17)
                [pid=66728][err] [66728:54275:0824/201231.687187:ERROR:block_files.cc(465)] Failed to open /Users/development/workspace/qa-automationtest/utils/browser/test-user-data-dir/GrShaderCache/GPUCache/data_0
                [pid=66728][out] Opening in existing browser session.
                =========================== logs ===========================
                &lt;launching> /Users/development/Library/Caches/ms-playwright/chromium-857950/chrome-mac/Chromium.app/Contents/MacOS/Chromium --disable-background-networking --enable-features=NetworkService,NetworkServiceInProcess --disable-background-timer-throttling --disable-backgrounding-occluded-windows --disable-breakpad --disable-client-side-phishing-detection --disable-component-extensions-with-background-pages --disable-default-apps --disable-dev-shm-usage --disable-extensions --disable-features=TranslateUI,BlinkGenPropertyTrees,ImprovedCookieControls,SameSiteByDefaultCookies,LazyFrameLoading --disable-hang-monitor --disable-ipc-flooding-protection --disable-popup-blocking --disable-prompt-on-repost --disable-renderer-backgrounding --disable-sync --force-color-profile=srgb --metrics-recording-only --no-first-run --enable-automation --password-store=basic --use-mock-keychain --user-data-dir=/Users/development/workspace/qa-automationtest/utils/browser/test-user-data-dir --remote-debugging-pipe --no-sandbox --disable-extensions-except=/Users/development/workspace/qa-automationtest/utils/browser/metamask-chrome-8.1.3 --load-extension=/Users/development/workspace/qa-automationtest/utils/browser/metamask-chrome-8.1.3 --start-maximized about:blank
                &lt;launched> pid=66728
                [pid=66728][err] 2021-08-24 20:12:30.758 Chromium[66728:3972730] Error loading /Library/CoreMediaIO/Plug-Ins/DAL/LogiCapture.plugin/Contents/MacOS/LogiCapture:  dlopen(/Library/CoreMediaIO/Plug-Ins/DAL/LogiCapture.plugin/Contents/MacOS/LogiCapture, 262): no suitable image found.  Did find:
                [pid=66728][err] 	/Library/CoreMediaIO/Plug-Ins/DAL/LogiCapture.plugin/Contents/MacOS/LogiCapture: mach-o, but wrong architecture
                [pid=66728][err] 	/Library/CoreMediaIO/Plug-Ins/DAL/LogiCapture.plugin/Contents/MacOS/LogiCapture: mach-o, but wrong architecture
                [pid=66728][err] [66728:54275:0824/201230.840969:ERROR:block_files.cc(465)] Failed to open /Users/development/workspace/qa-automationtest/utils/browser/test-user-data-dir/ShaderCache/GPUCache/data_0
                [pid=66728][err] [66728:54275:0824/201230.844002:ERROR:backend_impl.cc(1438)] Unable to map Index file
                [pid=66728][err] [66728:30723:0824/201230.844170:ERROR:disk_cache.cc(184)] Unable to create cache
                [pid=66728][err] [66728:30723:0824/201230.844201:ERROR:shader_disk_cache.cc(606)] Shader Cache Creation failed: -2
                [pid=66728][err] [66728:771:0824/201230.886451:ERROR:process_singleton_posix.cc(281)] Failed to create /Users/development/workspace/qa-automationtest/utils/browser/test-user-data-dir/SingletonLock: File exists (17)
                [pid=66728][err] [66728:54275:0824/201231.687187:ERROR:block_files.cc(465)] Failed to open /Users/development/workspace/qa-automationtest/utils/browser/test-user-data-dir/GrShaderCache/GPUCache/data_0
                [pid=66728][out] Opening in existing browser session.
                ============================================================
                Note: use DEBUG=pw:api environment variable to capture Playwright logs.</message>
                <stack-trace>browserType.launchPersistentContext: Protocol error (Browser.getVersion): Browser closed.
                ==================== Browser output: ====================
                &lt;launching> /Users/development/Library/Caches/ms-playwright/chromium-857950/chrome-mac/Chromium.app/Contents/MacOS/Chromium --disable-background-networking --enable-features=NetworkService,NetworkServiceInProcess --disable-background-timer-throttling --disable-backgrounding-occluded-windows --disable-breakpad --disable-client-side-phishing-detection --disable-component-extensions-with-background-pages --disable-default-apps --disable-dev-shm-usage --disable-extensions --disable-features=TranslateUI,BlinkGenPropertyTrees,ImprovedCookieControls,SameSiteByDefaultCookies,LazyFrameLoading --disable-hang-monitor --disable-ipc-flooding-protection --disable-popup-blocking --disable-prompt-on-repost --disable-renderer-backgrounding --disable-sync --force-color-profile=srgb --metrics-recording-only --no-first-run --enable-automation --password-store=basic --use-mock-keychain --user-data-dir=/Users/development/workspace/qa-automationtest/utils/browser/test-user-data-dir --remote-debugging-pipe --no-sandbox --disable-extensions-except=/Users/development/workspace/qa-automationtest/utils/browser/metamask-chrome-8.1.3 --load-extension=/Users/development/workspace/qa-automationtest/utils/browser/metamask-chrome-8.1.3 --start-maximized about:blank
                &lt;launched> pid=66728
                [pid=66728][err] 2021-08-24 20:12:30.758 Chromium[66728:3972730] Error loading /Library/CoreMediaIO/Plug-Ins/DAL/LogiCapture.plugin/Contents/MacOS/LogiCapture:  dlopen(/Library/CoreMediaIO/Plug-Ins/DAL/LogiCapture.plugin/Contents/MacOS/LogiCapture, 262): no suitable image found.  Did find:
                [pid=66728][err] 	/Library/CoreMediaIO/Plug-Ins/DAL/LogiCapture.plugin/Contents/MacOS/LogiCapture: mach-o, but wrong architecture
                [pid=66728][err] 	/Library/CoreMediaIO/Plug-Ins/DAL/LogiCapture.plugin/Contents/MacOS/LogiCapture: mach-o, but wrong architecture
                [pid=66728][err] [66728:54275:0824/201230.840969:ERROR:block_files.cc(465)] Failed to open /Users/development/workspace/qa-automationtest/utils/browser/test-user-data-dir/ShaderCache/GPUCache/data_0
                [pid=66728][err] [66728:54275:0824/201230.844002:ERROR:backend_impl.cc(1438)] Unable to map Index file
                [pid=66728][err] [66728:30723:0824/201230.844170:ERROR:disk_cache.cc(184)] Unable to create cache
                [pid=66728][err] [66728:30723:0824/201230.844201:ERROR:shader_disk_cache.cc(606)] Shader Cache Creation failed: -2
                [pid=66728][err] [66728:771:0824/201230.886451:ERROR:process_singleton_posix.cc(281)] Failed to create /Users/development/workspace/qa-automationtest/utils/browser/test-user-data-dir/SingletonLock: File exists (17)
                [pid=66728][err] [66728:54275:0824/201231.687187:ERROR:block_files.cc(465)] Failed to open /Users/development/workspace/qa-automationtest/utils/browser/test-user-data-dir/GrShaderCache/GPUCache/data_0
                [pid=66728][out] Opening in existing browser session.
                =========================== logs ===========================
                &lt;launching> /Users/development/Library/Caches/ms-playwright/chromium-857950/chrome-mac/Chromium.app/Contents/MacOS/Chromium --disable-background-networking --enable-features=NetworkService,NetworkServiceInProcess --disable-background-timer-throttling --disable-backgrounding-occluded-windows --disable-breakpad --disable-client-side-phishing-detection --disable-component-extensions-with-background-pages --disable-default-apps --disable-dev-shm-usage --disable-extensions --disable-features=TranslateUI,BlinkGenPropertyTrees,ImprovedCookieControls,SameSiteByDefaultCookies,LazyFrameLoading --disable-hang-monitor --disable-ipc-flooding-protection --disable-popup-blocking --disable-prompt-on-repost --disable-renderer-backgrounding --disable-sync --force-color-profile=srgb --metrics-recording-only --no-first-run --enable-automation --password-store=basic --use-mock-keychain --user-data-dir=/Users/development/workspace/qa-automationtest/utils/browser/test-user-data-dir --remote-debugging-pipe --no-sandbox --disable-extensions-except=/Users/development/workspace/qa-automationtest/utils/browser/metamask-chrome-8.1.3 --load-extension=/Users/development/workspace/qa-automationtest/utils/browser/metamask-chrome-8.1.3 --start-maximized about:blank
                &lt;launched> pid=66728
                [pid=66728][err] 2021-08-24 20:12:30.758 Chromium[66728:3972730] Error loading /Library/CoreMediaIO/Plug-Ins/DAL/LogiCapture.plugin/Contents/MacOS/LogiCapture:  dlopen(/Library/CoreMediaIO/Plug-Ins/DAL/LogiCapture.plugin/Contents/MacOS/LogiCapture, 262): no suitable image found.  Did find:
                [pid=66728][err] 	/Library/CoreMediaIO/Plug-Ins/DAL/LogiCapture.plugin/Contents/MacOS/LogiCapture: mach-o, but wrong architecture
                [pid=66728][err] 	/Library/CoreMediaIO/Plug-Ins/DAL/LogiCapture.plugin/Contents/MacOS/LogiCapture: mach-o, but wrong architecture
                [pid=66728][err] [66728:54275:0824/201230.840969:ERROR:block_files.cc(465)] Failed to open /Users/development/workspace/qa-automationtest/utils/browser/test-user-data-dir/ShaderCache/GPUCache/data_0
                [pid=66728][err] [66728:54275:0824/201230.844002:ERROR:backend_impl.cc(1438)] Unable to map Index file
                [pid=66728][err] [66728:30723:0824/201230.844170:ERROR:disk_cache.cc(184)] Unable to create cache
                [pid=66728][err] [66728:30723:0824/201230.844201:ERROR:shader_disk_cache.cc(606)] Shader Cache Creation failed: -2
                [pid=66728][err] [66728:771:0824/201230.886451:ERROR:process_singleton_posix.cc(281)] Failed to create /Users/development/workspace/qa-automationtest/utils/browser/test-user-data-dir/SingletonLock: File exists (17)
                [pid=66728][err] [66728:54275:0824/201231.687187:ERROR:block_files.cc(465)] Failed to open /Users/development/workspace/qa-automationtest/utils/browser/test-user-data-dir/GrShaderCache/GPUCache/data_0
                [pid=66728][out] Opening in existing browser session.
                ============================================================
                Note: use DEBUG=pw:api environment variable to capture Playwright logs.
                Error: 
                    at Object.captureStackTrace (/Users/development/workspace/qa-automationtest/node_modules/playwright/lib/utils/stackTrace.js:48:19)
                    at Connection.sendMessageToServer (/Users/development/workspace/qa-automationtest/node_modules/playwright/lib/client/connection.js:69:48)
                    at Proxy.&lt;anonymous> (/Users/development/workspace/qa-automationtest/node_modules/playwright/lib/client/channelOwner.js:64:61)
                    at /Users/development/workspace/qa-automationtest/node_modules/playwright/lib/client/browserType.js:86:42
                    at processTicksAndRejections (internal/process/task_queues.js:95:5)
                    at BrowserType._wrapApiCall (/Users/development/workspace/qa-automationtest/node_modules/playwright/lib/client/channelOwner.js:77:28)</stack-trace>
            </failure>
        </test-case>
    </test-cases>
</ns2:test-suite>