<?xml version='1.0'?>
<ns2:test-suite xmlns:ns2='urn:model.allure.qatools.yandex.ru' start='1609670597976' stop='1609670615065'>
    <name>Withdraw from ZED balance by logging in with magic link</name>
    <title>Withdraw from ZED balance by logging in with magic link</title>
    <test-cases>
        <test-case start='1609670597977' status='failed' stop='1609670598006'>
            <name>Open ZedRun page and input valid email to generate magic link</name>
            <title>Open ZedRun page and input valid email to generate magic link</title>
            <labels/>
            <parameters/>
            <steps/>
            <attachments/>
            <failure>
                <message>Error: browserContext.close: Protocol error (Target.disposeBrowserContext): Target closed.</message>
                <stack-trace>browserContext.close: Protocol error (Target.disposeBrowserContext): Target closed.: 
                    at Connection.sendMessageToServer (/Users/davidle/qa-automationtest/node_modules/playwright/lib/client/connection.js:69:15)
                    at Proxy.&lt;anonymous> (/Users/davidle/qa-automationtest/node_modules/playwright/lib/client/channelOwner.js:54:53)
                    at _wrapApiCall (/Users/davidle/qa-automationtest/node_modules/playwright/lib/client/browserContext.js:198:37)
                    at ChromiumBrowserContext._wrapApiCall (/Users/davidle/qa-automationtest/node_modules/playwright/lib/client/channelOwner.js:80:34)
                    at ChromiumBrowserContext.close (/Users/davidle/qa-automationtest/node_modules/playwright/lib/client/browserContext.js:197:24)
                    at PageFactory.endTest (/Users/davidle/qa-automationtest/utils/browser/pageFactory.js:38:22)
                    at Object.&lt;anonymous>.afterAll (/Users/davidle/qa-automationtest/tests/deposite-withdraw/deposite-mail-login.test.js:78:20)
                    at resolve (/Users/davidle/qa-automationtest/node_modules/jest-jasmine2/build/queueRunner.js:45:12)
                    at new Promise (&lt;anonymous>)
                    at mapper (/Users/davidle/qa-automationtest/node_modules/jest-jasmine2/build/queueRunner.js:28:19)
                    at promise.then (/Users/davidle/qa-automationtest/node_modules/jest-jasmine2/build/queueRunner.js:75:41)</stack-trace>
            </failure>
        </test-case>
        <test-case start='1609670598006' status='passed' stop='1609670600046'>
            <name>Check mail inbox to get magic link</name>
            <title>Check mail inbox to get magic link</title>
            <labels/>
            <parameters/>
            <steps/>
            <attachments/>
        </test-case>
        <test-case start='1609670600046' status='failed' stop='1609670605047'>
            <name>Open new browser with magic link</name>
            <title>Open new browser with magic link</title>
            <labels/>
            <parameters/>
            <steps/>
            <attachments/>
            <failure>
                <message>: Timeout - Async callback was not invoked within the 5000 ms timeout specified by jest.setTimeout.</message>
                <stack-trace>Timeout - Async callback was not invoked within the 5000 ms timeout specified by jest.setTimeout.Error: 
                    at new Spec (/Users/davidle/qa-automationtest/node_modules/jest-jasmine2/build/jasmine/Spec.js:116:22)
                    at new Spec (/Users/davidle/qa-automationtest/node_modules/jest-jasmine2/build/setup_jest_globals.js:78:9)
                    at specFactory (/Users/davidle/qa-automationtest/node_modules/jest-jasmine2/build/jasmine/Env.js:523:24)
                    at Env.it (/Users/davidle/qa-automationtest/node_modules/jest-jasmine2/build/jasmine/Env.js:592:24)
                    at Env.it (/Users/davidle/qa-automationtest/node_modules/jest-jasmine2/build/jasmineAsyncInstall.js:134:23)
                    at test (/Users/davidle/qa-automationtest/node_modules/jest-jasmine2/build/jasmine/jasmineLight.js:100:21)
                    at Suite.Object.&lt;anonymous>.describe (/Users/davidle/qa-automationtest/tests/deposite-withdraw/withdraw-mail-login.test.js:47:3)
                    at addSpecsToSuite (/Users/davidle/qa-automationtest/node_modules/jest-jasmine2/build/jasmine/Env.js:444:51)
                    at Env.describe (/Users/davidle/qa-automationtest/node_modules/jest-jasmine2/build/jasmine/Env.js:414:11)
                    at describe (/Users/davidle/qa-automationtest/node_modules/jest-jasmine2/build/jasmine/jasmineLight.js:88:18)
                    at Object.&lt;anonymous> (/Users/davidle/qa-automationtest/tests/deposite-withdraw/withdraw-mail-login.test.js:25:1)
                    at Runtime._execModule (/Users/davidle/qa-automationtest/node_modules/jest-runtime/build/index.js:1299:24)
                    at Runtime._loadModule (/Users/davidle/qa-automationtest/node_modules/jest-runtime/build/index.js:898:12)
                    at Runtime.requireModule (/Users/davidle/qa-automationtest/node_modules/jest-runtime/build/index.js:746:10)
                    at jasmine2 (/Users/davidle/qa-automationtest/node_modules/jest-jasmine2/build/index.js:230:13)
                    at runTestInternal (/Users/davidle/qa-automationtest/node_modules/jest-runner/build/runTest.js:380:22)
                    at process._tickCallback (internal/process/next_tick.js:68:7)</stack-trace>
            </failure>
        </test-case>
        <test-case start='1609670605047' status='failed' stop='1609670610056'>
            <name>Check that avatar is shown then click on Wallet</name>
            <title>Check that avatar is shown then click on Wallet</title>
            <labels/>
            <parameters/>
            <steps/>
            <attachments/>
            <failure>
                <message>: Timeout - Async callback was not invoked within the 5000 ms timeout specified by jest.setTimeout.</message>
                <stack-trace>Timeout - Async callback was not invoked within the 5000 ms timeout specified by jest.setTimeout.Error: 
                    at new Spec (/Users/davidle/qa-automationtest/node_modules/jest-jasmine2/build/jasmine/Spec.js:116:22)
                    at new Spec (/Users/davidle/qa-automationtest/node_modules/jest-jasmine2/build/setup_jest_globals.js:78:9)
                    at specFactory (/Users/davidle/qa-automationtest/node_modules/jest-jasmine2/build/jasmine/Env.js:523:24)
                    at Env.it (/Users/davidle/qa-automationtest/node_modules/jest-jasmine2/build/jasmine/Env.js:592:24)
                    at Env.it (/Users/davidle/qa-automationtest/node_modules/jest-jasmine2/build/jasmineAsyncInstall.js:134:23)
                    at test (/Users/davidle/qa-automationtest/node_modules/jest-jasmine2/build/jasmine/jasmineLight.js:100:21)
                    at Suite.Object.&lt;anonymous>.describe (/Users/davidle/qa-automationtest/tests/deposite-withdraw/withdraw-mail-login.test.js:55:3)
                    at addSpecsToSuite (/Users/davidle/qa-automationtest/node_modules/jest-jasmine2/build/jasmine/Env.js:444:51)
                    at Env.describe (/Users/davidle/qa-automationtest/node_modules/jest-jasmine2/build/jasmine/Env.js:414:11)
                    at describe (/Users/davidle/qa-automationtest/node_modules/jest-jasmine2/build/jasmine/jasmineLight.js:88:18)
                    at Object.&lt;anonymous> (/Users/davidle/qa-automationtest/tests/deposite-withdraw/withdraw-mail-login.test.js:25:1)
                    at Runtime._execModule (/Users/davidle/qa-automationtest/node_modules/jest-runtime/build/index.js:1299:24)
                    at Runtime._loadModule (/Users/davidle/qa-automationtest/node_modules/jest-runtime/build/index.js:898:12)
                    at Runtime.requireModule (/Users/davidle/qa-automationtest/node_modules/jest-runtime/build/index.js:746:10)
                    at jasmine2 (/Users/davidle/qa-automationtest/node_modules/jest-jasmine2/build/index.js:230:13)
                    at runTestInternal (/Users/davidle/qa-automationtest/node_modules/jest-runner/build/runTest.js:380:22)
                    at process._tickCallback (internal/process/next_tick.js:68:7)</stack-trace>
            </failure>
        </test-case>
        <test-case start='1609670610056' status='failed' stop='1609670615065'>
            <name>Click on Withdraw button and check if ZED balance is updated</name>
            <title>Click on Withdraw button and check if ZED balance is updated</title>
            <labels/>
            <parameters/>
            <steps/>
            <attachments/>
            <failure>
                <message>: Timeout - Async callback was not invoked within the 5000 ms timeout specified by jest.setTimeout.</message>
                <stack-trace>Timeout - Async callback was not invoked within the 5000 ms timeout specified by jest.setTimeout.Error: 
                    at new Spec (/Users/davidle/qa-automationtest/node_modules/jest-jasmine2/build/jasmine/Spec.js:116:22)
                    at new Spec (/Users/davidle/qa-automationtest/node_modules/jest-jasmine2/build/setup_jest_globals.js:78:9)
                    at specFactory (/Users/davidle/qa-automationtest/node_modules/jest-jasmine2/build/jasmine/Env.js:523:24)
                    at Env.it (/Users/davidle/qa-automationtest/node_modules/jest-jasmine2/build/jasmine/Env.js:592:24)
                    at Env.it (/Users/davidle/qa-automationtest/node_modules/jest-jasmine2/build/jasmineAsyncInstall.js:92:25)
                    at test (/Users/davidle/qa-automationtest/node_modules/jest-jasmine2/build/jasmine/jasmineLight.js:100:21)
                    at Suite.Object.&lt;anonymous>.describe (/Users/davidle/qa-automationtest/tests/deposite-withdraw/withdraw-mail-login.test.js:63:3)
                    at addSpecsToSuite (/Users/davidle/qa-automationtest/node_modules/jest-jasmine2/build/jasmine/Env.js:444:51)
                    at Env.describe (/Users/davidle/qa-automationtest/node_modules/jest-jasmine2/build/jasmine/Env.js:414:11)
                    at describe (/Users/davidle/qa-automationtest/node_modules/jest-jasmine2/build/jasmine/jasmineLight.js:88:18)
                    at Object.&lt;anonymous> (/Users/davidle/qa-automationtest/tests/deposite-withdraw/withdraw-mail-login.test.js:25:1)
                    at Runtime._execModule (/Users/davidle/qa-automationtest/node_modules/jest-runtime/build/index.js:1299:24)
                    at Runtime._loadModule (/Users/davidle/qa-automationtest/node_modules/jest-runtime/build/index.js:898:12)
                    at Runtime.requireModule (/Users/davidle/qa-automationtest/node_modules/jest-runtime/build/index.js:746:10)
                    at jasmine2 (/Users/davidle/qa-automationtest/node_modules/jest-jasmine2/build/index.js:230:13)
                    at runTestInternal (/Users/davidle/qa-automationtest/node_modules/jest-runner/build/runTest.js:380:22)
                    at process._tickCallback (internal/process/next_tick.js:68:7)</stack-trace>
            </failure>
        </test-case>
    </test-cases>
</ns2:test-suite>