<?xml version='1.0'?>
<ns2:test-suite xmlns:ns2='urn:model.allure.qatools.yandex.ru' start='1617814248502' stop='1617814421732'>
    <name>Transfer horse to other wallet address - Logging with Metamask</name>
    <title>Transfer horse to other wallet address - Logging with Metamask</title>
    <test-cases>
        <test-case start='1617814248502' status='passed' stop='1617814252148'>
            <name>Update metamask info</name>
            <title>Update metamask info</title>
            <labels/>
            <parameters/>
            <steps/>
            <attachments/>
        </test-case>
        <test-case start='1617814252148' status='passed' stop='1617814264073'>
            <name>Open ZedRun page and click Connnect Metamask</name>
            <title>Open ZedRun page and click Connnect Metamask</title>
            <labels/>
            <parameters/>
            <steps/>
            <attachments/>
        </test-case>
        <test-case start='1617814264073' status='passed' stop='1617814267891'>
            <name>Wait until homepage is loading</name>
            <title>Wait until homepage is loading</title>
            <labels/>
            <parameters/>
            <steps/>
            <attachments/>
        </test-case>
        <test-case start='1617814267891' status='passed' stop='1617814268523'>
            <name>Go to My Settings page then click on Select Racehorse</name>
            <title>Go to My Settings page then click on Select Racehorse</title>
            <labels/>
            <parameters/>
            <steps/>
            <attachments/>
        </test-case>
        <test-case start='1617814268523' status='failed' stop='1617814388536'>
            <name>Select horse then click on Transfer button</name>
            <title>Select horse then click on Transfer button</title>
            <labels/>
            <parameters/>
            <steps/>
            <attachments/>
            <failure>
                <message>: Timeout - Async callback was not invoked within the 120000 ms timeout specified by jest.setTimeout.</message>
                <stack-trace>Timeout - Async callback was not invoked within the 120000 ms timeout specified by jest.setTimeout.Error: 
                    at new Spec (/Users/davidle/zed-automation/node_modules/jest-jasmine2/build/jasmine/Spec.js:116:22)
                    at new Spec (/Users/davidle/zed-automation/node_modules/jest-jasmine2/build/setup_jest_globals.js:78:9)
                    at specFactory (/Users/davidle/zed-automation/node_modules/jest-jasmine2/build/jasmine/Env.js:523:24)
                    at Env.it (/Users/davidle/zed-automation/node_modules/jest-jasmine2/build/jasmine/Env.js:592:24)
                    at Env.it (/Users/davidle/zed-automation/node_modules/jest-jasmine2/build/jasmineAsyncInstall.js:134:23)
                    at it (/Users/davidle/zed-automation/node_modules/jest-jasmine2/build/jasmine/jasmineLight.js:100:21)
                    at test (/Users/davidle/zed-automation/node_modules/jest-retries/src/retry.js:28:5)
                    at Suite.Object.&lt;anonymous>.describe (/Users/davidle/zed-automation/tests/transfer-horse/metamask-transfer-horse.test.js:111:3)
                    at addSpecsToSuite (/Users/davidle/zed-automation/node_modules/jest-jasmine2/build/jasmine/Env.js:444:51)
                    at Env.describe (/Users/davidle/zed-automation/node_modules/jest-jasmine2/build/jasmine/Env.js:414:11)
                    at describe (/Users/davidle/zed-automation/node_modules/jest-jasmine2/build/jasmine/jasmineLight.js:88:18)
                    at Object.&lt;anonymous> (/Users/davidle/zed-automation/tests/transfer-horse/metamask-transfer-horse.test.js:45:1)
                    at Runtime._execModule (/Users/davidle/zed-automation/node_modules/jest-runtime/build/index.js:1299:24)
                    at Runtime._loadModule (/Users/davidle/zed-automation/node_modules/jest-runtime/build/index.js:898:12)
                    at Runtime.requireModule (/Users/davidle/zed-automation/node_modules/jest-runtime/build/index.js:746:10)
                    at jasmine2 (/Users/davidle/zed-automation/node_modules/jest-jasmine2/build/index.js:230:13)
                    at runTestInternal (/Users/davidle/zed-automation/node_modules/jest-runner/build/runTest.js:380:22)</stack-trace>
            </failure>
        </test-case>
        <test-case start='1617814388536' status='failed' stop='1617814418546'>
            <name>Confirm the transfer</name>
            <title>Confirm the transfer</title>
            <labels/>
            <parameters/>
            <steps/>
            <attachments/>
            <failure>
                <message>TimeoutError: Timeout while waiting for event "page"
                Note: use DEBUG=pw:api environment variable and rerun to capture Playwright logs.</message>
                <stack-trace>TimeoutError: Timeout while waiting for event "page"
                Note: use DEBUG=pw:api environment variable and rerun to capture Playwright logs.
                    at _rejectOn.promise.then (/Users/davidle/zed-automation/node_modules/playwright/lib/client/waiter.js:40:51)</stack-trace>
            </failure>
        </test-case>
        <test-case start='1617814418547' status='failed' stop='1617814421732'>
            <name>Check that we can not search this horse anymore</name>
            <title>Check that we can not search this horse anymore</title>
            <labels/>
            <parameters/>
            <steps/>
            <attachments/>
            <failure>
                <message>Error: User avatar is not present</message>
                <stack-trace>Error: User avatar is not present
                    at HomePage.clickOnUserAvatar (/Users/davidle/zed-automation/pages/HomePage.js:430:13)</stack-trace>
            </failure>
        </test-case>
    </test-cases>
</ns2:test-suite>