<?xml version='1.0'?>
<ns2:test-suite xmlns:ns2='urn:model.allure.qatools.yandex.ru' start='1626598613968' stop='1626598629192'>
    <name>Pick horses and add into the entry with fee racing when logged by Meta Mask</name>
    <title>Pick horses and add into the entry with fee racing when logged by Meta Mask</title>
    <test-cases>
        <test-case start='1626598613968' status='passed' stop='1626598613974'>
            <name>Get token</name>
            <title>Get token</title>
            <labels/>
            <parameters/>
            <steps/>
            <attachments/>
        </test-case>
        <test-case start='1626598613974' status='failed' stop='1626598629159'>
            <name>Update metamask info</name>
            <title>Update metamask info</title>
            <labels/>
            <parameters/>
            <steps/>
            <attachments/>
            <failure>
                <message>Error: Target page, context or browser has been closed</message>
                <stack-trace>Target page, context or browser has been closed: 
                    at Connection.sendMessageToServer (/Users/davidle/zed-automation/node_modules/playwright/lib/client/connection.js:69:15)
                    at Proxy.&lt;anonymous> (/Users/davidle/zed-automation/node_modules/playwright/lib/client/channelOwner.js:44:61)
                    at Page.setDefaultTimeout (/Users/davidle/zed-automation/node_modules/playwright/lib/client/page.js:189:23)
                    at new MetamaskPage (/Users/davidle/zed-automation/pages/MetamaskPage.js:20:15)
                    at test (/Users/davidle/zed-automation/tests/gate-nomination/dual-horse-paid-metamask.test.js:64:20)
                    at Promise (/Users/davidle/zed-automation/node_modules/jest-retries/src/retry.js:3:24)
                    at new Promise (&lt;anonymous>)
                    at runTest (/Users/davidle/zed-automation/node_modules/jest-retries/src/retry.js:2:12)
                    at Object.test (/Users/davidle/zed-automation/node_modules/jest-retries/src/retry.js:32:23)</stack-trace>
            </failure>
        </test-case>
        <test-case start='1626598629159' status='failed' stop='1626598629169'>
            <name>Open ZedRun page and click Connect Metamask</name>
            <title>Open ZedRun page and click Connect Metamask</title>
            <labels/>
            <parameters/>
            <steps/>
            <attachments/>
            <failure>
                <message>Error: Get Started button is not present or clickable</message>
                <stack-trace>Error: Get Started button is not present or clickable
                    at MetamaskPage.clickOnGetStartedButton (/Users/davidle/zed-automation/pages/MetamaskPage.js:38:13)</stack-trace>
            </failure>
        </test-case>
        <test-case start='1626598629169' status='failed' stop='1626598629190'>
            <name>Check that the ZED app is loading successfully</name>
            <title>Check that the ZED app is loading successfully</title>
            <labels/>
            <parameters/>
            <steps/>
            <attachments/>
            <failure>
                <message>TypeError: Cannot read property 'setDefaultTimeout' of undefined</message>
                <stack-trace>TypeError: Cannot read property 'setDefaultTimeout' of undefined
                    at new HomePage (/Users/davidle/zed-automation/pages/HomePage.js:34:15)
                    at test (/Users/davidle/zed-automation/tests/gate-nomination/dual-horse-paid-metamask.test.js:111:16)
                    at Promise (/Users/davidle/zed-automation/node_modules/jest-retries/src/retry.js:3:24)
                    at new Promise (&lt;anonymous>)
                    at runTest (/Users/davidle/zed-automation/node_modules/jest-retries/src/retry.js:2:12)
                    at Object.test (/Users/davidle/zed-automation/node_modules/jest-retries/src/retry.js:32:23)
                    at Object.asyncJestTest (/Users/davidle/zed-automation/node_modules/jest-jasmine2/build/jasmineAsyncInstall.js:106:37)
                    at resolve (/Users/davidle/zed-automation/node_modules/jest-jasmine2/build/queueRunner.js:45:12)
                    at new Promise (&lt;anonymous>)
                    at mapper (/Users/davidle/zed-automation/node_modules/jest-jasmine2/build/queueRunner.js:28:19)
                    at promise.then (/Users/davidle/zed-automation/node_modules/jest-jasmine2/build/queueRunner.js:75:41)
                    at process._tickCallback (internal/process/next_tick.js:68:7)</stack-trace>
            </failure>
        </test-case>
        <test-case start='1626598629190' status='failed' stop='1626598629191'>
            <name>Select a racehorses to add into the paid entry racing</name>
            <title>Select a racehorses to add into the paid entry racing</title>
            <labels/>
            <parameters/>
            <steps/>
            <attachments/>
            <failure>
                <message>TypeError: Cannot read property 'clickOnRacingLink' of undefined</message>
                <stack-trace>TypeError: Cannot read property 'clickOnRacingLink' of undefined
                    at test (/Users/davidle/zed-automation/tests/gate-nomination/dual-horse-paid-metamask.test.js:117:20)
                    at Promise (/Users/davidle/zed-automation/node_modules/jest-retries/src/retry.js:3:24)
                    at new Promise (&lt;anonymous>)
                    at runTest (/Users/davidle/zed-automation/node_modules/jest-retries/src/retry.js:2:12)
                    at Object.test (/Users/davidle/zed-automation/node_modules/jest-retries/src/retry.js:32:23)
                    at Object.asyncJestTest (/Users/davidle/zed-automation/node_modules/jest-jasmine2/build/jasmineAsyncInstall.js:106:37)
                    at resolve (/Users/davidle/zed-automation/node_modules/jest-jasmine2/build/queueRunner.js:45:12)
                    at new Promise (&lt;anonymous>)
                    at mapper (/Users/davidle/zed-automation/node_modules/jest-jasmine2/build/queueRunner.js:28:19)
                    at promise.then (/Users/davidle/zed-automation/node_modules/jest-jasmine2/build/queueRunner.js:75:41)
                    at process._tickCallback (internal/process/next_tick.js:68:7)</stack-trace>
            </failure>
        </test-case>
        <test-case start='1626598629191' status='failed' stop='1626598629192'>
            <name>Assign horse to paid races</name>
            <title>Assign horse to paid races</title>
            <labels/>
            <parameters/>
            <steps/>
            <attachments/>
            <failure>
                <message>TypeError: Cannot read property 'waitForLoadState' of undefined</message>
                <stack-trace>TypeError: Cannot read property 'waitForLoadState' of undefined
                    at test (/Users/davidle/zed-automation/tests/gate-nomination/dual-horse-paid-metamask.test.js:128:22)
                    at Promise (/Users/davidle/zed-automation/node_modules/jest-retries/src/retry.js:3:24)
                    at new Promise (&lt;anonymous>)
                    at runTest (/Users/davidle/zed-automation/node_modules/jest-retries/src/retry.js:2:12)
                    at Object.test (/Users/davidle/zed-automation/node_modules/jest-retries/src/retry.js:32:23)
                    at Object.asyncJestTest (/Users/davidle/zed-automation/node_modules/jest-jasmine2/build/jasmineAsyncInstall.js:106:37)
                    at resolve (/Users/davidle/zed-automation/node_modules/jest-jasmine2/build/queueRunner.js:45:12)
                    at new Promise (&lt;anonymous>)
                    at mapper (/Users/davidle/zed-automation/node_modules/jest-jasmine2/build/queueRunner.js:28:19)
                    at promise.then (/Users/davidle/zed-automation/node_modules/jest-jasmine2/build/queueRunner.js:75:41)
                    at process._tickCallback (internal/process/next_tick.js:68:7)</stack-trace>
            </failure>
        </test-case>
    </test-cases>
</ns2:test-suite>