<?xml version='1.0'?>
<ns2:test-suite xmlns:ns2='urn:model.allure.qatools.yandex.ru' start='1629857582213' stop='1629857591850'>
    <name>Deposite to ZED balance by logging in with magic link</name>
    <title>Deposite to ZED balance by logging in with magic link</title>
    <test-cases>
        <test-case start='1629857582213' status='failed' stop='1629857587104'>
            <name>Open ZedRun page and input valid email to generate magic link</name>
            <title>Open ZedRun page and input valid email to generate magic link</title>
            <labels/>
            <parameters/>
            <steps/>
            <attachments/>
            <failure>
                <message>Error: Unable to launch the url </message>
                <stack-trace>Error: Unable to launch the url 
                    at LoginPage.navigate (/Users/development/workspace/qa-automationtest/pages/LoginPage.js:33:13)
                    at /Users/development/workspace/qa-automationtest/tests/deposite-withdraw/deposite-mail-login.test.js:36:7
                    at Object.&lt;anonymous> (/Users/development/workspace/qa-automationtest/node_modules/jest-retries/src/retry.js:32:17)</stack-trace>
            </failure>
        </test-case>
        <test-case start='1629857587105' status='passed' stop='1629857589205'>
            <name>Check mail inbox to get magic link</name>
            <title>Check mail inbox to get magic link</title>
            <labels/>
            <parameters/>
            <steps/>
            <attachments/>
        </test-case>
        <test-case start='1629857589205' status='passed' stop='1629857591771'>
            <name>Open new browser with magic link</name>
            <title>Open new browser with magic link</title>
            <labels/>
            <parameters/>
            <steps/>
            <attachments/>
        </test-case>
        <test-case start='1629857591771' status='failed' stop='1629857591783'>
            <name>Wait until wallet icon is shown then click on Wallet icon</name>
            <title>Wait until wallet icon is shown then click on Wallet icon</title>
            <labels/>
            <parameters/>
            <steps/>
            <attachments/>
            <failure>
                <message>Error: Target page, context or browser has been closed</message>
                <stack-trace>Target page, context or browser has been closed
                Error: 
                    at Object.captureStackTrace (/Users/development/workspace/qa-automationtest/node_modules/playwright/lib/utils/stackTrace.js:48:19)
                    at Connection.sendMessageToServer (/Users/development/workspace/qa-automationtest/node_modules/playwright/lib/client/connection.js:69:48)
                    at Proxy.&lt;anonymous> (/Users/development/workspace/qa-automationtest/node_modules/playwright/lib/client/channelOwner.js:64:61)
                    at Page.setDefaultTimeout (/Users/development/workspace/qa-automationtest/node_modules/playwright/lib/client/page.js:215:23)
                    at new HomePage (/Users/development/workspace/qa-automationtest/pages/HomePage.js:34:15)
                    at /Users/development/workspace/qa-automationtest/tests/deposite-withdraw/deposite-mail-login.test.js:66:18
                    at /Users/development/workspace/qa-automationtest/node_modules/jest-retries/src/retry.js:3:24
                    at new Promise (&lt;anonymous>)
                    at runTest (/Users/development/workspace/qa-automationtest/node_modules/jest-retries/src/retry.js:2:12)
                    at Object.&lt;anonymous> (/Users/development/workspace/qa-automationtest/node_modules/jest-retries/src/retry.js:32:23)
                    at Object.asyncJestTest (/Users/development/workspace/qa-automationtest/node_modules/jest-jasmine2/build/jasmineAsyncInstall.js:106:37)
                    at /Users/development/workspace/qa-automationtest/node_modules/jest-jasmine2/build/queueRunner.js:45:12
                    at new Promise (&lt;anonymous>)
                    at mapper (/Users/development/workspace/qa-automationtest/node_modules/jest-jasmine2/build/queueRunner.js:28:19)
                    at /Users/development/workspace/qa-automationtest/node_modules/jest-jasmine2/build/queueRunner.js:75:41</stack-trace>
            </failure>
        </test-case>
        <test-case start='1629857591783' status='failed' stop='1629857591850'>
            <name>Click on Deposit button and check if ETH balance is updated</name>
            <title>Click on Deposit button and check if ETH balance is updated</title>
            <labels/>
            <parameters/>
            <steps/>
            <attachments/>
            <failure>
                <message>Error: Target page, context or browser has been closed</message>
                <stack-trace>Target page, context or browser has been closed
                Error: 
                    at Object.captureStackTrace (/Users/development/workspace/qa-automationtest/node_modules/playwright/lib/utils/stackTrace.js:48:19)
                    at Connection.sendMessageToServer (/Users/development/workspace/qa-automationtest/node_modules/playwright/lib/client/connection.js:69:48)
                    at Proxy.&lt;anonymous> (/Users/development/workspace/qa-automationtest/node_modules/playwright/lib/client/channelOwner.js:64:61)
                    at Page.setDefaultTimeout (/Users/development/workspace/qa-automationtest/node_modules/playwright/lib/client/page.js:215:23)
                    at new WalletPage (/Users/development/workspace/qa-automationtest/pages/WalletPage.js:23:15)
                    at /Users/development/workspace/qa-automationtest/tests/deposite-withdraw/deposite-mail-login.test.js:78:20
                    at /Users/development/workspace/qa-automationtest/node_modules/jest-retries/src/retry.js:3:24
                    at new Promise (&lt;anonymous>)
                    at runTest (/Users/development/workspace/qa-automationtest/node_modules/jest-retries/src/retry.js:2:12)
                    at Object.&lt;anonymous> (/Users/development/workspace/qa-automationtest/node_modules/jest-retries/src/retry.js:32:23)
                    at Object.asyncJestTest (/Users/development/workspace/qa-automationtest/node_modules/jest-jasmine2/build/jasmineAsyncInstall.js:106:37)
                    at /Users/development/workspace/qa-automationtest/node_modules/jest-jasmine2/build/queueRunner.js:45:12
                    at new Promise (&lt;anonymous>)
                    at mapper (/Users/development/workspace/qa-automationtest/node_modules/jest-jasmine2/build/queueRunner.js:28:19)
                    at /Users/development/workspace/qa-automationtest/node_modules/jest-jasmine2/build/queueRunner.js:75:41
                    at processTicksAndRejections (internal/process/task_queues.js:95:5)
                    at runNextTicks (internal/process/task_queues.js:64:3)
                    at processImmediate (internal/timers.js:437:9)</stack-trace>
            </failure>
        </test-case>
    </test-cases>
</ns2:test-suite>